INFO: [HLS 200-10] Running 'C:/Xilinx/Vitis_HLS/2022.2/bin/unwrapped/win64.o/vitis_hls.exe'
INFO: [HLS 200-10] For user 'stavs' on host 'st_e14' (Windows NT_amd64 version 6.2) on Tue Mar 24 17:14:40 +0100 2026
INFO: [HLS 200-10] In directory 'C:/Users/stavs/Documents/Lab_HW_SW/Midterm_V2/CNN_PROJECT/Conv2D_HW_InitVersion/Lab_HW_SW_CNN_Dogs_Cats_2026/Task2'
Sourcing Tcl script 'C:/Users/stavs/Documents/Lab_HW_SW/Midterm_V2/CNN_PROJECT/Conv2D_HW_InitVersion/Lab_HW_SW_CNN_Dogs_Cats_2026/Task2/Task2_Vitis/solution1/export.tcl'
INFO: [HLS 200-1510] Running: source C:/Users/stavs/Documents/Lab_HW_SW/Midterm_V2/CNN_PROJECT/Conv2D_HW_InitVersion/Lab_HW_SW_CNN_Dogs_Cats_2026/Task2/Task2_Vitis/solution1/export.tcl
INFO: [HLS 200-1510] Running: open_project Task2_Vitis 
INFO: [HLS 200-10] Opening project 'C:/Users/stavs/Documents/Lab_HW_SW/Midterm_V2/CNN_PROJECT/Conv2D_HW_InitVersion/Lab_HW_SW_CNN_Dogs_Cats_2026/Task2/Task2_Vitis'.
INFO: [HLS 200-1510] Running: set_top Conv2D_HW 
INFO: [HLS 200-1510] Running: add_files src/conv2d.cpp 
INFO: [HLS 200-10] Adding design file 'src/conv2d.cpp' to the project
INFO: [HLS 200-1510] Running: add_files src/conv2d.hpp 
INFO: [HLS 200-10] Adding design file 'src/conv2d.hpp' to the project
INFO: [HLS 200-1510] Running: add_files -tb src/conv2DTestbench.cpp 
INFO: [HLS 200-10] Adding test bench file 'src/conv2DTestbench.cpp' to the project
INFO: [HLS 200-1510] Running: open_solution solution1 -flow_target vivado 
INFO: [HLS 200-10] Opening solution 'C:/Users/stavs/Documents/Lab_HW_SW/Midterm_V2/CNN_PROJECT/Conv2D_HW_InitVersion/Lab_HW_SW_CNN_Dogs_Cats_2026/Task2/Task2_Vitis/solution1'.
INFO: [SYN 201-201] Setting up clock 'default' with a period of 10ns.
INFO: [HLS 200-1611] Setting target device to 'xc7z020i-clg400-1L'
INFO: [HLS 200-1505] Using flow_target 'vivado'
Resolution: For help on HLS 200-1505 see www.xilinx.com/cgi-bin/docs/rdoc?v=2022.2;t=hls+guidance;d=200-1505.html
INFO: [HLS 200-1464] Running solution command: config_export -output=C:/Users/stavs/Documents/Lab_HW_SW/Midterm_V2/CNN_PROJECT/Conv2D_HW_InitVersion/Lab_HW_SW_CNN_Dogs_Cats_2026/Task2
INFO: [HLS 200-1510] Running: set_part xc7z020iclg400-1L 
INFO: [HLS 200-1510] Running: create_clock -period 10 -name default 
INFO: [SYN 201-201] Setting up clock 'default' with a period of 10ns.
INFO: [HLS 200-1510] Running: config_export -output C:/Users/stavs/Documents/Lab_HW_SW/Midterm_V2/CNN_PROJECT/Conv2D_HW_InitVersion/Lab_HW_SW_CNN_Dogs_Cats_2026/Task2 
INFO: [HLS 200-1510] Running: export_design -rtl verilog -format ip_catalog -output C:/Users/stavs/Documents/Lab_HW_SW/Midterm_V2/CNN_PROJECT/Conv2D_HW_InitVersion/Lab_HW_SW_CNN_Dogs_Cats_2026/Task2 
Running Dispatch Server on port: 64358
INFO: [IMPL 213-8] Exporting RTL as a Vivado IP.

****** Vivado v2022.2 (64-bit)
  **** SW Build 3671981 on Fri Oct 14 05:00:03 MDT 2022
  **** IP Build 3669848 on Fri Oct 14 08:30:02 MDT 2022
    ** Copyright 1986-2022 Xilinx, Inc. All Rights Reserved.

source run_ippack.tcl -notrace
INFO: [IP_Flow 19-234] Refreshing IP repositories
INFO: [IP_Flow 19-1704] No user IP repositories specified
INFO: [IP_Flow 19-2313] Loaded Vivado IP repository 'C:/Xilinx/Vivado/2022.2/data/ip'.
INFO: [Common 17-206] Exiting Vivado at Tue Mar 24 17:14:56 2026...
INFO: [HLS 200-802] Generated output file export.zip
INFO: [HLS 200-111] Finished Command export_design CPU user time: 1 seconds. CPU system time: 1 seconds. Elapsed time: 5.906 seconds; current allocated memory: 9.539 MB.
INFO: [HLS 200-112] Total CPU user time: 2 seconds. Total CPU system time: 1 seconds. Total elapsed time: 16.831 seconds; peak allocated memory: 115.961 MB.
