

================================================================
== Vitis HLS Report for 'Conv2D_HW_Pipeline_loop_acc_x'
================================================================
* Date:           Tue Mar 24 17:13:58 2026

* Version:        2022.2 (Build 3670227 on Oct 13 2022)
* Project:        Task2_Vitis
* Solution:       solution1 (Vivado IP Flow Target)
* Product family: zynq
* Target device:  xc7z020i-clg400-1L


================================================================
== Performance Estimates
================================================================
+ Timing: 
    * Summary: 
    +--------+----------+----------+------------+
    |  Clock |  Target  | Estimated| Uncertainty|
    +--------+----------+----------+------------+
    |ap_clk  |  10.00 ns|  8.584 ns|     2.70 ns|
    +--------+----------+----------+------------+

+ Latency: 
    * Summary: 
    +---------+---------+----------+----------+-----+-----+---------+
    |  Latency (cycles) |  Latency (absolute) |  Interval | Pipeline|
    |   min   |   max   |    min   |    max   | min | max |   Type  |
    +---------+---------+----------+----------+-----+-----+---------+
    |        ?|        ?|         ?|         ?|    ?|    ?|       no|
    +---------+---------+----------+----------+-----+-----+---------+

    + Detail: 
        * Instance: 
        N/A

        * Loop: 
        +-------------------------------------------+---------+---------+----------+-----------+-----------+------+----------+
        |                                           |  Latency (cycles) | Iteration|  Initiation Interval  | Trip |          |
        |                 Loop Name                 |   min   |   max   |  Latency |  achieved |   target  | Count| Pipelined|
        +-------------------------------------------+---------+---------+----------+-----------+-----------+------+----------+
        |- loop_acc_channels_loop_acc_y_loop_acc_x  |        ?|        ?|        18|          1|          1|     ?|       yes|
        +-------------------------------------------+---------+---------+----------+-----------+-----------+------+----------+



================================================================
== Utilization Estimates
================================================================
* Summary: 
+-----------------+---------+-----+--------+-------+-----+
|       Name      | BRAM_18K| DSP |   FF   |  LUT  | URAM|
+-----------------+---------+-----+--------+-------+-----+
|DSP              |        -|    -|       -|      -|    -|
|Expression       |        -|    -|       0|   1038|    -|
|FIFO             |        -|    -|       -|      -|    -|
|Instance         |        -|    6|     330|    156|    -|
|Memory           |        -|    -|       -|      -|    -|
|Multiplexer      |        -|    -|       -|    108|    -|
|Register         |        -|    -|    1389|    224|    -|
+-----------------+---------+-----+--------+-------+-----+
|Total            |        0|    6|    1719|   1526|    0|
+-----------------+---------+-----+--------+-------+-----+
|Available        |      280|  220|  106400|  53200|    0|
+-----------------+---------+-----+--------+-------+-----+
|Utilization (%)  |        0|    2|       1|      2|    0|
+-----------------+---------+-----+--------+-------+-----+

+ Detail: 
    * Instance: 
    +------------------------+--------------------+---------+----+-----+----+-----+
    |        Instance        |       Module       | BRAM_18K| DSP|  FF | LUT| URAM|
    +------------------------+--------------------+---------+----+-----+----+-----+
    |mul_32s_32s_32_2_1_U28  |mul_32s_32s_32_2_1  |        0|   3|  165|  50|    0|
    |mul_32s_32s_52_2_1_U33  |mul_32s_32s_52_2_1  |        0|   3|  165|  50|    0|
    |mux_32_32_1_1_U29       |mux_32_32_1_1       |        0|   0|    0|  14|    0|
    |mux_32_32_1_1_U30       |mux_32_32_1_1       |        0|   0|    0|  14|    0|
    |mux_32_32_1_1_U31       |mux_32_32_1_1       |        0|   0|    0|  14|    0|
    |mux_32_32_1_1_U32       |mux_32_32_1_1       |        0|   0|    0|  14|    0|
    +------------------------+--------------------+---------+----+-----+----+-----+
    |Total                   |                    |        0|   6|  330| 156|    0|
    +------------------------+--------------------+---------+----+-----+----+-----+

    * DSP: 
    N/A

    * Memory: 
    N/A

    * FIFO: 
    N/A

    * Expression: 
    +------------------------------------+----------+----+---+-----+------------+------------+
    |            Variable Name           | Operation| DSP| FF| LUT | Bitwidth P0| Bitwidth P1|
    +------------------------------------+----------+----+---+-----+------------+------------+
    |acc_1_fu_777_p2                     |         +|   0|  0|   39|          32|          32|
    |add_ln58_1_fu_665_p2                |         +|   0|  0|   71|          64|          64|
    |add_ln58_fu_649_p2                  |         +|   0|  0|   41|          34|          34|
    |add_ln60_1_fu_406_p2                |         +|   0|  0|  103|          96|           1|
    |add_ln60_fu_395_p2                  |         +|   0|  0|   39|          32|           1|
    |add_ln61_1_fu_425_p2                |         +|   0|  0|   71|          64|           1|
    |add_ln61_fu_507_p2                  |         +|   0|  0|   39|          32|           1|
    |add_ln62_fu_561_p2                  |         +|   0|  0|   39|          32|           1|
    |empty_40_fu_465_p2                  |         +|   0|  0|   39|          32|          32|
    |p_mid1_fu_532_p2                    |         +|   0|  0|   39|          32|          32|
    |tmp5_fu_599_p2                      |         +|   0|  0|   40|          33|          33|
    |tmp5_mid1119_fu_617_p2              |         +|   0|  0|   40|          33|          33|
    |tmp5_mid1_fu_632_p2                 |         +|   0|  0|   40|          33|          33|
    |ap_block_pp0_stage0_01001           |       and|   0|  0|    2|           1|           1|
    |ap_block_state16_pp0_stage0_iter15  |       and|   0|  0|    2|           1|           1|
    |ap_block_state9_io                  |       and|   0|  0|    2|           1|           1|
    |icmp_ln60_fu_401_p2                 |      icmp|   0|  0|   39|          96|          96|
    |icmp_ln61_fu_412_p2                 |      icmp|   0|  0|   29|          64|          64|
    |icmp_ln62_fu_496_p2                 |      icmp|   0|  0|   18|          32|          32|
    |ap_block_pp0_stage0_11001           |        or|   0|  0|    2|           1|           1|
    |or_ln58_1_fu_519_p2                 |        or|   0|  0|    2|           1|           1|
    |or_ln58_fu_513_p2                   |        or|   0|  0|    2|           1|           1|
    |or_ln60_fu_484_p2                   |        or|   0|  0|    2|           1|           1|
    |select_ln58_1_fu_638_p3             |    select|   0|  0|   33|           1|          33|
    |select_ln58_2_fu_541_p3             |    select|   0|  0|    2|           1|           2|
    |select_ln58_fu_524_p3               |    select|   0|  0|   32|           1|           1|
    |select_ln60_1_fu_417_p3             |    select|   0|  0|   32|           1|          32|
    |select_ln60_2_fu_608_p3             |    select|   0|  0|   32|           1|          32|
    |select_ln60_3_fu_622_p3             |    select|   0|  0|   33|           1|          33|
    |select_ln60_4_fu_489_p3             |    select|   0|  0|    2|           1|           1|
    |select_ln60_5_fu_501_p3             |    select|   0|  0|    2|           1|           1|
    |select_ln60_fu_477_p3               |    select|   0|  0|   32|           1|           1|
    |select_ln61_1_fu_431_p3             |    select|   0|  0|   64|           1|           1|
    |select_ln61_fu_549_p3               |    select|   0|  0|   32|           1|          32|
    |ap_enable_pp0                       |       xor|   0|  0|    2|           1|           2|
    +------------------------------------+----------+----+---+-----+------------+------------+
    |Total                               |          |   0|  0| 1038|         760|         668|
    +------------------------------------+----------+----+---+-----+------------+------------+

    * Multiplexer: 
    +---------------------------------------+----+-----------+-----+-----------+
    |                  Name                 | LUT| Input Size| Bits| Total Bits|
    +---------------------------------------+----+-----------+-----+-----------+
    |acc_fu_116                             |   9|          2|   32|         64|
    |ap_done_int                            |   9|          2|    1|          2|
    |ap_enable_reg_pp0_iter1                |   9|          2|    1|          2|
    |ap_enable_reg_pp0_iter7                |   9|          2|    1|          2|
    |ap_phi_mux_first_iter_1_phi_fu_340_p4  |   9|          2|    1|          2|
    |cx_fu_120                              |   9|          2|   32|         64|
    |cy_fu_124                              |   9|          2|   32|         64|
    |gmem0_blk_n_AR                         |   9|          2|    1|          2|
    |gmem0_blk_n_R                          |   9|          2|    1|          2|
    |iChannel_1_fu_132                      |   9|          2|   32|         64|
    |indvar_flatten161_fu_136               |   9|          2|   96|        192|
    |indvar_flatten70_fu_128                |   9|          2|   64|        128|
    +---------------------------------------+----+-----------+-----+-----------+
    |Total                                  | 108|         24|  294|        588|
    +---------------------------------------+----+-----------+-----+-----------+

    * Register: 
    +-----------------------------------+----+----+-----+-----------+
    |                Name               | FF | LUT| Bits| Const Bits|
    +-----------------------------------+----+----+-----+-----------+
    |acc_fu_116                         |  32|   0|   32|          0|
    |add_ln58_reg_983                   |  34|   0|   34|          0|
    |add_ln60_reg_895                   |  32|   0|   32|          0|
    |ap_CS_fsm                          |   1|   0|    1|          0|
    |ap_done_reg                        |   1|   0|    1|          0|
    |ap_enable_reg_pp0_iter1            |   1|   0|    1|          0|
    |ap_enable_reg_pp0_iter10           |   1|   0|    1|          0|
    |ap_enable_reg_pp0_iter11           |   1|   0|    1|          0|
    |ap_enable_reg_pp0_iter12           |   1|   0|    1|          0|
    |ap_enable_reg_pp0_iter13           |   1|   0|    1|          0|
    |ap_enable_reg_pp0_iter14           |   1|   0|    1|          0|
    |ap_enable_reg_pp0_iter15           |   1|   0|    1|          0|
    |ap_enable_reg_pp0_iter16           |   1|   0|    1|          0|
    |ap_enable_reg_pp0_iter17           |   1|   0|    1|          0|
    |ap_enable_reg_pp0_iter18           |   1|   0|    1|          0|
    |ap_enable_reg_pp0_iter2            |   1|   0|    1|          0|
    |ap_enable_reg_pp0_iter3            |   1|   0|    1|          0|
    |ap_enable_reg_pp0_iter4            |   1|   0|    1|          0|
    |ap_enable_reg_pp0_iter5            |   1|   0|    1|          0|
    |ap_enable_reg_pp0_iter6            |   1|   0|    1|          0|
    |ap_enable_reg_pp0_iter7            |   1|   0|    1|          0|
    |ap_enable_reg_pp0_iter8            |   1|   0|    1|          0|
    |ap_enable_reg_pp0_iter9            |   1|   0|    1|          0|
    |ap_loop_exit_ready_pp0_iter10_reg  |   1|   0|    1|          0|
    |ap_loop_exit_ready_pp0_iter11_reg  |   1|   0|    1|          0|
    |ap_loop_exit_ready_pp0_iter12_reg  |   1|   0|    1|          0|
    |ap_loop_exit_ready_pp0_iter13_reg  |   1|   0|    1|          0|
    |ap_loop_exit_ready_pp0_iter14_reg  |   1|   0|    1|          0|
    |ap_loop_exit_ready_pp0_iter15_reg  |   1|   0|    1|          0|
    |ap_loop_exit_ready_pp0_iter16_reg  |   1|   0|    1|          0|
    |ap_loop_exit_ready_pp0_iter17_reg  |   1|   0|    1|          0|
    |ap_loop_exit_ready_pp0_iter2_reg   |   1|   0|    1|          0|
    |ap_loop_exit_ready_pp0_iter3_reg   |   1|   0|    1|          0|
    |ap_loop_exit_ready_pp0_iter4_reg   |   1|   0|    1|          0|
    |ap_loop_exit_ready_pp0_iter5_reg   |   1|   0|    1|          0|
    |ap_loop_exit_ready_pp0_iter6_reg   |   1|   0|    1|          0|
    |ap_loop_exit_ready_pp0_iter7_reg   |   1|   0|    1|          0|
    |ap_loop_exit_ready_pp0_iter8_reg   |   1|   0|    1|          0|
    |ap_loop_exit_ready_pp0_iter9_reg   |   1|   0|    1|          0|
    |coeffValue_reg_1048                |  32|   0|   32|          0|
    |cx_fu_120                          |  32|   0|   32|          0|
    |cy_fu_124                          |  32|   0|   32|          0|
    |empty_40_reg_925                   |  32|   0|   32|          0|
    |empty_41_reg_967                   |  32|   0|   32|          0|
    |empty_reg_961                      |  32|   0|   32|          0|
    |first_iter_1_reg_335               |   1|   0|    1|          0|
    |iChannel_1_fu_132                  |  32|   0|   32|          0|
    |iChannel_reg_890                   |  32|   0|   32|          0|
    |icmp_ln60_reg_900                  |   1|   0|    1|          0|
    |icmp_ln61_reg_904                  |   1|   0|    1|          0|
    |indvar_flatten161_fu_136           |  96|   0|   96|          0|
    |indvar_flatten70_fu_128            |  64|   0|   64|          0|
    |or_ln58_reg_940                    |   1|   0|    1|          0|
    |p_cast10_mid1117_cast_reg_885      |  32|   0|   33|          1|
    |p_mid1111_reg_972                  |  32|   0|   32|          0|
    |p_mid162_reg_978                   |  32|   0|   32|          0|
    |p_mid1_reg_944                     |  32|   0|   32|          0|
    |pixelValue_reg_1053                |  32|   0|   32|          0|
    |select_ln58_2_reg_949              |   2|   0|    2|          0|
    |select_ln60_1_reg_915              |  32|   0|   32|          0|
    |select_ln60_5_reg_935              |   1|   0|    1|          0|
    |sext_ln62_mid2_v_reg_988           |  62|   0|   62|          0|
    |tmp4_mid1_reg_930                  |  32|   0|   32|          0|
    |tmp4_reg_920                       |  32|   0|   32|          0|
    |trunc_ln3_reg_1068                 |  32|   0|   32|          0|
    |trunc_ln65_reg_954                 |   2|   0|    2|          0|
    |zext_ln60_cast_reg_880             |  32|   0|   34|          2|
    |icmp_ln60_reg_900                  |  64|  32|    1|          0|
    |icmp_ln61_reg_904                  |  64|  32|    1|          0|
    |or_ln58_reg_940                    |  64|  32|    1|          0|
    |select_ln58_2_reg_949              |  64|  32|    2|          0|
    |select_ln60_1_reg_915              |  64|  32|   32|          0|
    |select_ln60_5_reg_935              |  64|  32|    1|          0|
    |trunc_ln65_reg_954                 |  64|  32|    2|          0|
    +-----------------------------------+----+----+-----+-----------+
    |Total                              |1389| 224|  984|          3|
    +-----------------------------------+----+----+-----+-----------+



================================================================
== Interface
================================================================
* Summary: 
+-------------------------+-----+-----+------------+-------------------------------+--------------+
|        RTL Ports        | Dir | Bits|  Protocol  |         Source Object         |    C Type    |
+-------------------------+-----+-----+------------+-------------------------------+--------------+
|ap_clk                   |   in|    1|  ap_ctrl_hs|  Conv2D_HW_Pipeline_loop_acc_x|  return value|
|ap_rst                   |   in|    1|  ap_ctrl_hs|  Conv2D_HW_Pipeline_loop_acc_x|  return value|
|ap_start                 |   in|    1|  ap_ctrl_hs|  Conv2D_HW_Pipeline_loop_acc_x|  return value|
|ap_done                  |  out|    1|  ap_ctrl_hs|  Conv2D_HW_Pipeline_loop_acc_x|  return value|
|ap_idle                  |  out|    1|  ap_ctrl_hs|  Conv2D_HW_Pipeline_loop_acc_x|  return value|
|ap_ready                 |  out|    1|  ap_ctrl_hs|  Conv2D_HW_Pipeline_loop_acc_x|  return value|
|grp_fu_371_p_din0        |  out|   32|  ap_ctrl_hs|  Conv2D_HW_Pipeline_loop_acc_x|  return value|
|grp_fu_371_p_din1        |  out|   32|  ap_ctrl_hs|  Conv2D_HW_Pipeline_loop_acc_x|  return value|
|grp_fu_371_p_dout0       |   in|   32|  ap_ctrl_hs|  Conv2D_HW_Pipeline_loop_acc_x|  return value|
|grp_fu_371_p_ce          |  out|    1|  ap_ctrl_hs|  Conv2D_HW_Pipeline_loop_acc_x|  return value|
|grp_fu_420_p_din0        |  out|   32|  ap_ctrl_hs|  Conv2D_HW_Pipeline_loop_acc_x|  return value|
|grp_fu_420_p_din1        |  out|   32|  ap_ctrl_hs|  Conv2D_HW_Pipeline_loop_acc_x|  return value|
|grp_fu_420_p_dout0       |   in|   32|  ap_ctrl_hs|  Conv2D_HW_Pipeline_loop_acc_x|  return value|
|grp_fu_420_p_ce          |  out|    1|  ap_ctrl_hs|  Conv2D_HW_Pipeline_loop_acc_x|  return value|
|grp_fu_734_p_din0        |  out|   32|  ap_ctrl_hs|  Conv2D_HW_Pipeline_loop_acc_x|  return value|
|grp_fu_734_p_din1        |  out|   32|  ap_ctrl_hs|  Conv2D_HW_Pipeline_loop_acc_x|  return value|
|grp_fu_734_p_dout0       |   in|   32|  ap_ctrl_hs|  Conv2D_HW_Pipeline_loop_acc_x|  return value|
|grp_fu_734_p_ce          |  out|    1|  ap_ctrl_hs|  Conv2D_HW_Pipeline_loop_acc_x|  return value|
|grp_fu_738_p_din0        |  out|   32|  ap_ctrl_hs|  Conv2D_HW_Pipeline_loop_acc_x|  return value|
|grp_fu_738_p_din1        |  out|   32|  ap_ctrl_hs|  Conv2D_HW_Pipeline_loop_acc_x|  return value|
|grp_fu_738_p_dout0       |   in|   32|  ap_ctrl_hs|  Conv2D_HW_Pipeline_loop_acc_x|  return value|
|grp_fu_738_p_ce          |  out|    1|  ap_ctrl_hs|  Conv2D_HW_Pipeline_loop_acc_x|  return value|
|grp_fu_425_p_din0        |  out|   32|  ap_ctrl_hs|  Conv2D_HW_Pipeline_loop_acc_x|  return value|
|grp_fu_425_p_din1        |  out|   32|  ap_ctrl_hs|  Conv2D_HW_Pipeline_loop_acc_x|  return value|
|grp_fu_425_p_dout0       |   in|   32|  ap_ctrl_hs|  Conv2D_HW_Pipeline_loop_acc_x|  return value|
|grp_fu_425_p_ce          |  out|    1|  ap_ctrl_hs|  Conv2D_HW_Pipeline_loop_acc_x|  return value|
|m_axi_gmem0_AWVALID      |  out|    1|       m_axi|                          gmem0|       pointer|
|m_axi_gmem0_AWREADY      |   in|    1|       m_axi|                          gmem0|       pointer|
|m_axi_gmem0_AWADDR       |  out|   64|       m_axi|                          gmem0|       pointer|
|m_axi_gmem0_AWID         |  out|    1|       m_axi|                          gmem0|       pointer|
|m_axi_gmem0_AWLEN        |  out|   32|       m_axi|                          gmem0|       pointer|
|m_axi_gmem0_AWSIZE       |  out|    3|       m_axi|                          gmem0|       pointer|
|m_axi_gmem0_AWBURST      |  out|    2|       m_axi|                          gmem0|       pointer|
|m_axi_gmem0_AWLOCK       |  out|    2|       m_axi|                          gmem0|       pointer|
|m_axi_gmem0_AWCACHE      |  out|    4|       m_axi|                          gmem0|       pointer|
|m_axi_gmem0_AWPROT       |  out|    3|       m_axi|                          gmem0|       pointer|
|m_axi_gmem0_AWQOS        |  out|    4|       m_axi|                          gmem0|       pointer|
|m_axi_gmem0_AWREGION     |  out|    4|       m_axi|                          gmem0|       pointer|
|m_axi_gmem0_AWUSER       |  out|    1|       m_axi|                          gmem0|       pointer|
|m_axi_gmem0_WVALID       |  out|    1|       m_axi|                          gmem0|       pointer|
|m_axi_gmem0_WREADY       |   in|    1|       m_axi|                          gmem0|       pointer|
|m_axi_gmem0_WDATA        |  out|   32|       m_axi|                          gmem0|       pointer|
|m_axi_gmem0_WSTRB        |  out|    4|       m_axi|                          gmem0|       pointer|
|m_axi_gmem0_WLAST        |  out|    1|       m_axi|                          gmem0|       pointer|
|m_axi_gmem0_WID          |  out|    1|       m_axi|                          gmem0|       pointer|
|m_axi_gmem0_WUSER        |  out|    1|       m_axi|                          gmem0|       pointer|
|m_axi_gmem0_ARVALID      |  out|    1|       m_axi|                          gmem0|       pointer|
|m_axi_gmem0_ARREADY      |   in|    1|       m_axi|                          gmem0|       pointer|
|m_axi_gmem0_ARADDR       |  out|   64|       m_axi|                          gmem0|       pointer|
|m_axi_gmem0_ARID         |  out|    1|       m_axi|                          gmem0|       pointer|
|m_axi_gmem0_ARLEN        |  out|   32|       m_axi|                          gmem0|       pointer|
|m_axi_gmem0_ARSIZE       |  out|    3|       m_axi|                          gmem0|       pointer|
|m_axi_gmem0_ARBURST      |  out|    2|       m_axi|                          gmem0|       pointer|
|m_axi_gmem0_ARLOCK       |  out|    2|       m_axi|                          gmem0|       pointer|
|m_axi_gmem0_ARCACHE      |  out|    4|       m_axi|                          gmem0|       pointer|
|m_axi_gmem0_ARPROT       |  out|    3|       m_axi|                          gmem0|       pointer|
|m_axi_gmem0_ARQOS        |  out|    4|       m_axi|                          gmem0|       pointer|
|m_axi_gmem0_ARREGION     |  out|    4|       m_axi|                          gmem0|       pointer|
|m_axi_gmem0_ARUSER       |  out|    1|       m_axi|                          gmem0|       pointer|
|m_axi_gmem0_RVALID       |   in|    1|       m_axi|                          gmem0|       pointer|
|m_axi_gmem0_RREADY       |  out|    1|       m_axi|                          gmem0|       pointer|
|m_axi_gmem0_RDATA        |   in|   32|       m_axi|                          gmem0|       pointer|
|m_axi_gmem0_RLAST        |   in|    1|       m_axi|                          gmem0|       pointer|
|m_axi_gmem0_RID          |   in|    1|       m_axi|                          gmem0|       pointer|
|m_axi_gmem0_RFIFONUM     |   in|    9|       m_axi|                          gmem0|       pointer|
|m_axi_gmem0_RUSER        |   in|    1|       m_axi|                          gmem0|       pointer|
|m_axi_gmem0_RRESP        |   in|    2|       m_axi|                          gmem0|       pointer|
|m_axi_gmem0_BVALID       |   in|    1|       m_axi|                          gmem0|       pointer|
|m_axi_gmem0_BREADY       |  out|    1|       m_axi|                          gmem0|       pointer|
|m_axi_gmem0_BRESP        |   in|    2|       m_axi|                          gmem0|       pointer|
|m_axi_gmem0_BID          |   in|    1|       m_axi|                          gmem0|       pointer|
|m_axi_gmem0_BUSER        |   in|    1|       m_axi|                          gmem0|       pointer|
|inputWidth               |   in|   32|     ap_none|                     inputWidth|        scalar|
|inputHeight              |   in|   32|     ap_none|                    inputHeight|        scalar|
|y                        |   in|   32|     ap_none|                              y|        scalar|
|mul_ln13_1               |   in|   96|     ap_none|                     mul_ln13_1|        scalar|
|convWidth                |   in|   32|     ap_none|                      convWidth|        scalar|
|mul_ln13                 |   in|   64|     ap_none|                       mul_ln13|        scalar|
|p_cast10_mid1117         |   in|   32|     ap_none|               p_cast10_mid1117|        scalar|
|icmp_ln44_1              |   in|    1|     ap_none|                    icmp_ln44_1|        scalar|
|zext_ln60                |   in|   32|     ap_none|                      zext_ln60|        scalar|
|input_r                  |   in|   64|     ap_none|                        input_r|        scalar|
|filterCoeffs_address0    |  out|    8|   ap_memory|                   filterCoeffs|         array|
|filterCoeffs_ce0         |  out|    1|   ap_memory|                   filterCoeffs|         array|
|filterCoeffs_q0          |   in|   32|   ap_memory|                   filterCoeffs|         array|
|filterCoeffs_1_address0  |  out|    8|   ap_memory|                 filterCoeffs_1|         array|
|filterCoeffs_1_ce0       |  out|    1|   ap_memory|                 filterCoeffs_1|         array|
|filterCoeffs_1_q0        |   in|   32|   ap_memory|                 filterCoeffs_1|         array|
|filterCoeffs_2_address0  |  out|    8|   ap_memory|                 filterCoeffs_2|         array|
|filterCoeffs_2_ce0       |  out|    1|   ap_memory|                 filterCoeffs_2|         array|
|filterCoeffs_2_q0        |   in|   32|   ap_memory|                 filterCoeffs_2|         array|
|filterCoeffs_3_address0  |  out|    8|   ap_memory|                 filterCoeffs_3|         array|
|filterCoeffs_3_ce0       |  out|    1|   ap_memory|                 filterCoeffs_3|         array|
|filterCoeffs_3_q0        |   in|   32|   ap_memory|                 filterCoeffs_3|         array|
|filterCoeffs_4_address0  |  out|    8|   ap_memory|                 filterCoeffs_4|         array|
|filterCoeffs_4_ce0       |  out|    1|   ap_memory|                 filterCoeffs_4|         array|
|filterCoeffs_4_q0        |   in|   32|   ap_memory|                 filterCoeffs_4|         array|
|filterCoeffs_5_address0  |  out|    8|   ap_memory|                 filterCoeffs_5|         array|
|filterCoeffs_5_ce0       |  out|    1|   ap_memory|                 filterCoeffs_5|         array|
|filterCoeffs_5_q0        |   in|   32|   ap_memory|                 filterCoeffs_5|         array|
|filterCoeffs_6_address0  |  out|    8|   ap_memory|                 filterCoeffs_6|         array|
|filterCoeffs_6_ce0       |  out|    1|   ap_memory|                 filterCoeffs_6|         array|
|filterCoeffs_6_q0        |   in|   32|   ap_memory|                 filterCoeffs_6|         array|
|filterCoeffs_7_address0  |  out|    8|   ap_memory|                 filterCoeffs_7|         array|
|filterCoeffs_7_ce0       |  out|    1|   ap_memory|                 filterCoeffs_7|         array|
|filterCoeffs_7_q0        |   in|   32|   ap_memory|                 filterCoeffs_7|         array|
|filterCoeffs_8_address0  |  out|    8|   ap_memory|                 filterCoeffs_8|         array|
|filterCoeffs_8_ce0       |  out|    1|   ap_memory|                 filterCoeffs_8|         array|
|filterCoeffs_8_q0        |   in|   32|   ap_memory|                 filterCoeffs_8|         array|
|acc_out                  |  out|   32|      ap_vld|                        acc_out|       pointer|
|acc_out_ap_vld           |  out|    1|      ap_vld|                        acc_out|       pointer|
+-------------------------+-----+-----+------------+-------------------------------+--------------+

