

================================================================
== Vitis HLS Report for 'Conv2D_HW'
================================================================
* Date:           Tue Mar 24 17:13:58 2026

* Version:        2022.2 (Build 3670227 on Oct 13 2022)
* Project:        Task2_Vitis
* Solution:       solution1 (Vivado IP Flow Target)
* Product family: zynq
* Target device:  xc7z020i-clg400-1L


================================================================
== Performance Estimates
================================================================
+ Timing: 
    * Summary: 
    +--------+----------+----------+------------+
    |  Clock |  Target  | Estimated| Uncertainty|
    +--------+----------+----------+------------+
    |ap_clk  |  10.00 ns|  8.584 ns|     2.70 ns|
    +--------+----------+----------+------------+

+ Latency: 
    * Summary: 
    +---------+---------+----------+----------+-----+-----+---------+
    |  Latency (cycles) |  Latency (absolute) |  Interval | Pipeline|
    |   min   |   max   |    min   |    max   | min | max |   Type  |
    +---------+---------+----------+----------+-----+-----+---------+
    |        ?|        ?|         ?|         ?|    ?|    ?|       no|
    +---------+---------+----------+----------+-----+-----+---------+

    + Detail: 
        * Instance: 
        +------------------------------------------------+-------------------------------------+---------+---------+----------+----------+-----+-----+---------+
        |                                                |                                     |  Latency (cycles) |  Latency (absolute) |  Interval | Pipeline|
        |                    Instance                    |                Module               |   min   |   max   |    min   |    max   | min | max |   Type  |
        +------------------------------------------------+-------------------------------------+---------+---------+----------+----------+-----+-----+---------+
        |grp_Conv2D_HW_Pipeline_loop_load_coef_x_fu_280  |Conv2D_HW_Pipeline_loop_load_coef_x  |        ?|        ?|         ?|         ?|    ?|    ?|       no|
        |grp_Conv2D_HW_Pipeline_loop_acc_x_fu_303        |Conv2D_HW_Pipeline_loop_acc_x        |        ?|        ?|         ?|         ?|    ?|    ?|       no|
        +------------------------------------------------+-------------------------------------+---------+---------+----------+----------+-----+-----+---------+

        * Loop: 
        +----------------------+---------+---------+----------+-----------+-----------+------+----------+
        |                      |  Latency (cycles) | Iteration|  Initiation Interval  | Trip |          |
        |       Loop Name      |   min   |   max   |  Latency |  achieved |   target  | Count| Pipelined|
        +----------------------+---------+---------+----------+-----------+-----------+------+----------+
        |- loop_filters        |        ?|        ?|         ?|          -|          -|     ?|        no|
        | + loop_convolve_y    |        ?|        ?|         ?|          -|          -|     ?|        no|
        |  ++ loop_convolve_x  |        ?|        ?|         ?|          -|          -|     ?|        no|
        +----------------------+---------+---------+----------+-----------+-----------+------+----------+



================================================================
== Utilization Estimates
================================================================
* Summary: 
+-----------------+---------+-----+--------+-------+-----+
|       Name      | BRAM_18K| DSP |   FF   |  LUT  | URAM|
+-----------------+---------+-----+--------+-------+-----+
|DSP              |        -|    -|       -|      -|    -|
|Expression       |        -|    -|       0|    534|    -|
|FIFO             |        -|    -|       -|      -|    -|
|Instance         |        0|   30|    6315|   6809|    -|
|Memory           |        9|    -|       0|      0|    0|
|Multiplexer      |        -|    -|       -|    806|    -|
|Register         |        -|    -|    1241|      -|    -|
+-----------------+---------+-----+--------+-------+-----+
|Total            |        9|   30|    7556|   8149|    0|
+-----------------+---------+-----+--------+-------+-----+
|Available        |      280|  220|  106400|  53200|    0|
+-----------------+---------+-----+--------+-------+-----+
|Utilization (%)  |        3|   13|       7|     15|    0|
+-----------------+---------+-----+--------+-------+-----+

+ Detail: 
    * Instance: 
    +------------------------------------------------+-------------------------------------+---------+----+------+------+-----+
    |                    Instance                    |                Module               | BRAM_18K| DSP|  FF  |  LUT | URAM|
    +------------------------------------------------+-------------------------------------+---------+----+------+------+-----+
    |grp_Conv2D_HW_Pipeline_loop_acc_x_fu_303        |Conv2D_HW_Pipeline_loop_acc_x        |        0|   6|  1719|  1526|    0|
    |grp_Conv2D_HW_Pipeline_loop_load_coef_x_fu_280  |Conv2D_HW_Pipeline_loop_load_coef_x  |        0|   0|  1255|  1283|    0|
    |control_s_axi_U                                 |control_s_axi                        |        0|   0|   474|   808|    0|
    |gmem0_m_axi_U                                   |gmem0_m_axi                          |        0|   0|   718|  1318|    0|
    |gmem1_m_axi_U                                   |gmem1_m_axi                          |        0|   0|   718|  1318|    0|
    |mul_32ns_32ns_64_2_1_U57                        |mul_32ns_32ns_64_2_1                 |        0|   3|   165|    50|    0|
    |mul_32ns_64ns_96_5_1_U58                        |mul_32ns_64ns_96_5_1                 |        0|   6|   441|   256|    0|
    |mul_32s_32s_32_2_1_U59                          |mul_32s_32s_32_2_1                   |        0|   3|   165|    50|    0|
    |mul_32s_32s_32_2_1_U60                          |mul_32s_32s_32_2_1                   |        0|   3|   165|    50|    0|
    |mul_32s_32s_32_2_1_U61                          |mul_32s_32s_32_2_1                   |        0|   3|   165|    50|    0|
    |mul_32s_32s_32_2_1_U62                          |mul_32s_32s_32_2_1                   |        0|   3|   165|    50|    0|
    |mul_32s_32s_32_2_1_U63                          |mul_32s_32s_32_2_1                   |        0|   3|   165|    50|    0|
    +------------------------------------------------+-------------------------------------+---------+----+------+------+-----+
    |Total                                           |                                     |        0|  30|  6315|  6809|    0|
    +------------------------------------------------+-------------------------------------+---------+----+------+------+-----+

    * DSP: 
    N/A

    * Memory: 
    +------------------+----------------------------+---------+---+----+-----+------+-----+------+-------------+
    |      Memory      |           Module           | BRAM_18K| FF| LUT| URAM| Words| Bits| Banks| W*Bits*Banks|
    +------------------+----------------------------+---------+---+----+-----+------+-----+------+-------------+
    |filterCoeffs_U    |filterCoeffs_RAM_AUTO_1R1W  |        1|  0|   0|    0|   256|   32|     1|         8192|
    |filterCoeffs_1_U  |filterCoeffs_RAM_AUTO_1R1W  |        1|  0|   0|    0|   256|   32|     1|         8192|
    |filterCoeffs_2_U  |filterCoeffs_RAM_AUTO_1R1W  |        1|  0|   0|    0|   256|   32|     1|         8192|
    |filterCoeffs_3_U  |filterCoeffs_RAM_AUTO_1R1W  |        1|  0|   0|    0|   256|   32|     1|         8192|
    |filterCoeffs_4_U  |filterCoeffs_RAM_AUTO_1R1W  |        1|  0|   0|    0|   256|   32|     1|         8192|
    |filterCoeffs_5_U  |filterCoeffs_RAM_AUTO_1R1W  |        1|  0|   0|    0|   256|   32|     1|         8192|
    |filterCoeffs_6_U  |filterCoeffs_RAM_AUTO_1R1W  |        1|  0|   0|    0|   256|   32|     1|         8192|
    |filterCoeffs_7_U  |filterCoeffs_RAM_AUTO_1R1W  |        1|  0|   0|    0|   256|   32|     1|         8192|
    |filterCoeffs_8_U  |filterCoeffs_RAM_AUTO_1R1W  |        1|  0|   0|    0|   256|   32|     1|         8192|
    +------------------+----------------------------+---------+---+----+-----+------+-----+------+-------------+
    |Total             |                            |        9|  0|   0|    0|  2304|  288|     9|        73728|
    +------------------+----------------------------+---------+---+----+-----+------+-----+------+-------------+

    * FIFO: 
    N/A

    * Expression: 
    +----------------------+----------+----+---+----+------------+------------+
    |     Variable Name    | Operation| DSP| FF| LUT| Bitwidth P0| Bitwidth P1|
    +----------------------+----------+----+---+----+------------+------------+
    |add_ln39_1_fu_399_p2  |         +|   0|  0|  39|          32|          32|
    |add_ln39_2_fu_404_p2  |         +|   0|  0|  39|          32|          32|
    |add_ln39_fu_414_p2    |         +|   0|  0|  39|          32|           1|
    |add_ln56_1_fu_433_p2  |         +|   0|  0|  39|          32|          32|
    |add_ln56_2_fu_438_p2  |         +|   0|  0|  39|          32|          32|
    |add_ln56_fu_448_p2    |         +|   0|  0|  39|          32|           1|
    |add_ln57_fu_517_p2    |         +|   0|  0|  39|          32|           1|
    |empty_46_fu_458_p2    |         +|   0|  0|  40|          33|          33|
    |empty_47_fu_475_p2    |         +|   0|  0|  71|          64|          64|
    |sub41_fu_380_p2       |         +|   0|  0|  39|          32|           3|
    |sub_fu_375_p2         |         +|   0|  0|  39|          32|           3|
    |icmp_ln39_fu_409_p2   |      icmp|   0|  0|  18|          32|          32|
    |icmp_ln44_fu_385_p2   |      icmp|   0|  0|  18|          32|           1|
    |icmp_ln56_fu_443_p2   |      icmp|   0|  0|  18|          32|          32|
    |icmp_ln57_fu_512_p2   |      icmp|   0|  0|  18|          32|          32|
    +----------------------+----------+----+---+----+------------+------------+
    |Total                 |          |   0|  0| 534|         513|         331|
    +----------------------+----------+----+---+----+------------+------------+

    * Multiplexer: 
    +-------------------------+-----+-----------+-----+-----------+
    |           Name          | LUT | Input Size| Bits| Total Bits|
    +-------------------------+-----+-----------+-----+-----------+
    |ap_NS_fsm                |  113|         23|    1|         23|
    |filterCoeffs_1_address0  |   14|          3|    8|         24|
    |filterCoeffs_1_ce0       |   14|          3|    1|          3|
    |filterCoeffs_1_we0       |    9|          2|    1|          2|
    |filterCoeffs_2_address0  |   14|          3|    8|         24|
    |filterCoeffs_2_ce0       |   14|          3|    1|          3|
    |filterCoeffs_2_we0       |    9|          2|    1|          2|
    |filterCoeffs_3_address0  |   14|          3|    8|         24|
    |filterCoeffs_3_ce0       |   14|          3|    1|          3|
    |filterCoeffs_3_we0       |    9|          2|    1|          2|
    |filterCoeffs_4_address0  |   14|          3|    8|         24|
    |filterCoeffs_4_ce0       |   14|          3|    1|          3|
    |filterCoeffs_4_we0       |    9|          2|    1|          2|
    |filterCoeffs_5_address0  |   14|          3|    8|         24|
    |filterCoeffs_5_ce0       |   14|          3|    1|          3|
    |filterCoeffs_5_we0       |    9|          2|    1|          2|
    |filterCoeffs_6_address0  |   14|          3|    8|         24|
    |filterCoeffs_6_ce0       |   14|          3|    1|          3|
    |filterCoeffs_6_we0       |    9|          2|    1|          2|
    |filterCoeffs_7_address0  |   14|          3|    8|         24|
    |filterCoeffs_7_ce0       |   14|          3|    1|          3|
    |filterCoeffs_7_we0       |    9|          2|    1|          2|
    |filterCoeffs_8_address0  |   14|          3|    8|         24|
    |filterCoeffs_8_ce0       |   14|          3|    1|          3|
    |filterCoeffs_8_we0       |    9|          2|    1|          2|
    |filterCoeffs_address0    |   14|          3|    8|         24|
    |filterCoeffs_ce0         |   14|          3|    1|          3|
    |filterCoeffs_we0         |    9|          2|    1|          2|
    |gmem0_ARVALID            |    9|          2|    1|          2|
    |gmem0_RREADY             |    9|          2|    1|          2|
    |gmem0_blk_n_AW           |    9|          2|    1|          2|
    |gmem0_blk_n_B            |    9|          2|    1|          2|
    |gmem0_blk_n_W            |    9|          2|    1|          2|
    |gmem1_ARVALID            |    9|          2|    1|          2|
    |gmem1_RREADY             |    9|          2|    1|          2|
    |grp_fu_371_ce            |   14|          3|    1|          3|
    |grp_fu_371_p0            |   20|          4|   32|        128|
    |grp_fu_371_p1            |   20|          4|   32|        128|
    |grp_fu_420_ce            |   14|          3|    1|          3|
    |grp_fu_420_p0            |   20|          4|   32|        128|
    |grp_fu_420_p1            |   20|          4|   32|        128|
    |grp_fu_425_ce            |   14|          3|    1|          3|
    |grp_fu_425_p0            |   14|          3|   32|         96|
    |grp_fu_425_p1            |   14|          3|   32|         96|
    |grp_fu_734_ce            |   14|          3|    1|          3|
    |grp_fu_734_p0            |   14|          3|   32|         96|
    |grp_fu_734_p1            |   14|          3|   32|         96|
    |grp_fu_738_ce            |   14|          3|    1|          3|
    |grp_fu_738_p0            |   14|          3|   32|         96|
    |grp_fu_738_p1            |   14|          3|   32|         96|
    |iFilter_fu_120           |    9|          2|   32|         64|
    |phi_mul211_reg_256       |    9|          2|   32|         64|
    |phi_mul214_fu_116        |    9|          2|   32|         64|
    |phi_mul216_fu_112        |    9|          2|   32|         64|
    |phi_mul_reg_245          |    9|          2|   32|         64|
    |x_reg_268                |    9|          2|   32|         64|
    |y_reg_233                |    9|          2|   32|         64|
    +-------------------------+-----+-----------+-----+-----------+
    |Total                    |  806|        172|  647|       1849|
    +-------------------------+-----+-----------+-----+-----------+

    * Register: 
    +-------------------------------------------------------------+----+----+-----+-----------+
    |                             Name                            | FF | LUT| Bits| Const Bits|
    +-------------------------------------------------------------+----+----+-----+-----------+
    |add_ln39_1_reg_673                                           |  32|   0|   32|          0|
    |add_ln39_2_reg_678                                           |  32|   0|   32|          0|
    |add_ln39_reg_686                                             |  32|   0|   32|          0|
    |add_ln56_1_reg_702                                           |  32|   0|   32|          0|
    |add_ln56_2_reg_707                                           |  32|   0|   32|          0|
    |add_ln56_reg_715                                             |  32|   0|   32|          0|
    |add_ln57_reg_729                                             |  32|   0|   32|          0|
    |ap_CS_fsm                                                    |  22|   0|   22|          0|
    |coeffs_read_reg_587                                          |  64|   0|   64|          0|
    |convHeight_read_reg_548                                      |  32|   0|   32|          0|
    |convWidth_read_reg_554                                       |  32|   0|   32|          0|
    |empty_45_reg_691                                             |  32|   0|   32|          0|
    |gmem0_addr_reg_720                                           |  64|   0|   64|          0|
    |grp_Conv2D_HW_Pipeline_loop_acc_x_fu_303_ap_start_reg        |   1|   0|    1|          0|
    |grp_Conv2D_HW_Pipeline_loop_load_coef_x_fu_280_ap_start_reg  |   1|   0|    1|          0|
    |iFilter_fu_120                                               |  32|   0|   32|          0|
    |icmp_ln44_reg_661                                            |   1|   0|    1|          0|
    |inputHeight_read_reg_563                                     |  32|   0|   32|          0|
    |inputWidth_read_reg_569                                      |  32|   0|   32|          0|
    |input_r_read_reg_597                                         |  64|   0|   64|          0|
    |mul_ln13_1_reg_655                                           |  96|   0|   96|          0|
    |mul_ln13_reg_618                                             |  64|   0|   64|          0|
    |mul_ln39_reg_649                                             |  32|   0|   32|          0|
    |numChannels_read_reg_581                                     |  32|   0|   32|          0|
    |numFilters_read_reg_576                                      |  32|   0|   32|          0|
    |output_r_read_reg_592                                        |  64|   0|   64|          0|
    |phi_mul211_reg_256                                           |  32|   0|   32|          0|
    |phi_mul214_fu_116                                            |  32|   0|   32|          0|
    |phi_mul216_fu_112                                            |  32|   0|   32|          0|
    |phi_mul_reg_245                                              |  32|   0|   32|          0|
    |sub41_reg_641                                                |  32|   0|   32|          0|
    |sub_reg_635                                                  |  32|   0|   32|          0|
    |x_reg_268                                                    |  32|   0|   32|          0|
    |y_reg_233                                                    |  32|   0|   32|          0|
    |zext_ln56_reg_697                                            |  32|   0|   33|          1|
    +-------------------------------------------------------------+----+----+-----+-----------+
    |Total                                                        |1241|   0| 1242|          1|
    +-------------------------------------------------------------+----+----+-----+-----------+



================================================================
== Interface
================================================================
* Summary: 
+-----------------------+-----+-----+------------+--------------+--------------+
|       RTL Ports       | Dir | Bits|  Protocol  | Source Object|    C Type    |
+-----------------------+-----+-----+------------+--------------+--------------+
|s_axi_control_AWVALID  |   in|    1|       s_axi|       control|        scalar|
|s_axi_control_AWREADY  |  out|    1|       s_axi|       control|        scalar|
|s_axi_control_AWADDR   |   in|    7|       s_axi|       control|        scalar|
|s_axi_control_WVALID   |   in|    1|       s_axi|       control|        scalar|
|s_axi_control_WREADY   |  out|    1|       s_axi|       control|        scalar|
|s_axi_control_WDATA    |   in|   32|       s_axi|       control|        scalar|
|s_axi_control_WSTRB    |   in|    4|       s_axi|       control|        scalar|
|s_axi_control_ARVALID  |   in|    1|       s_axi|       control|        scalar|
|s_axi_control_ARREADY  |  out|    1|       s_axi|       control|        scalar|
|s_axi_control_ARADDR   |   in|    7|       s_axi|       control|        scalar|
|s_axi_control_RVALID   |  out|    1|       s_axi|       control|        scalar|
|s_axi_control_RREADY   |   in|    1|       s_axi|       control|        scalar|
|s_axi_control_RDATA    |  out|   32|       s_axi|       control|        scalar|
|s_axi_control_RRESP    |  out|    2|       s_axi|       control|        scalar|
|s_axi_control_BVALID   |  out|    1|       s_axi|       control|        scalar|
|s_axi_control_BREADY   |   in|    1|       s_axi|       control|        scalar|
|s_axi_control_BRESP    |  out|    2|       s_axi|       control|        scalar|
|ap_clk                 |   in|    1|  ap_ctrl_hs|     Conv2D_HW|  return value|
|ap_rst_n               |   in|    1|  ap_ctrl_hs|     Conv2D_HW|  return value|
|interrupt              |  out|    1|  ap_ctrl_hs|     Conv2D_HW|  return value|
|m_axi_gmem0_AWVALID    |  out|    1|       m_axi|         gmem0|       pointer|
|m_axi_gmem0_AWREADY    |   in|    1|       m_axi|         gmem0|       pointer|
|m_axi_gmem0_AWADDR     |  out|   64|       m_axi|         gmem0|       pointer|
|m_axi_gmem0_AWID       |  out|    1|       m_axi|         gmem0|       pointer|
|m_axi_gmem0_AWLEN      |  out|    8|       m_axi|         gmem0|       pointer|
|m_axi_gmem0_AWSIZE     |  out|    3|       m_axi|         gmem0|       pointer|
|m_axi_gmem0_AWBURST    |  out|    2|       m_axi|         gmem0|       pointer|
|m_axi_gmem0_AWLOCK     |  out|    2|       m_axi|         gmem0|       pointer|
|m_axi_gmem0_AWCACHE    |  out|    4|       m_axi|         gmem0|       pointer|
|m_axi_gmem0_AWPROT     |  out|    3|       m_axi|         gmem0|       pointer|
|m_axi_gmem0_AWQOS      |  out|    4|       m_axi|         gmem0|       pointer|
|m_axi_gmem0_AWREGION   |  out|    4|       m_axi|         gmem0|       pointer|
|m_axi_gmem0_AWUSER     |  out|    1|       m_axi|         gmem0|       pointer|
|m_axi_gmem0_WVALID     |  out|    1|       m_axi|         gmem0|       pointer|
|m_axi_gmem0_WREADY     |   in|    1|       m_axi|         gmem0|       pointer|
|m_axi_gmem0_WDATA      |  out|   32|       m_axi|         gmem0|       pointer|
|m_axi_gmem0_WSTRB      |  out|    4|       m_axi|         gmem0|       pointer|
|m_axi_gmem0_WLAST      |  out|    1|       m_axi|         gmem0|       pointer|
|m_axi_gmem0_WID        |  out|    1|       m_axi|         gmem0|       pointer|
|m_axi_gmem0_WUSER      |  out|    1|       m_axi|         gmem0|       pointer|
|m_axi_gmem0_ARVALID    |  out|    1|       m_axi|         gmem0|       pointer|
|m_axi_gmem0_ARREADY    |   in|    1|       m_axi|         gmem0|       pointer|
|m_axi_gmem0_ARADDR     |  out|   64|       m_axi|         gmem0|       pointer|
|m_axi_gmem0_ARID       |  out|    1|       m_axi|         gmem0|       pointer|
|m_axi_gmem0_ARLEN      |  out|    8|       m_axi|         gmem0|       pointer|
|m_axi_gmem0_ARSIZE     |  out|    3|       m_axi|         gmem0|       pointer|
|m_axi_gmem0_ARBURST    |  out|    2|       m_axi|         gmem0|       pointer|
|m_axi_gmem0_ARLOCK     |  out|    2|       m_axi|         gmem0|       pointer|
|m_axi_gmem0_ARCACHE    |  out|    4|       m_axi|         gmem0|       pointer|
|m_axi_gmem0_ARPROT     |  out|    3|       m_axi|         gmem0|       pointer|
|m_axi_gmem0_ARQOS      |  out|    4|       m_axi|         gmem0|       pointer|
|m_axi_gmem0_ARREGION   |  out|    4|       m_axi|         gmem0|       pointer|
|m_axi_gmem0_ARUSER     |  out|    1|       m_axi|         gmem0|       pointer|
|m_axi_gmem0_RVALID     |   in|    1|       m_axi|         gmem0|       pointer|
|m_axi_gmem0_RREADY     |  out|    1|       m_axi|         gmem0|       pointer|
|m_axi_gmem0_RDATA      |   in|   32|       m_axi|         gmem0|       pointer|
|m_axi_gmem0_RLAST      |   in|    1|       m_axi|         gmem0|       pointer|
|m_axi_gmem0_RID        |   in|    1|       m_axi|         gmem0|       pointer|
|m_axi_gmem0_RUSER      |   in|    1|       m_axi|         gmem0|       pointer|
|m_axi_gmem0_RRESP      |   in|    2|       m_axi|         gmem0|       pointer|
|m_axi_gmem0_BVALID     |   in|    1|       m_axi|         gmem0|       pointer|
|m_axi_gmem0_BREADY     |  out|    1|       m_axi|         gmem0|       pointer|
|m_axi_gmem0_BRESP      |   in|    2|       m_axi|         gmem0|       pointer|
|m_axi_gmem0_BID        |   in|    1|       m_axi|         gmem0|       pointer|
|m_axi_gmem0_BUSER      |   in|    1|       m_axi|         gmem0|       pointer|
|m_axi_gmem1_AWVALID    |  out|    1|       m_axi|         gmem1|       pointer|
|m_axi_gmem1_AWREADY    |   in|    1|       m_axi|         gmem1|       pointer|
|m_axi_gmem1_AWADDR     |  out|   64|       m_axi|         gmem1|       pointer|
|m_axi_gmem1_AWID       |  out|    1|       m_axi|         gmem1|       pointer|
|m_axi_gmem1_AWLEN      |  out|    8|       m_axi|         gmem1|       pointer|
|m_axi_gmem1_AWSIZE     |  out|    3|       m_axi|         gmem1|       pointer|
|m_axi_gmem1_AWBURST    |  out|    2|       m_axi|         gmem1|       pointer|
|m_axi_gmem1_AWLOCK     |  out|    2|       m_axi|         gmem1|       pointer|
|m_axi_gmem1_AWCACHE    |  out|    4|       m_axi|         gmem1|       pointer|
|m_axi_gmem1_AWPROT     |  out|    3|       m_axi|         gmem1|       pointer|
|m_axi_gmem1_AWQOS      |  out|    4|       m_axi|         gmem1|       pointer|
|m_axi_gmem1_AWREGION   |  out|    4|       m_axi|         gmem1|       pointer|
|m_axi_gmem1_AWUSER     |  out|    1|       m_axi|         gmem1|       pointer|
|m_axi_gmem1_WVALID     |  out|    1|       m_axi|         gmem1|       pointer|
|m_axi_gmem1_WREADY     |   in|    1|       m_axi|         gmem1|       pointer|
|m_axi_gmem1_WDATA      |  out|   32|       m_axi|         gmem1|       pointer|
|m_axi_gmem1_WSTRB      |  out|    4|       m_axi|         gmem1|       pointer|
|m_axi_gmem1_WLAST      |  out|    1|       m_axi|         gmem1|       pointer|
|m_axi_gmem1_WID        |  out|    1|       m_axi|         gmem1|       pointer|
|m_axi_gmem1_WUSER      |  out|    1|       m_axi|         gmem1|       pointer|
|m_axi_gmem1_ARVALID    |  out|    1|       m_axi|         gmem1|       pointer|
|m_axi_gmem1_ARREADY    |   in|    1|       m_axi|         gmem1|       pointer|
|m_axi_gmem1_ARADDR     |  out|   64|       m_axi|         gmem1|       pointer|
|m_axi_gmem1_ARID       |  out|    1|       m_axi|         gmem1|       pointer|
|m_axi_gmem1_ARLEN      |  out|    8|       m_axi|         gmem1|       pointer|
|m_axi_gmem1_ARSIZE     |  out|    3|       m_axi|         gmem1|       pointer|
|m_axi_gmem1_ARBURST    |  out|    2|       m_axi|         gmem1|       pointer|
|m_axi_gmem1_ARLOCK     |  out|    2|       m_axi|         gmem1|       pointer|
|m_axi_gmem1_ARCACHE    |  out|    4|       m_axi|         gmem1|       pointer|
|m_axi_gmem1_ARPROT     |  out|    3|       m_axi|         gmem1|       pointer|
|m_axi_gmem1_ARQOS      |  out|    4|       m_axi|         gmem1|       pointer|
|m_axi_gmem1_ARREGION   |  out|    4|       m_axi|         gmem1|       pointer|
|m_axi_gmem1_ARUSER     |  out|    1|       m_axi|         gmem1|       pointer|
|m_axi_gmem1_RVALID     |   in|    1|       m_axi|         gmem1|       pointer|
|m_axi_gmem1_RREADY     |  out|    1|       m_axi|         gmem1|       pointer|
|m_axi_gmem1_RDATA      |   in|   32|       m_axi|         gmem1|       pointer|
|m_axi_gmem1_RLAST      |   in|    1|       m_axi|         gmem1|       pointer|
|m_axi_gmem1_RID        |   in|    1|       m_axi|         gmem1|       pointer|
|m_axi_gmem1_RUSER      |   in|    1|       m_axi|         gmem1|       pointer|
|m_axi_gmem1_RRESP      |   in|    2|       m_axi|         gmem1|       pointer|
|m_axi_gmem1_BVALID     |   in|    1|       m_axi|         gmem1|       pointer|
|m_axi_gmem1_BREADY     |  out|    1|       m_axi|         gmem1|       pointer|
|m_axi_gmem1_BRESP      |   in|    2|       m_axi|         gmem1|       pointer|
|m_axi_gmem1_BID        |   in|    1|       m_axi|         gmem1|       pointer|
|m_axi_gmem1_BUSER      |   in|    1|       m_axi|         gmem1|       pointer|
+-----------------------+-----+-----+------------+--------------+--------------+

