

================================================================
== Vitis HLS Report for 'Conv2D_HW_Pipeline_loop_load_coef_x'
================================================================
* Date:           Tue Mar 24 17:13:57 2026

* Version:        2022.2 (Build 3670227 on Oct 13 2022)
* Project:        Task2_Vitis
* Solution:       solution1 (Vivado IP Flow Target)
* Product family: zynq
* Target device:  xc7z020i-clg400-1L


================================================================
== Performance Estimates
================================================================
+ Timing: 
    * Summary: 
    +--------+----------+----------+------------+
    |  Clock |  Target  | Estimated| Uncertainty|
    +--------+----------+----------+------------+
    |ap_clk  |  10.00 ns|  8.584 ns|     2.70 ns|
    +--------+----------+----------+------------+

+ Latency: 
    * Summary: 
    +---------+---------+----------+----------+-----+-----+---------+
    |  Latency (cycles) |  Latency (absolute) |  Interval | Pipeline|
    |   min   |   max   |    min   |    max   | min | max |   Type  |
    +---------+---------+----------+----------+-----+-----+---------+
    |        ?|        ?|         ?|         ?|    ?|    ?|       no|
    +---------+---------+----------+----------+-----+-----+---------+

    + Detail: 
        * Instance: 
        N/A

        * Loop: 
        +--------------------------------------------------------+---------+---------+----------+-----------+-----------+------+----------+
        |                                                        |  Latency (cycles) | Iteration|  Initiation Interval  | Trip |          |
        |                        Loop Name                       |   min   |   max   |  Latency |  achieved |   target  | Count| Pipelined|
        +--------------------------------------------------------+---------+---------+----------+-----------+-----------+------+----------+
        |- loop_load_channels_loop_load_coef_y_loop_load_coef_x  |        ?|        ?|        15|          1|          1|     ?|       yes|
        +--------------------------------------------------------+---------+---------+----------+-----------+-----------+------+----------+

============================================================
+ Verbose Summary: Synthesis Manager
============================================================
InlineROM: 1
ExposeGlobal: 0
============================================================
+ Verbose Summary: CDFG Model
============================================================
IsTopModel: 0
ResetActiveHigh: 1
IsCombinational: 0
IsDatapathOnly: 0
HasWiredReturn: 1
HasMFsm: 2
HasVarLatency: 1
IsPipeline: 0
IsRtlPipelined: 0
IsInstanceOverlapped: 0
IsDontTouch: 0
HasImplIP: 0
IsGatedGlobalClock: 0

+ Individual pipeline summary: 
  * Pipeline-0: initiation interval (II) = 1, depth = 16


============================================================
+ Verbose Summary: Schedule
============================================================
* Number of FSM states : 16
* Pipeline : 1
  Pipeline-0 : II = 1, D = 16, States = { 1 2 3 4 5 6 7 8 9 10 11 12 13 14 15 16 }
* Dataflow Pipeline: 0

* FSM state transitions: 
1 --> 2 
2 --> 3 
3 --> 4 
4 --> 5 
5 --> 6 
6 --> 7 
7 --> 8 
8 --> 9 
9 --> 10 
10 --> 11 
11 --> 12 
12 --> 13 
13 --> 14 
14 --> 15 
15 --> 16 
16 --> 

* FSM state operations: 

State 1 <SV = 0> <Delay = 1.58>
ST_1 : Operation 18 [1/1] (0.00ns)   --->   "%x = alloca i32 1"   --->   Operation 18 'alloca' 'x' <Predicate = true> <Delay = 0.00>
ST_1 : Operation 19 [1/1] (0.00ns)   --->   "%y = alloca i32 1"   --->   Operation 19 'alloca' 'y' <Predicate = true> <Delay = 0.00>
ST_1 : Operation 20 [1/1] (0.00ns)   --->   "%indvar_flatten = alloca i32 1"   --->   Operation 20 'alloca' 'indvar_flatten' <Predicate = true> <Delay = 0.00>
ST_1 : Operation 21 [1/1] (0.00ns)   --->   "%iChannel = alloca i32 1"   --->   Operation 21 'alloca' 'iChannel' <Predicate = true> <Delay = 0.00>
ST_1 : Operation 22 [1/1] (0.00ns)   --->   "%indvar_flatten49 = alloca i32 1"   --->   Operation 22 'alloca' 'indvar_flatten49' <Predicate = true> <Delay = 0.00>
ST_1 : Operation 23 [1/1] (0.00ns)   --->   "%coeffs_read = read i64 @_ssdm_op_Read.ap_auto.i64, i64 %coeffs"   --->   Operation 23 'read' 'coeffs_read' <Predicate = true> <Delay = 0.00>
ST_1 : Operation 24 [1/1] (0.00ns)   --->   "%icmp_ln44_1_read = read i1 @_ssdm_op_Read.ap_auto.i1, i1 %icmp_ln44_1"   --->   Operation 24 'read' 'icmp_ln44_1_read' <Predicate = true> <Delay = 0.00>
ST_1 : Operation 25 [1/1] (0.00ns)   --->   "%zext_ln43_3_read = read i32 @_ssdm_op_Read.ap_auto.i32, i32 %zext_ln43_3"   --->   Operation 25 'read' 'zext_ln43_3_read' <Predicate = true> <Delay = 0.00>
ST_1 : Operation 26 [1/1] (0.00ns)   --->   "%mul_ln13_read = read i64 @_ssdm_op_Read.ap_auto.i64, i64 %mul_ln13"   --->   Operation 26 'read' 'mul_ln13_read' <Predicate = true> <Delay = 0.00>
ST_1 : Operation 27 [1/1] (0.00ns)   --->   "%mul_ln13_1_read = read i96 @_ssdm_op_Read.ap_auto.i96, i96 %mul_ln13_1"   --->   Operation 27 'read' 'mul_ln13_1_read' <Predicate = true> <Delay = 0.00>
ST_1 : Operation 28 [1/1] (0.00ns)   --->   "%zext_ln42_read = read i32 @_ssdm_op_Read.ap_auto.i32, i32 %zext_ln42"   --->   Operation 28 'read' 'zext_ln42_read' <Predicate = true> <Delay = 0.00>
ST_1 : Operation 29 [1/1] (0.00ns)   --->   "%convWidth_read = read i32 @_ssdm_op_Read.ap_auto.i32, i32 %convWidth"   --->   Operation 29 'read' 'convWidth_read' <Predicate = true> <Delay = 0.00>
ST_1 : Operation 30 [1/1] (0.00ns)   --->   "%mul_ln39_read = read i32 @_ssdm_op_Read.ap_auto.i32, i32 %mul_ln39"   --->   Operation 30 'read' 'mul_ln39_read' <Predicate = true> <Delay = 0.00>
ST_1 : Operation 31 [1/1] (0.00ns)   --->   "%zext_ln42_cast = zext i32 %zext_ln42_read"   --->   Operation 31 'zext' 'zext_ln42_cast' <Predicate = true> <Delay = 0.00>
ST_1 : Operation 32 [1/1] (0.00ns)   --->   "%zext_ln43_3_cast = zext i32 %zext_ln43_3_read"   --->   Operation 32 'zext' 'zext_ln43_3_cast' <Predicate = true> <Delay = 0.00>
ST_1 : Operation 33 [1/1] (0.00ns)   --->   "%specinterface_ln0 = specinterface void @_ssdm_op_SpecInterface, i32 %gmem1, void @empty, i32 0, i32 0, void @empty_0, i32 0, i32 0, void @empty_3, void @empty_2, void @empty_0, i32 16, i32 16, i32 16, i32 16, void @empty_0, void @empty_0, i32 4294967295, i32 0"   --->   Operation 33 'specinterface' 'specinterface_ln0' <Predicate = true> <Delay = 0.00>
ST_1 : Operation 34 [1/1] (1.58ns)   --->   "%store_ln0 = store i96 0, i96 %indvar_flatten49"   --->   Operation 34 'store' 'store_ln0' <Predicate = true> <Delay = 1.58>
ST_1 : Operation 35 [1/1] (1.58ns)   --->   "%store_ln0 = store i32 0, i32 %iChannel"   --->   Operation 35 'store' 'store_ln0' <Predicate = true> <Delay = 1.58>
ST_1 : Operation 36 [1/1] (1.58ns)   --->   "%store_ln0 = store i64 0, i64 %indvar_flatten"   --->   Operation 36 'store' 'store_ln0' <Predicate = true> <Delay = 1.58>
ST_1 : Operation 37 [1/1] (1.58ns)   --->   "%store_ln0 = store i32 0, i32 %y"   --->   Operation 37 'store' 'store_ln0' <Predicate = true> <Delay = 1.58>
ST_1 : Operation 38 [1/1] (1.58ns)   --->   "%store_ln0 = store i32 0, i32 %x"   --->   Operation 38 'store' 'store_ln0' <Predicate = true> <Delay = 1.58>
ST_1 : Operation 39 [1/1] (1.58ns)   --->   "%br_ln0 = br void %for.inc"   --->   Operation 39 'br' 'br_ln0' <Predicate = true> <Delay = 1.58>

State 2 <SV = 1> <Delay = 6.58>
ST_2 : Operation 40 [1/1] (0.00ns)   --->   "%indvar_flatten_load = load i64 %indvar_flatten" [src/conv2d.cpp:43]   --->   Operation 40 'load' 'indvar_flatten_load' <Predicate = true> <Delay = 0.00>
ST_2 : Operation 41 [1/1] (0.00ns)   --->   "%indvar_flatten49_load = load i96 %indvar_flatten49" [src/conv2d.cpp:42]   --->   Operation 41 'load' 'indvar_flatten49_load' <Predicate = true> <Delay = 0.00>
ST_2 : Operation 42 [1/1] (3.12ns)   --->   "%icmp_ln42 = icmp_eq  i96 %indvar_flatten49_load, i96 %mul_ln13_1_read" [src/conv2d.cpp:42]   --->   Operation 42 'icmp' 'icmp_ln42' <Predicate = true> <Delay = 3.12> <CoreInst = "Cmp">   --->   Core 9 'Cmp' <Latency = 0> <II = 1> <Delay = 3.12> <FuncUnit> <Opcode : 'icmp'> <InPorts = 2> <OutPorts = 1>
ST_2 : Operation 43 [1/1] (4.43ns)   --->   "%add_ln42_1 = add i96 %indvar_flatten49_load, i96 1" [src/conv2d.cpp:42]   --->   Operation 43 'add' 'add_ln42_1' <Predicate = true> <Delay = 4.43> <CoreInst = "Adder">   --->   Core 1 'Adder' <Latency = 0> <II = 1> <Delay = 4.43> <FuncUnit> <Opcode : 'add' 'sub'> <InPorts = 2> <OutPorts = 1>
ST_2 : Operation 44 [1/1] (0.00ns)   --->   "%br_ln42 = br i1 %icmp_ln42, void %for.inc31.loopexit, void %loop_convolve_x.preheader.exitStub" [src/conv2d.cpp:42]   --->   Operation 44 'br' 'br_ln42' <Predicate = true> <Delay = 0.00>
ST_2 : Operation 45 [1/1] (2.77ns)   --->   "%icmp_ln43 = icmp_eq  i64 %indvar_flatten_load, i64 %mul_ln13_read" [src/conv2d.cpp:43]   --->   Operation 45 'icmp' 'icmp_ln43' <Predicate = (!icmp_ln42)> <Delay = 2.77> <CoreInst = "Cmp">   --->   Core 9 'Cmp' <Latency = 0> <II = 1> <Delay = 2.77> <FuncUnit> <Opcode : 'icmp'> <InPorts = 2> <OutPorts = 1>
ST_2 : Operation 46 [1/1] (3.52ns)   --->   "%add_ln43_7 = add i64 %indvar_flatten_load, i64 1" [src/conv2d.cpp:43]   --->   Operation 46 'add' 'add_ln43_7' <Predicate = (!icmp_ln42)> <Delay = 3.52> <CoreInst = "Adder">   --->   Core 1 'Adder' <Latency = 0> <II = 1> <Delay = 3.52> <FuncUnit> <Opcode : 'add' 'sub'> <InPorts = 2> <OutPorts = 1>
ST_2 : Operation 47 [1/1] (1.48ns)   --->   "%select_ln43_4 = select i1 %icmp_ln43, i64 1, i64 %add_ln43_7" [src/conv2d.cpp:43]   --->   Operation 47 'select' 'select_ln43_4' <Predicate = (!icmp_ln42)> <Delay = 1.48> <CoreInst = "Sel">   --->   Core 73 'Sel' <Latency = 0> <II = 1> <Delay = 1.48> <FuncUnit> <Opcode : 'select'> <InPorts = 3> <OutPorts = 1>
ST_2 : Operation 48 [1/1] (1.58ns)   --->   "%store_ln44 = store i96 %add_ln42_1, i96 %indvar_flatten49" [src/conv2d.cpp:44]   --->   Operation 48 'store' 'store_ln44' <Predicate = (!icmp_ln42)> <Delay = 1.58>
ST_2 : Operation 49 [1/1] (1.58ns)   --->   "%store_ln44 = store i64 %select_ln43_4, i64 %indvar_flatten" [src/conv2d.cpp:44]   --->   Operation 49 'store' 'store_ln44' <Predicate = (!icmp_ln42)> <Delay = 1.58>
ST_2 : Operation 50 [1/1] (0.00ns)   --->   "%br_ln44 = br void %for.inc" [src/conv2d.cpp:44]   --->   Operation 50 'br' 'br_ln44' <Predicate = (!icmp_ln42)> <Delay = 0.00>

State 3 <SV = 2> <Delay = 8.58>
ST_3 : Operation 51 [1/1] (0.00ns)   --->   "%first_iter_0 = phi i1 1, void %newFuncRoot, i1 0, void %arrayidx2711.exit"   --->   Operation 51 'phi' 'first_iter_0' <Predicate = true> <Delay = 0.00>
ST_3 : Operation 52 [1/1] (0.00ns)   --->   "%y_1 = load i32 %y"   --->   Operation 52 'load' 'y_1' <Predicate = true> <Delay = 0.00>
ST_3 : Operation 53 [1/1] (0.00ns)   --->   "%empty = trunc i32 %y_1"   --->   Operation 53 'trunc' 'empty' <Predicate = (!icmp_ln43)> <Delay = 0.00>
ST_3 : Operation 54 [1/1] (0.00ns)   --->   "%x_load = load i32 %x" [src/conv2d.cpp:44]   --->   Operation 54 'load' 'x_load' <Predicate = (!icmp_ln42)> <Delay = 0.00>
ST_3 : Operation 55 [1/1] (0.69ns)   --->   "%select_ln42 = select i1 %icmp_ln43, i32 0, i32 %y_1" [src/conv2d.cpp:42]   --->   Operation 55 'select' 'select_ln42' <Predicate = (!icmp_ln42)> <Delay = 0.69> <CoreInst = "Sel">   --->   Core 73 'Sel' <Latency = 0> <II = 1> <Delay = 0.69> <FuncUnit> <Opcode : 'select'> <InPorts = 3> <OutPorts = 1>
ST_3 : Operation 56 [1/1] (0.00ns) (grouped into LUT with out node or_ln43)   --->   "%or_ln42 = or i1 %icmp_ln43, i1 %first_iter_0" [src/conv2d.cpp:42]   --->   Operation 56 'or' 'or_ln42' <Predicate = (!icmp_ln42)> <Delay = 0.00> <CoreInst = "LogicGate">   --->   Core 74 'LogicGate' <Latency = 0> <II = 1> <Delay = 0.97> <FuncUnit> <Opcode : 'and' 'or' 'xor'> <InPorts = 2> <OutPorts = 1>
ST_3 : Operation 57 [1/1] (0.00ns) (grouped into LUT with out node select_ln43_2)   --->   "%select_ln42_3 = select i1 %icmp_ln43, i2 0, i2 %empty" [src/conv2d.cpp:42]   --->   Operation 57 'select' 'select_ln42_3' <Predicate = (!icmp_ln42)> <Delay = 0.00> <CoreInst = "Sel">   --->   Core 73 'Sel' <Latency = 0> <II = 1> <Delay = 0.99> <FuncUnit> <Opcode : 'select'> <InPorts = 3> <OutPorts = 1>
ST_3 : Operation 58 [1/1] (2.47ns)   --->   "%icmp_ln44 = icmp_eq  i32 %x_load, i32 %convWidth_read" [src/conv2d.cpp:44]   --->   Operation 58 'icmp' 'icmp_ln44' <Predicate = (!icmp_ln42 & !icmp_ln43)> <Delay = 2.47> <CoreInst = "Cmp">   --->   Core 9 'Cmp' <Latency = 0> <II = 1> <Delay = 2.47> <FuncUnit> <Opcode : 'icmp'> <InPorts = 2> <OutPorts = 1>
ST_3 : Operation 59 [1/1] (0.99ns)   --->   "%select_ln42_4 = select i1 %icmp_ln43, i1 %icmp_ln44_1_read, i1 %icmp_ln44" [src/conv2d.cpp:42]   --->   Operation 59 'select' 'select_ln42_4' <Predicate = (!icmp_ln42)> <Delay = 0.99> <CoreInst = "Sel">   --->   Core 73 'Sel' <Latency = 0> <II = 1> <Delay = 0.99> <FuncUnit> <Opcode : 'select'> <InPorts = 3> <OutPorts = 1>
ST_3 : Operation 60 [1/1] (2.55ns)   --->   "%add_ln43_3 = add i32 %select_ln42, i32 1" [src/conv2d.cpp:43]   --->   Operation 60 'add' 'add_ln43_3' <Predicate = (!icmp_ln42)> <Delay = 2.55> <CoreInst = "Adder">   --->   Core 1 'Adder' <Latency = 0> <II = 1> <Delay = 2.55> <FuncUnit> <Opcode : 'add' 'sub'> <InPorts = 2> <OutPorts = 1>
ST_3 : Operation 61 [1/1] (0.97ns) (out node of the LUT)   --->   "%or_ln43 = or i1 %select_ln42_4, i1 %or_ln42" [src/conv2d.cpp:43]   --->   Operation 61 'or' 'or_ln43' <Predicate = (!icmp_ln42)> <Delay = 0.97> <CoreInst = "LogicGate">   --->   Core 74 'LogicGate' <Latency = 0> <II = 1> <Delay = 0.97> <FuncUnit> <Opcode : 'and' 'or' 'xor'> <InPorts = 2> <OutPorts = 1>
ST_3 : Operation 62 [1/1] (0.00ns) (grouped into LUT with out node select_ln43)   --->   "%or_ln43_1 = or i1 %select_ln42_4, i1 %icmp_ln43" [src/conv2d.cpp:43]   --->   Operation 62 'or' 'or_ln43_1' <Predicate = (!icmp_ln42)> <Delay = 0.00> <CoreInst = "LogicGate">   --->   Core 74 'LogicGate' <Latency = 0> <II = 1> <Delay = 0.97> <FuncUnit> <Opcode : 'and' 'or' 'xor'> <InPorts = 2> <OutPorts = 1>
ST_3 : Operation 63 [1/1] (0.97ns) (out node of the LUT)   --->   "%select_ln43 = select i1 %or_ln43_1, i32 0, i32 %x_load" [src/conv2d.cpp:43]   --->   Operation 63 'select' 'select_ln43' <Predicate = (!icmp_ln42)> <Delay = 0.97> <CoreInst = "Sel">   --->   Core 73 'Sel' <Latency = 0> <II = 1> <Delay = 0.69> <FuncUnit> <Opcode : 'select'> <InPorts = 3> <OutPorts = 1>
ST_3 : Operation 64 [1/1] (0.00ns) (grouped into LUT with out node select_ln43_2)   --->   "%empty_39 = trunc i32 %add_ln43_3" [src/conv2d.cpp:43]   --->   Operation 64 'trunc' 'empty_39' <Predicate = (!icmp_ln42)> <Delay = 0.00>
ST_3 : Operation 65 [1/1] (0.99ns) (out node of the LUT)   --->   "%select_ln43_2 = select i1 %select_ln42_4, i2 %empty_39, i2 %select_ln42_3" [src/conv2d.cpp:43]   --->   Operation 65 'select' 'select_ln43_2' <Predicate = (!icmp_ln42)> <Delay = 0.99> <CoreInst = "Sel">   --->   Core 73 'Sel' <Latency = 0> <II = 1> <Delay = 0.99> <FuncUnit> <Opcode : 'select'> <InPorts = 3> <OutPorts = 1>
ST_3 : Operation 66 [1/1] (0.69ns)   --->   "%select_ln43_3 = select i1 %select_ln42_4, i32 %add_ln43_3, i32 %select_ln42" [src/conv2d.cpp:43]   --->   Operation 66 'select' 'select_ln43_3' <Predicate = (!icmp_ln42)> <Delay = 0.69> <CoreInst = "Sel">   --->   Core 73 'Sel' <Latency = 0> <II = 1> <Delay = 0.69> <FuncUnit> <Opcode : 'select'> <InPorts = 3> <OutPorts = 1>
ST_3 : Operation 67 [1/1] (0.00ns)   --->   "%br_ln44 = br i1 %or_ln43, void %for.inc.split, void %for.first.iter.for.inc" [src/conv2d.cpp:44]   --->   Operation 67 'br' 'br_ln44' <Predicate = (!icmp_ln42)> <Delay = 0.00>
ST_3 : Operation 68 [1/1] (0.00ns)   --->   "%trunc_ln46 = trunc i32 %select_ln43" [src/conv2d.cpp:46]   --->   Operation 68 'trunc' 'trunc_ln46' <Predicate = (!icmp_ln42)> <Delay = 0.00>
ST_3 : Operation 69 [1/1] (0.95ns)   --->   "%switch_ln46 = switch i2 %select_ln43_2, void %arrayidx2711.case.2, i2 0, void %arrayidx2711.case.0, i2 1, void %arrayidx2711.case.1" [src/conv2d.cpp:46]   --->   Operation 69 'switch' 'switch_ln46' <Predicate = (!icmp_ln42)> <Delay = 0.95>
ST_3 : Operation 70 [1/1] (0.95ns)   --->   "%switch_ln46 = switch i2 %trunc_ln46, void %arrayidx2711.case.284, i2 0, void %arrayidx2711.case.082, i2 1, void %arrayidx2711.case.183" [src/conv2d.cpp:46]   --->   Operation 70 'switch' 'switch_ln46' <Predicate = (!icmp_ln42 & select_ln43_2 == 1)> <Delay = 0.95>
ST_3 : Operation 71 [1/1] (0.00ns)   --->   "%br_ln46 = br void %arrayidx2711.exit" [src/conv2d.cpp:46]   --->   Operation 71 'br' 'br_ln46' <Predicate = (!icmp_ln42 & select_ln43_2 == 1)> <Delay = 0.00>
ST_3 : Operation 72 [1/1] (0.95ns)   --->   "%switch_ln46 = switch i2 %trunc_ln46, void %arrayidx2711.case.279, i2 0, void %arrayidx2711.case.077, i2 1, void %arrayidx2711.case.178" [src/conv2d.cpp:46]   --->   Operation 72 'switch' 'switch_ln46' <Predicate = (!icmp_ln42 & select_ln43_2 == 0)> <Delay = 0.95>
ST_3 : Operation 73 [1/1] (0.00ns)   --->   "%br_ln46 = br void %arrayidx2711.exit" [src/conv2d.cpp:46]   --->   Operation 73 'br' 'br_ln46' <Predicate = (!icmp_ln42 & select_ln43_2 == 0)> <Delay = 0.00>
ST_3 : Operation 74 [1/1] (0.95ns)   --->   "%switch_ln46 = switch i2 %trunc_ln46, void %arrayidx2711.case.289, i2 0, void %arrayidx2711.case.087, i2 1, void %arrayidx2711.case.188" [src/conv2d.cpp:46]   --->   Operation 74 'switch' 'switch_ln46' <Predicate = (!icmp_ln42 & select_ln43_2 != 0 & select_ln43_2 != 1)> <Delay = 0.95>
ST_3 : Operation 75 [1/1] (0.00ns)   --->   "%br_ln46 = br void %arrayidx2711.exit" [src/conv2d.cpp:46]   --->   Operation 75 'br' 'br_ln46' <Predicate = (!icmp_ln42 & select_ln43_2 != 0 & select_ln43_2 != 1)> <Delay = 0.00>
ST_3 : Operation 76 [1/1] (2.55ns)   --->   "%add_ln44 = add i32 %select_ln43, i32 1" [src/conv2d.cpp:44]   --->   Operation 76 'add' 'add_ln44' <Predicate = (!icmp_ln42)> <Delay = 2.55> <CoreInst = "Adder">   --->   Core 1 'Adder' <Latency = 0> <II = 1> <Delay = 2.55> <FuncUnit> <Opcode : 'add' 'sub'> <InPorts = 2> <OutPorts = 1>
ST_3 : Operation 77 [1/1] (1.58ns)   --->   "%store_ln44 = store i32 %select_ln43_3, i32 %y" [src/conv2d.cpp:44]   --->   Operation 77 'store' 'store_ln44' <Predicate = (!icmp_ln42)> <Delay = 1.58>
ST_3 : Operation 78 [1/1] (1.58ns)   --->   "%store_ln44 = store i32 %add_ln44, i32 %x" [src/conv2d.cpp:44]   --->   Operation 78 'store' 'store_ln44' <Predicate = (!icmp_ln42)> <Delay = 1.58>

State 4 <SV = 3> <Delay = 6.91>
ST_4 : Operation 79 [1/1] (0.00ns)   --->   "%iChannel_1 = load i32 %iChannel" [src/conv2d.cpp:42]   --->   Operation 79 'load' 'iChannel_1' <Predicate = true> <Delay = 0.00>
ST_4 : Operation 80 [2/2] (6.91ns)   --->   "%mul_ln42 = mul i32 %iChannel_1, i32 %mul_ln39_read" [src/conv2d.cpp:42]   --->   Operation 80 'mul' 'mul_ln42' <Predicate = true> <Delay = 6.91> <CoreInst = "Multiplier">   --->   Core 3 'Multiplier' <Latency = 1> <II = 1> <Delay = 6.91> <FuncUnit> <Opcode : 'mul'> <InPorts = 2> <OutPorts = 1>
ST_4 : Operation 81 [2/2] (6.91ns)   --->   "%mul_ln43 = mul i32 %y_1, i32 %convWidth_read" [src/conv2d.cpp:43]   --->   Operation 81 'mul' 'mul_ln43' <Predicate = (!icmp_ln43 & !select_ln42_4)> <Delay = 6.91> <CoreInst = "Multiplier">   --->   Core 3 'Multiplier' <Latency = 1> <II = 1> <Delay = 6.91> <FuncUnit> <Opcode : 'mul'> <InPorts = 2> <OutPorts = 1>
ST_4 : Operation 82 [1/1] (2.55ns)   --->   "%add_ln42 = add i32 %iChannel_1, i32 1" [src/conv2d.cpp:42]   --->   Operation 82 'add' 'add_ln42' <Predicate = true> <Delay = 2.55> <CoreInst = "Adder">   --->   Core 1 'Adder' <Latency = 0> <II = 1> <Delay = 2.55> <FuncUnit> <Opcode : 'add' 'sub'> <InPorts = 2> <OutPorts = 1>
ST_4 : Operation 83 [1/1] (0.69ns)   --->   "%select_ln42_1 = select i1 %icmp_ln43, i32 %add_ln42, i32 %iChannel_1" [src/conv2d.cpp:42]   --->   Operation 83 'select' 'select_ln42_1' <Predicate = (!icmp_ln42)> <Delay = 0.69> <CoreInst = "Sel">   --->   Core 73 'Sel' <Latency = 0> <II = 1> <Delay = 0.69> <FuncUnit> <Opcode : 'select'> <InPorts = 3> <OutPorts = 1>
ST_4 : Operation 84 [2/2] (6.91ns)   --->   "%mul_ln43_1 = mul i32 %add_ln43_3, i32 %convWidth_read" [src/conv2d.cpp:43]   --->   Operation 84 'mul' 'mul_ln43_1' <Predicate = (!icmp_ln42 & select_ln42_4)> <Delay = 6.91> <CoreInst = "Multiplier">   --->   Core 3 'Multiplier' <Latency = 1> <II = 1> <Delay = 6.91> <FuncUnit> <Opcode : 'mul'> <InPorts = 2> <OutPorts = 1>
ST_4 : Operation 85 [1/1] (1.58ns)   --->   "%store_ln44 = store i32 %select_ln42_1, i32 %iChannel" [src/conv2d.cpp:44]   --->   Operation 85 'store' 'store_ln44' <Predicate = (!icmp_ln42)> <Delay = 1.58>

State 5 <SV = 4> <Delay = 6.91>
ST_5 : Operation 86 [1/2] (6.91ns)   --->   "%mul_ln42 = mul i32 %iChannel_1, i32 %mul_ln39_read" [src/conv2d.cpp:42]   --->   Operation 86 'mul' 'mul_ln42' <Predicate = true> <Delay = 6.91> <CoreInst = "Multiplier">   --->   Core 3 'Multiplier' <Latency = 1> <II = 1> <Delay = 6.91> <FuncUnit> <Opcode : 'mul'> <InPorts = 2> <OutPorts = 1>
ST_5 : Operation 87 [1/2] (6.91ns)   --->   "%mul_ln43 = mul i32 %y_1, i32 %convWidth_read" [src/conv2d.cpp:43]   --->   Operation 87 'mul' 'mul_ln43' <Predicate = (!icmp_ln43 & !select_ln42_4)> <Delay = 6.91> <CoreInst = "Multiplier">   --->   Core 3 'Multiplier' <Latency = 1> <II = 1> <Delay = 6.91> <FuncUnit> <Opcode : 'mul'> <InPorts = 2> <OutPorts = 1>
ST_5 : Operation 88 [2/2] (6.91ns)   --->   "%mul_ln42_1 = mul i32 %add_ln42, i32 %mul_ln39_read" [src/conv2d.cpp:42]   --->   Operation 88 'mul' 'mul_ln42_1' <Predicate = (!icmp_ln42)> <Delay = 6.91> <CoreInst = "Multiplier">   --->   Core 3 'Multiplier' <Latency = 1> <II = 1> <Delay = 6.91> <FuncUnit> <Opcode : 'mul'> <InPorts = 2> <OutPorts = 1>
ST_5 : Operation 89 [1/2] (6.91ns)   --->   "%mul_ln43_1 = mul i32 %add_ln43_3, i32 %convWidth_read" [src/conv2d.cpp:43]   --->   Operation 89 'mul' 'mul_ln43_1' <Predicate = (!icmp_ln42 & select_ln42_4)> <Delay = 6.91> <CoreInst = "Multiplier">   --->   Core 3 'Multiplier' <Latency = 1> <II = 1> <Delay = 6.91> <FuncUnit> <Opcode : 'mul'> <InPorts = 2> <OutPorts = 1>

State 6 <SV = 5> <Delay = 6.91>
ST_6 : Operation 90 [1/1] (0.00ns)   --->   "%zext_ln43_1 = zext i32 %mul_ln43" [src/conv2d.cpp:43]   --->   Operation 90 'zext' 'zext_ln43_1' <Predicate = (!icmp_ln43 & !select_ln42_4)> <Delay = 0.00>
ST_6 : Operation 91 [1/1] (2.55ns)   --->   "%add_ln43 = add i33 %zext_ln42_cast, i33 %zext_ln43_1" [src/conv2d.cpp:43]   --->   Operation 91 'add' 'add_ln43' <Predicate = (!icmp_ln43 & !select_ln42_4)> <Delay = 2.55> <CoreInst = "Adder">   --->   Core 1 'Adder' <Latency = 0> <II = 1> <Delay = 2.55> <FuncUnit> <Opcode : 'add' 'sub'> <InPorts = 2> <OutPorts = 1>
ST_6 : Operation 92 [1/2] (6.91ns)   --->   "%mul_ln42_1 = mul i32 %add_ln42, i32 %mul_ln39_read" [src/conv2d.cpp:42]   --->   Operation 92 'mul' 'mul_ln42_1' <Predicate = (!icmp_ln42)> <Delay = 6.91> <CoreInst = "Multiplier">   --->   Core 3 'Multiplier' <Latency = 1> <II = 1> <Delay = 6.91> <FuncUnit> <Opcode : 'mul'> <InPorts = 2> <OutPorts = 1>
ST_6 : Operation 93 [1/1] (0.00ns)   --->   "%zext_ln43_5 = zext i32 %mul_ln43_1" [src/conv2d.cpp:43]   --->   Operation 93 'zext' 'zext_ln43_5' <Predicate = (!icmp_ln42 & select_ln42_4)> <Delay = 0.00>
ST_6 : Operation 94 [1/1] (2.55ns)   --->   "%add_ln43_4 = add i33 %zext_ln42_cast, i33 %zext_ln43_5" [src/conv2d.cpp:43]   --->   Operation 94 'add' 'add_ln43_4' <Predicate = (!icmp_ln42 & select_ln42_4)> <Delay = 2.55> <CoreInst = "Adder">   --->   Core 1 'Adder' <Latency = 0> <II = 1> <Delay = 2.55> <FuncUnit> <Opcode : 'add' 'sub'> <InPorts = 2> <OutPorts = 1>

State 7 <SV = 6> <Delay = 6.11>
ST_7 : Operation 95 [1/1] (0.00ns)   --->   "%specbitsmap_ln0 = specbitsmap void @_ssdm_op_SpecBitsMap, i32 %gmem1"   --->   Operation 95 'specbitsmap' 'specbitsmap_ln0' <Predicate = true> <Delay = 0.00>
ST_7 : Operation 96 [1/1] (0.00ns)   --->   "%zext_ln43 = zext i32 %mul_ln42" [src/conv2d.cpp:43]   --->   Operation 96 'zext' 'zext_ln43' <Predicate = (!icmp_ln43 & !select_ln42_4)> <Delay = 0.00>
ST_7 : Operation 97 [1/1] (0.00ns)   --->   "%zext_ln43_2 = zext i33 %add_ln43" [src/conv2d.cpp:43]   --->   Operation 97 'zext' 'zext_ln43_2' <Predicate = (!icmp_ln43 & !select_ln42_4)> <Delay = 0.00>
ST_7 : Operation 98 [1/1] (2.59ns)   --->   "%add_ln43_1 = add i34 %zext_ln43_2, i34 %zext_ln43" [src/conv2d.cpp:43]   --->   Operation 98 'add' 'add_ln43_1' <Predicate = (!icmp_ln43 & !select_ln42_4)> <Delay = 2.59> <CoreInst = "Adder">   --->   Core 1 'Adder' <Latency = 0> <II = 1> <Delay = 2.59> <FuncUnit> <Opcode : 'add' 'sub'> <InPorts = 2> <OutPorts = 1>
ST_7 : Operation 99 [1/1] (0.00ns)   --->   "%zext_ln42_3 = zext i32 %mul_ln42_1" [src/conv2d.cpp:42]   --->   Operation 99 'zext' 'zext_ln42_3' <Predicate = (!icmp_ln42 & icmp_ln43 & !select_ln42_4)> <Delay = 0.00>
ST_7 : Operation 100 [1/1] (0.00ns) (grouped into LUT with out node add_ln43_5)   --->   "%select_ln42_2 = select i1 %icmp_ln43, i32 %mul_ln42_1, i32 %mul_ln42" [src/conv2d.cpp:42]   --->   Operation 100 'select' 'select_ln42_2' <Predicate = (!icmp_ln42 & select_ln42_4)> <Delay = 0.00> <CoreInst = "Sel">   --->   Core 73 'Sel' <Latency = 0> <II = 1> <Delay = 0.69> <FuncUnit> <Opcode : 'select'> <InPorts = 3> <OutPorts = 1>
ST_7 : Operation 101 [1/1] (0.00ns) (grouped into LUT with out node add_ln43_5)   --->   "%zext_ln42_2 = zext i32 %select_ln42_2" [src/conv2d.cpp:42]   --->   Operation 101 'zext' 'zext_ln42_2' <Predicate = (!icmp_ln42 & select_ln42_4)> <Delay = 0.00>
ST_7 : Operation 102 [1/1] (2.55ns)   --->   "%add_ln43_2 = add i33 %zext_ln43_3_cast, i33 %zext_ln42_3" [src/conv2d.cpp:43]   --->   Operation 102 'add' 'add_ln43_2' <Predicate = (!icmp_ln42 & icmp_ln43 & !select_ln42_4)> <Delay = 2.55> <CoreInst = "Adder">   --->   Core 1 'Adder' <Latency = 0> <II = 1> <Delay = 2.55> <FuncUnit> <Opcode : 'add' 'sub'> <InPorts = 2> <OutPorts = 1>
ST_7 : Operation 103 [1/1] (0.00ns) (grouped into LUT with out node add_ln43_6)   --->   "%zext_ln43_4 = zext i33 %add_ln43_2" [src/conv2d.cpp:43]   --->   Operation 103 'zext' 'zext_ln43_4' <Predicate = (!icmp_ln42 & icmp_ln43 & !select_ln42_4)> <Delay = 0.00>
ST_7 : Operation 104 [1/1] (0.00ns) (grouped into LUT with out node add_ln43_5)   --->   "%zext_ln43_6 = zext i33 %add_ln43_4" [src/conv2d.cpp:43]   --->   Operation 104 'zext' 'zext_ln43_6' <Predicate = (!icmp_ln42 & select_ln42_4)> <Delay = 0.00>
ST_7 : Operation 105 [1/1] (2.59ns) (out node of the LUT)   --->   "%add_ln43_5 = add i34 %zext_ln43_6, i34 %zext_ln42_2" [src/conv2d.cpp:43]   --->   Operation 105 'add' 'add_ln43_5' <Predicate = (!icmp_ln42 & select_ln42_4)> <Delay = 2.59> <CoreInst = "Adder">   --->   Core 1 'Adder' <Latency = 0> <II = 1> <Delay = 2.59> <FuncUnit> <Opcode : 'add' 'sub'> <InPorts = 2> <OutPorts = 1>
ST_7 : Operation 106 [1/1] (0.00ns) (grouped into LUT with out node add_ln43_6)   --->   "%select_ln42_5 = select i1 %icmp_ln43, i34 %zext_ln43_4, i34 %add_ln43_1" [src/conv2d.cpp:42]   --->   Operation 106 'select' 'select_ln42_5' <Predicate = (!icmp_ln42 & !select_ln42_4)> <Delay = 0.00> <CoreInst = "Sel">   --->   Core 73 'Sel' <Latency = 0> <II = 1> <Delay = 0.91> <FuncUnit> <Opcode : 'select'> <InPorts = 3> <OutPorts = 1>
ST_7 : Operation 107 [1/1] (0.00ns) (grouped into LUT with out node add_ln43_6)   --->   "%select_ln43_1 = select i1 %select_ln42_4, i34 %add_ln43_5, i34 %select_ln42_5" [src/conv2d.cpp:43]   --->   Operation 107 'select' 'select_ln43_1' <Predicate = (!icmp_ln42)> <Delay = 0.00> <CoreInst = "Sel">   --->   Core 73 'Sel' <Latency = 0> <II = 1> <Delay = 0.91> <FuncUnit> <Opcode : 'select'> <InPorts = 3> <OutPorts = 1>
ST_7 : Operation 108 [1/1] (0.00ns) (grouped into LUT with out node add_ln43_6)   --->   "%sext_ln44_mid2_v_v_v_v_v = bitconcatenate i36 @_ssdm_op_BitConcatenate.i36.i34.i2, i34 %select_ln43_1, i2 0" [src/conv2d.cpp:43]   --->   Operation 108 'bitconcatenate' 'sext_ln44_mid2_v_v_v_v_v' <Predicate = (!icmp_ln42)> <Delay = 0.00>
ST_7 : Operation 109 [1/1] (0.00ns) (grouped into LUT with out node add_ln43_6)   --->   "%zext_ln43_7 = zext i36 %sext_ln44_mid2_v_v_v_v_v" [src/conv2d.cpp:43]   --->   Operation 109 'zext' 'zext_ln43_7' <Predicate = (!icmp_ln42)> <Delay = 0.00>
ST_7 : Operation 110 [1/1] (3.52ns) (out node of the LUT)   --->   "%add_ln43_6 = add i64 %zext_ln43_7, i64 %coeffs_read" [src/conv2d.cpp:43]   --->   Operation 110 'add' 'add_ln43_6' <Predicate = (!icmp_ln42)> <Delay = 3.52> <CoreInst = "Adder">   --->   Core 1 'Adder' <Latency = 0> <II = 1> <Delay = 3.52> <FuncUnit> <Opcode : 'add' 'sub'> <InPorts = 2> <OutPorts = 1>
ST_7 : Operation 111 [1/1] (0.00ns)   --->   "%sext_ln44_mid2_v = partselect i62 @_ssdm_op_PartSelect.i62.i64.i32.i32, i64 %add_ln43_6, i32 2, i32 63" [src/conv2d.cpp:43]   --->   Operation 111 'partselect' 'sext_ln44_mid2_v' <Predicate = (!icmp_ln42)> <Delay = 0.00>

State 8 <SV = 7> <Delay = 7.30>
ST_8 : Operation 112 [1/1] (0.00ns)   --->   "%sext_ln43 = sext i62 %sext_ln44_mid2_v" [src/conv2d.cpp:43]   --->   Operation 112 'sext' 'sext_ln43' <Predicate = true> <Delay = 0.00>
ST_8 : Operation 113 [1/1] (0.00ns)   --->   "%gmem1_addr = getelementptr i32 %gmem1, i64 %sext_ln43" [src/conv2d.cpp:44]   --->   Operation 113 'getelementptr' 'gmem1_addr' <Predicate = (or_ln43)> <Delay = 0.00>
ST_8 : Operation 114 [7/7] (7.30ns)   --->   "%empty_38 = readreq i1 @_ssdm_op_ReadReq.m_axi.p1i32, i32 %gmem1_addr, i32 %convWidth_read" [src/conv2d.cpp:44]   --->   Operation 114 'readreq' 'empty_38' <Predicate = (or_ln43)> <Delay = 7.30> <CoreInst = "m_axi">   --->   Core 113 'm_axi' <Latency = 0> <II = 1> <Delay = 1.00> <Adapter> <Opcode : 'read' 'write' 'readreq' 'writereq' 'writeresp'>
ST_8 : Operation 115 [1/1] (0.00ns)   --->   "%gmem1_addr_1 = getelementptr i32 %gmem1, i64 %sext_ln43" [src/conv2d.cpp:44]   --->   Operation 115 'getelementptr' 'gmem1_addr_1' <Predicate = true> <Delay = 0.00>

State 9 <SV = 8> <Delay = 7.30>
ST_9 : Operation 116 [6/7] (7.30ns)   --->   "%empty_38 = readreq i1 @_ssdm_op_ReadReq.m_axi.p1i32, i32 %gmem1_addr, i32 %convWidth_read" [src/conv2d.cpp:44]   --->   Operation 116 'readreq' 'empty_38' <Predicate = (or_ln43)> <Delay = 7.30> <CoreInst = "m_axi">   --->   Core 113 'm_axi' <Latency = 0> <II = 1> <Delay = 1.00> <Adapter> <Opcode : 'read' 'write' 'readreq' 'writereq' 'writeresp'>

State 10 <SV = 9> <Delay = 7.30>
ST_10 : Operation 117 [5/7] (7.30ns)   --->   "%empty_38 = readreq i1 @_ssdm_op_ReadReq.m_axi.p1i32, i32 %gmem1_addr, i32 %convWidth_read" [src/conv2d.cpp:44]   --->   Operation 117 'readreq' 'empty_38' <Predicate = (or_ln43)> <Delay = 7.30> <CoreInst = "m_axi">   --->   Core 113 'm_axi' <Latency = 0> <II = 1> <Delay = 1.00> <Adapter> <Opcode : 'read' 'write' 'readreq' 'writereq' 'writeresp'>

State 11 <SV = 10> <Delay = 7.30>
ST_11 : Operation 118 [4/7] (7.30ns)   --->   "%empty_38 = readreq i1 @_ssdm_op_ReadReq.m_axi.p1i32, i32 %gmem1_addr, i32 %convWidth_read" [src/conv2d.cpp:44]   --->   Operation 118 'readreq' 'empty_38' <Predicate = (or_ln43)> <Delay = 7.30> <CoreInst = "m_axi">   --->   Core 113 'm_axi' <Latency = 0> <II = 1> <Delay = 1.00> <Adapter> <Opcode : 'read' 'write' 'readreq' 'writereq' 'writeresp'>

State 12 <SV = 11> <Delay = 7.30>
ST_12 : Operation 119 [3/7] (7.30ns)   --->   "%empty_38 = readreq i1 @_ssdm_op_ReadReq.m_axi.p1i32, i32 %gmem1_addr, i32 %convWidth_read" [src/conv2d.cpp:44]   --->   Operation 119 'readreq' 'empty_38' <Predicate = (or_ln43)> <Delay = 7.30> <CoreInst = "m_axi">   --->   Core 113 'm_axi' <Latency = 0> <II = 1> <Delay = 1.00> <Adapter> <Opcode : 'read' 'write' 'readreq' 'writereq' 'writeresp'>

State 13 <SV = 12> <Delay = 7.30>
ST_13 : Operation 120 [2/7] (7.30ns)   --->   "%empty_38 = readreq i1 @_ssdm_op_ReadReq.m_axi.p1i32, i32 %gmem1_addr, i32 %convWidth_read" [src/conv2d.cpp:44]   --->   Operation 120 'readreq' 'empty_38' <Predicate = (or_ln43)> <Delay = 7.30> <CoreInst = "m_axi">   --->   Core 113 'm_axi' <Latency = 0> <II = 1> <Delay = 1.00> <Adapter> <Opcode : 'read' 'write' 'readreq' 'writereq' 'writeresp'>

State 14 <SV = 13> <Delay = 7.30>
ST_14 : Operation 121 [1/7] (7.30ns)   --->   "%empty_38 = readreq i1 @_ssdm_op_ReadReq.m_axi.p1i32, i32 %gmem1_addr, i32 %convWidth_read" [src/conv2d.cpp:44]   --->   Operation 121 'readreq' 'empty_38' <Predicate = (or_ln43)> <Delay = 7.30> <CoreInst = "m_axi">   --->   Core 113 'm_axi' <Latency = 0> <II = 1> <Delay = 1.00> <Adapter> <Opcode : 'read' 'write' 'readreq' 'writereq' 'writeresp'>
ST_14 : Operation 122 [1/1] (0.00ns)   --->   "%br_ln44 = br void %for.inc.split" [src/conv2d.cpp:44]   --->   Operation 122 'br' 'br_ln44' <Predicate = (or_ln43)> <Delay = 0.00>

State 15 <SV = 14> <Delay = 7.30>
ST_15 : Operation 123 [1/1] (0.00ns)   --->   "%specpipeline_ln45 = specpipeline void @_ssdm_op_SpecPipeline, i32 1, i32 0, i32 0, i32 0, void @empty_0" [src/conv2d.cpp:45]   --->   Operation 123 'specpipeline' 'specpipeline_ln45' <Predicate = true> <Delay = 0.00>
ST_15 : Operation 124 [1/1] (0.00ns)   --->   "%specloopname_ln44 = specloopname void @_ssdm_op_SpecLoopName, void @empty_18" [src/conv2d.cpp:44]   --->   Operation 124 'specloopname' 'specloopname_ln44' <Predicate = true> <Delay = 0.00>
ST_15 : Operation 125 [1/1] (7.30ns)   --->   "%gmem1_addr_1_read = read i32 @_ssdm_op_Read.m_axi.p1i32, i32 %gmem1_addr_1" [src/conv2d.cpp:46]   --->   Operation 125 'read' 'gmem1_addr_1_read' <Predicate = true> <Delay = 7.30> <CoreInst = "m_axi">   --->   Core 113 'm_axi' <Latency = 0> <II = 1> <Delay = 1.00> <Adapter> <Opcode : 'read' 'write' 'readreq' 'writereq' 'writeresp'>
ST_15 : Operation 156 [1/1] (0.00ns)   --->   "%ret_ln0 = ret"   --->   Operation 156 'ret' 'ret_ln0' <Predicate = (icmp_ln42)> <Delay = 0.00>

State 16 <SV = 15> <Delay = 3.25>
ST_16 : Operation 126 [1/1] (0.00ns)   --->   "%specloopname_ln0 = specloopname void @_ssdm_op_SpecLoopName, void @loop_load_channels_loop_load_coef_y_loop_load_coef_x_str"   --->   Operation 126 'specloopname' 'specloopname_ln0' <Predicate = true> <Delay = 0.00>
ST_16 : Operation 127 [1/1] (0.00ns)   --->   "%zext_ln42_1 = zext i32 %select_ln42_1" [src/conv2d.cpp:42]   --->   Operation 127 'zext' 'zext_ln42_1' <Predicate = true> <Delay = 0.00>
ST_16 : Operation 128 [1/1] (0.00ns)   --->   "%specloopname_ln0 = specloopname void @_ssdm_op_SpecLoopName, void @loop_load_coef_y_loop_load_coef_x_str"   --->   Operation 128 'specloopname' 'specloopname_ln0' <Predicate = true> <Delay = 0.00>
ST_16 : Operation 129 [1/1] (0.00ns)   --->   "%filterCoeffs_4_addr = getelementptr i32 %filterCoeffs_4, i64 0, i64 %zext_ln42_1" [src/conv2d.cpp:42]   --->   Operation 129 'getelementptr' 'filterCoeffs_4_addr' <Predicate = (select_ln43_2 == 1 & trunc_ln46 == 1)> <Delay = 0.00>
ST_16 : Operation 130 [1/1] (3.25ns)   --->   "%store_ln46 = store i32 %gmem1_addr_1_read, i8 %filterCoeffs_4_addr" [src/conv2d.cpp:46]   --->   Operation 130 'store' 'store_ln46' <Predicate = (select_ln43_2 == 1 & trunc_ln46 == 1)> <Delay = 3.25> <CoreInst = "RAM">   --->   Core 82 'RAM' <Latency = 1> <II = 1> <Delay = 3.25> <Storage> <Opcode : 'load' 'store'> <Ports = 2> <Width = 32> <Depth = 256> <RAM>
ST_16 : Operation 131 [1/1] (0.00ns)   --->   "%br_ln46 = br void %arrayidx2711.exit81" [src/conv2d.cpp:46]   --->   Operation 131 'br' 'br_ln46' <Predicate = (select_ln43_2 == 1 & trunc_ln46 == 1)> <Delay = 0.00>
ST_16 : Operation 132 [1/1] (0.00ns)   --->   "%filterCoeffs_3_addr = getelementptr i32 %filterCoeffs_3, i64 0, i64 %zext_ln42_1" [src/conv2d.cpp:42]   --->   Operation 132 'getelementptr' 'filterCoeffs_3_addr' <Predicate = (select_ln43_2 == 1 & trunc_ln46 == 0)> <Delay = 0.00>
ST_16 : Operation 133 [1/1] (3.25ns)   --->   "%store_ln46 = store i32 %gmem1_addr_1_read, i8 %filterCoeffs_3_addr" [src/conv2d.cpp:46]   --->   Operation 133 'store' 'store_ln46' <Predicate = (select_ln43_2 == 1 & trunc_ln46 == 0)> <Delay = 3.25> <CoreInst = "RAM">   --->   Core 82 'RAM' <Latency = 1> <II = 1> <Delay = 3.25> <Storage> <Opcode : 'load' 'store'> <Ports = 2> <Width = 32> <Depth = 256> <RAM>
ST_16 : Operation 134 [1/1] (0.00ns)   --->   "%br_ln46 = br void %arrayidx2711.exit81" [src/conv2d.cpp:46]   --->   Operation 134 'br' 'br_ln46' <Predicate = (select_ln43_2 == 1 & trunc_ln46 == 0)> <Delay = 0.00>
ST_16 : Operation 135 [1/1] (0.00ns)   --->   "%filterCoeffs_5_addr = getelementptr i32 %filterCoeffs_5, i64 0, i64 %zext_ln42_1" [src/conv2d.cpp:42]   --->   Operation 135 'getelementptr' 'filterCoeffs_5_addr' <Predicate = (select_ln43_2 == 1 & trunc_ln46 != 0 & trunc_ln46 != 1)> <Delay = 0.00>
ST_16 : Operation 136 [1/1] (3.25ns)   --->   "%store_ln46 = store i32 %gmem1_addr_1_read, i8 %filterCoeffs_5_addr" [src/conv2d.cpp:46]   --->   Operation 136 'store' 'store_ln46' <Predicate = (select_ln43_2 == 1 & trunc_ln46 != 0 & trunc_ln46 != 1)> <Delay = 3.25> <CoreInst = "RAM">   --->   Core 82 'RAM' <Latency = 1> <II = 1> <Delay = 3.25> <Storage> <Opcode : 'load' 'store'> <Ports = 2> <Width = 32> <Depth = 256> <RAM>
ST_16 : Operation 137 [1/1] (0.00ns)   --->   "%br_ln46 = br void %arrayidx2711.exit81" [src/conv2d.cpp:46]   --->   Operation 137 'br' 'br_ln46' <Predicate = (select_ln43_2 == 1 & trunc_ln46 != 0 & trunc_ln46 != 1)> <Delay = 0.00>
ST_16 : Operation 138 [1/1] (0.00ns)   --->   "%filterCoeffs_1_addr = getelementptr i32 %filterCoeffs_1, i64 0, i64 %zext_ln42_1" [src/conv2d.cpp:42]   --->   Operation 138 'getelementptr' 'filterCoeffs_1_addr' <Predicate = (select_ln43_2 == 0 & trunc_ln46 == 1)> <Delay = 0.00>
ST_16 : Operation 139 [1/1] (3.25ns)   --->   "%store_ln46 = store i32 %gmem1_addr_1_read, i8 %filterCoeffs_1_addr" [src/conv2d.cpp:46]   --->   Operation 139 'store' 'store_ln46' <Predicate = (select_ln43_2 == 0 & trunc_ln46 == 1)> <Delay = 3.25> <CoreInst = "RAM">   --->   Core 82 'RAM' <Latency = 1> <II = 1> <Delay = 3.25> <Storage> <Opcode : 'load' 'store'> <Ports = 2> <Width = 32> <Depth = 256> <RAM>
ST_16 : Operation 140 [1/1] (0.00ns)   --->   "%br_ln46 = br void %arrayidx2711.exit76" [src/conv2d.cpp:46]   --->   Operation 140 'br' 'br_ln46' <Predicate = (select_ln43_2 == 0 & trunc_ln46 == 1)> <Delay = 0.00>
ST_16 : Operation 141 [1/1] (0.00ns)   --->   "%filterCoeffs_addr = getelementptr i32 %filterCoeffs, i64 0, i64 %zext_ln42_1" [src/conv2d.cpp:42]   --->   Operation 141 'getelementptr' 'filterCoeffs_addr' <Predicate = (select_ln43_2 == 0 & trunc_ln46 == 0)> <Delay = 0.00>
ST_16 : Operation 142 [1/1] (3.25ns)   --->   "%store_ln46 = store i32 %gmem1_addr_1_read, i8 %filterCoeffs_addr" [src/conv2d.cpp:46]   --->   Operation 142 'store' 'store_ln46' <Predicate = (select_ln43_2 == 0 & trunc_ln46 == 0)> <Delay = 3.25> <CoreInst = "RAM">   --->   Core 82 'RAM' <Latency = 1> <II = 1> <Delay = 3.25> <Storage> <Opcode : 'load' 'store'> <Ports = 2> <Width = 32> <Depth = 256> <RAM>
ST_16 : Operation 143 [1/1] (0.00ns)   --->   "%br_ln46 = br void %arrayidx2711.exit76" [src/conv2d.cpp:46]   --->   Operation 143 'br' 'br_ln46' <Predicate = (select_ln43_2 == 0 & trunc_ln46 == 0)> <Delay = 0.00>
ST_16 : Operation 144 [1/1] (0.00ns)   --->   "%filterCoeffs_2_addr = getelementptr i32 %filterCoeffs_2, i64 0, i64 %zext_ln42_1" [src/conv2d.cpp:42]   --->   Operation 144 'getelementptr' 'filterCoeffs_2_addr' <Predicate = (select_ln43_2 == 0 & trunc_ln46 != 0 & trunc_ln46 != 1)> <Delay = 0.00>
ST_16 : Operation 145 [1/1] (3.25ns)   --->   "%store_ln46 = store i32 %gmem1_addr_1_read, i8 %filterCoeffs_2_addr" [src/conv2d.cpp:46]   --->   Operation 145 'store' 'store_ln46' <Predicate = (select_ln43_2 == 0 & trunc_ln46 != 0 & trunc_ln46 != 1)> <Delay = 3.25> <CoreInst = "RAM">   --->   Core 82 'RAM' <Latency = 1> <II = 1> <Delay = 3.25> <Storage> <Opcode : 'load' 'store'> <Ports = 2> <Width = 32> <Depth = 256> <RAM>
ST_16 : Operation 146 [1/1] (0.00ns)   --->   "%br_ln46 = br void %arrayidx2711.exit76" [src/conv2d.cpp:46]   --->   Operation 146 'br' 'br_ln46' <Predicate = (select_ln43_2 == 0 & trunc_ln46 != 0 & trunc_ln46 != 1)> <Delay = 0.00>
ST_16 : Operation 147 [1/1] (0.00ns)   --->   "%filterCoeffs_7_addr = getelementptr i32 %filterCoeffs_7, i64 0, i64 %zext_ln42_1" [src/conv2d.cpp:42]   --->   Operation 147 'getelementptr' 'filterCoeffs_7_addr' <Predicate = (select_ln43_2 != 0 & select_ln43_2 != 1 & trunc_ln46 == 1)> <Delay = 0.00>
ST_16 : Operation 148 [1/1] (3.25ns)   --->   "%store_ln46 = store i32 %gmem1_addr_1_read, i8 %filterCoeffs_7_addr" [src/conv2d.cpp:46]   --->   Operation 148 'store' 'store_ln46' <Predicate = (select_ln43_2 != 0 & select_ln43_2 != 1 & trunc_ln46 == 1)> <Delay = 3.25> <CoreInst = "RAM">   --->   Core 82 'RAM' <Latency = 1> <II = 1> <Delay = 3.25> <Storage> <Opcode : 'load' 'store'> <Ports = 2> <Width = 32> <Depth = 256> <RAM>
ST_16 : Operation 149 [1/1] (0.00ns)   --->   "%br_ln46 = br void %arrayidx2711.exit86" [src/conv2d.cpp:46]   --->   Operation 149 'br' 'br_ln46' <Predicate = (select_ln43_2 != 0 & select_ln43_2 != 1 & trunc_ln46 == 1)> <Delay = 0.00>
ST_16 : Operation 150 [1/1] (0.00ns)   --->   "%filterCoeffs_6_addr = getelementptr i32 %filterCoeffs_6, i64 0, i64 %zext_ln42_1" [src/conv2d.cpp:42]   --->   Operation 150 'getelementptr' 'filterCoeffs_6_addr' <Predicate = (select_ln43_2 != 0 & select_ln43_2 != 1 & trunc_ln46 == 0)> <Delay = 0.00>
ST_16 : Operation 151 [1/1] (3.25ns)   --->   "%store_ln46 = store i32 %gmem1_addr_1_read, i8 %filterCoeffs_6_addr" [src/conv2d.cpp:46]   --->   Operation 151 'store' 'store_ln46' <Predicate = (select_ln43_2 != 0 & select_ln43_2 != 1 & trunc_ln46 == 0)> <Delay = 3.25> <CoreInst = "RAM">   --->   Core 82 'RAM' <Latency = 1> <II = 1> <Delay = 3.25> <Storage> <Opcode : 'load' 'store'> <Ports = 2> <Width = 32> <Depth = 256> <RAM>
ST_16 : Operation 152 [1/1] (0.00ns)   --->   "%br_ln46 = br void %arrayidx2711.exit86" [src/conv2d.cpp:46]   --->   Operation 152 'br' 'br_ln46' <Predicate = (select_ln43_2 != 0 & select_ln43_2 != 1 & trunc_ln46 == 0)> <Delay = 0.00>
ST_16 : Operation 153 [1/1] (0.00ns)   --->   "%filterCoeffs_8_addr = getelementptr i32 %filterCoeffs_8, i64 0, i64 %zext_ln42_1" [src/conv2d.cpp:42]   --->   Operation 153 'getelementptr' 'filterCoeffs_8_addr' <Predicate = (select_ln43_2 != 0 & select_ln43_2 != 1 & trunc_ln46 != 0 & trunc_ln46 != 1)> <Delay = 0.00>
ST_16 : Operation 154 [1/1] (3.25ns)   --->   "%store_ln46 = store i32 %gmem1_addr_1_read, i8 %filterCoeffs_8_addr" [src/conv2d.cpp:46]   --->   Operation 154 'store' 'store_ln46' <Predicate = (select_ln43_2 != 0 & select_ln43_2 != 1 & trunc_ln46 != 0 & trunc_ln46 != 1)> <Delay = 3.25> <CoreInst = "RAM">   --->   Core 82 'RAM' <Latency = 1> <II = 1> <Delay = 3.25> <Storage> <Opcode : 'load' 'store'> <Ports = 2> <Width = 32> <Depth = 256> <RAM>
ST_16 : Operation 155 [1/1] (0.00ns)   --->   "%br_ln46 = br void %arrayidx2711.exit86" [src/conv2d.cpp:46]   --->   Operation 155 'br' 'br_ln46' <Predicate = (select_ln43_2 != 0 & select_ln43_2 != 1 & trunc_ln46 != 0 & trunc_ln46 != 1)> <Delay = 0.00>


============================================================
+ Verbose Summary: Timing violations
============================================================
Target clock period: 10ns, clock uncertainty: 2.7ns.

 <State 1>: 1.59ns
The critical path consists of the following:
	'alloca' operation ('indvar_flatten49') [23]  (0 ns)
	'store' operation ('store_ln0') of constant 0 on local variable 'indvar_flatten49' [35]  (1.59 ns)

 <State 2>: 6.59ns
The critical path consists of the following:
	'load' operation ('indvar_flatten_load', src/conv2d.cpp:43) on local variable 'indvar_flatten' [44]  (0 ns)
	'add' operation ('add_ln43_7', src/conv2d.cpp:43) [159]  (3.52 ns)
	'select' operation ('select_ln43_4', src/conv2d.cpp:43) [160]  (1.48 ns)
	'store' operation ('store_ln44', src/conv2d.cpp:44) of variable 'select_ln43_4', src/conv2d.cpp:43 on local variable 'indvar_flatten' [163]  (1.59 ns)

 <State 3>: 8.58ns
The critical path consists of the following:
	'load' operation ('x_load', src/conv2d.cpp:44) on local variable 'x' [61]  (0 ns)
	'icmp' operation ('icmp_ln44', src/conv2d.cpp:44) [75]  (2.47 ns)
	'select' operation ('select_ln42_4', src/conv2d.cpp:42) [76]  (0.993 ns)
	'or' operation ('or_ln43_1', src/conv2d.cpp:43) [80]  (0 ns)
	'select' operation ('select_ln43', src/conv2d.cpp:43) [81]  (0.978 ns)
	'add' operation ('add_ln44', src/conv2d.cpp:44) [158]  (2.55 ns)
	'store' operation ('store_ln44', src/conv2d.cpp:44) of variable 'add_ln44', src/conv2d.cpp:44 on local variable 'x' [165]  (1.59 ns)

 <State 4>: 6.91ns
The critical path consists of the following:
	'load' operation ('iChannel', src/conv2d.cpp:42) on local variable 'iChannel' [45]  (0 ns)
	'mul' operation ('mul_ln42', src/conv2d.cpp:42) [48]  (6.91 ns)

 <State 5>: 6.91ns
The critical path consists of the following:
	'mul' operation ('mul_ln42', src/conv2d.cpp:42) [48]  (6.91 ns)

 <State 6>: 6.91ns
The critical path consists of the following:
	'mul' operation ('mul_ln42_1', src/conv2d.cpp:42) [68]  (6.91 ns)

 <State 7>: 6.11ns
The critical path consists of the following:
	'add' operation ('add_ln43_1', src/conv2d.cpp:43) [54]  (2.59 ns)
	'select' operation ('select_ln42_5', src/conv2d.cpp:42) [87]  (0 ns)
	'select' operation ('select_ln43_1', src/conv2d.cpp:43) [88]  (0 ns)
	'add' operation ('add_ln43_6', src/conv2d.cpp:43) [91]  (3.52 ns)

 <State 8>: 7.3ns
The critical path consists of the following:
	'getelementptr' operation ('gmem1_addr', src/conv2d.cpp:44) [99]  (0 ns)
	bus request operation ('empty_38', src/conv2d.cpp:44) on port 'gmem1' (src/conv2d.cpp:44) [100]  (7.3 ns)

 <State 9>: 7.3ns
The critical path consists of the following:
	bus request operation ('empty_38', src/conv2d.cpp:44) on port 'gmem1' (src/conv2d.cpp:44) [100]  (7.3 ns)

 <State 10>: 7.3ns
The critical path consists of the following:
	bus request operation ('empty_38', src/conv2d.cpp:44) on port 'gmem1' (src/conv2d.cpp:44) [100]  (7.3 ns)

 <State 11>: 7.3ns
The critical path consists of the following:
	bus request operation ('empty_38', src/conv2d.cpp:44) on port 'gmem1' (src/conv2d.cpp:44) [100]  (7.3 ns)

 <State 12>: 7.3ns
The critical path consists of the following:
	bus request operation ('empty_38', src/conv2d.cpp:44) on port 'gmem1' (src/conv2d.cpp:44) [100]  (7.3 ns)

 <State 13>: 7.3ns
The critical path consists of the following:
	bus request operation ('empty_38', src/conv2d.cpp:44) on port 'gmem1' (src/conv2d.cpp:44) [100]  (7.3 ns)

 <State 14>: 7.3ns
The critical path consists of the following:
	bus request operation ('empty_38', src/conv2d.cpp:44) on port 'gmem1' (src/conv2d.cpp:44) [100]  (7.3 ns)

 <State 15>: 7.3ns
The critical path consists of the following:
	bus read operation ('gmem1_addr_1_read', src/conv2d.cpp:46) on port 'gmem1' (src/conv2d.cpp:46) [106]  (7.3 ns)

 <State 16>: 3.25ns
The critical path consists of the following:
	'getelementptr' operation ('filterCoeffs_8_addr', src/conv2d.cpp:42) [152]  (0 ns)
	'store' operation ('store_ln46', src/conv2d.cpp:46) of variable 'gmem1_addr_1_read', src/conv2d.cpp:46 on array 'filterCoeffs_8' [153]  (3.25 ns)


============================================================
+ Verbose Summary: Binding
============================================================
N/A
* FSMD analyzer results:
  - Output states:
 - Input state : 
  - Chain level:
	State 1
	State 2
	State 3
	State 4
	State 5
	State 6
	State 7
	State 8
	State 9
	State 10
	State 11
	State 12
	State 13
	State 14
	State 15
	State 16


============================================================
+ Verbose Summary: Datapath Resource usage 
============================================================
N/A
