

================================================================
== Vitis HLS Report for 'Conv2D_HW_Pipeline_loop_acc_x'
================================================================
* Date:           Tue Mar 24 17:13:57 2026

* Version:        2022.2 (Build 3670227 on Oct 13 2022)
* Project:        Task2_Vitis
* Solution:       solution1 (Vivado IP Flow Target)
* Product family: zynq
* Target device:  xc7z020i-clg400-1L


================================================================
== Performance Estimates
================================================================
+ Timing: 
    * Summary: 
    +--------+----------+----------+------------+
    |  Clock |  Target  | Estimated| Uncertainty|
    +--------+----------+----------+------------+
    |ap_clk  |  10.00 ns|  8.584 ns|     2.70 ns|
    +--------+----------+----------+------------+

+ Latency: 
    * Summary: 
    +---------+---------+----------+----------+-----+-----+---------+
    |  Latency (cycles) |  Latency (absolute) |  Interval | Pipeline|
    |   min   |   max   |    min   |    max   | min | max |   Type  |
    +---------+---------+----------+----------+-----+-----+---------+
    |        ?|        ?|         ?|         ?|    ?|    ?|       no|
    +---------+---------+----------+----------+-----+-----+---------+

    + Detail: 
        * Instance: 
        N/A

        * Loop: 
        +-------------------------------------------+---------+---------+----------+-----------+-----------+------+----------+
        |                                           |  Latency (cycles) | Iteration|  Initiation Interval  | Trip |          |
        |                 Loop Name                 |   min   |   max   |  Latency |  achieved |   target  | Count| Pipelined|
        +-------------------------------------------+---------+---------+----------+-----------+-----------+------+----------+
        |- loop_acc_channels_loop_acc_y_loop_acc_x  |        ?|        ?|        18|          1|          1|     ?|       yes|
        +-------------------------------------------+---------+---------+----------+-----------+-----------+------+----------+

============================================================
+ Verbose Summary: Synthesis Manager
============================================================
InlineROM: 1
ExposeGlobal: 0
============================================================
+ Verbose Summary: CDFG Model
============================================================
IsTopModel: 0
ResetActiveHigh: 1
IsCombinational: 0
IsDatapathOnly: 0
HasWiredReturn: 1
HasMFsm: 2
HasVarLatency: 1
IsPipeline: 0
IsRtlPipelined: 0
IsInstanceOverlapped: 0
IsDontTouch: 0
HasImplIP: 0
IsGatedGlobalClock: 0

+ Individual pipeline summary: 
  * Pipeline-0: initiation interval (II) = 1, depth = 19


============================================================
+ Verbose Summary: Schedule
============================================================
* Number of FSM states : 19
* Pipeline : 1
  Pipeline-0 : II = 1, D = 19, States = { 1 2 3 4 5 6 7 8 9 10 11 12 13 14 15 16 17 18 19 }
* Dataflow Pipeline: 0

* FSM state transitions: 
1 --> 2 
2 --> 3 
3 --> 4 
4 --> 5 
5 --> 6 
6 --> 7 
7 --> 8 
8 --> 9 
9 --> 10 
10 --> 11 
11 --> 12 
12 --> 13 
13 --> 14 
14 --> 15 
15 --> 16 
16 --> 17 
17 --> 18 
18 --> 19 
19 --> 

* FSM state operations: 

State 1 <SV = 0> <Delay = 1.58>
ST_1 : Operation 21 [1/1] (0.00ns)   --->   "%acc = alloca i32 1"   --->   Operation 21 'alloca' 'acc' <Predicate = true> <Delay = 0.00>
ST_1 : Operation 22 [1/1] (0.00ns)   --->   "%cx = alloca i32 1"   --->   Operation 22 'alloca' 'cx' <Predicate = true> <Delay = 0.00>
ST_1 : Operation 23 [1/1] (0.00ns)   --->   "%cy = alloca i32 1"   --->   Operation 23 'alloca' 'cy' <Predicate = true> <Delay = 0.00>
ST_1 : Operation 24 [1/1] (0.00ns)   --->   "%indvar_flatten70 = alloca i32 1"   --->   Operation 24 'alloca' 'indvar_flatten70' <Predicate = true> <Delay = 0.00>
ST_1 : Operation 25 [1/1] (0.00ns)   --->   "%iChannel_1 = alloca i32 1"   --->   Operation 25 'alloca' 'iChannel_1' <Predicate = true> <Delay = 0.00>
ST_1 : Operation 26 [1/1] (0.00ns)   --->   "%indvar_flatten161 = alloca i32 1"   --->   Operation 26 'alloca' 'indvar_flatten161' <Predicate = true> <Delay = 0.00>
ST_1 : Operation 27 [1/1] (0.00ns)   --->   "%input_r_read = read i64 @_ssdm_op_Read.ap_auto.i64, i64 %input_r"   --->   Operation 27 'read' 'input_r_read' <Predicate = true> <Delay = 0.00>
ST_1 : Operation 28 [1/1] (0.00ns)   --->   "%zext_ln60_read = read i32 @_ssdm_op_Read.ap_auto.i32, i32 %zext_ln60"   --->   Operation 28 'read' 'zext_ln60_read' <Predicate = true> <Delay = 0.00>
ST_1 : Operation 29 [1/1] (0.00ns)   --->   "%icmp_ln44_1_read = read i1 @_ssdm_op_Read.ap_auto.i1, i1 %icmp_ln44_1"   --->   Operation 29 'read' 'icmp_ln44_1_read' <Predicate = true> <Delay = 0.00>
ST_1 : Operation 30 [1/1] (0.00ns)   --->   "%p_cast10_mid1117_read = read i32 @_ssdm_op_Read.ap_auto.i32, i32 %p_cast10_mid1117"   --->   Operation 30 'read' 'p_cast10_mid1117_read' <Predicate = true> <Delay = 0.00>
ST_1 : Operation 31 [1/1] (0.00ns)   --->   "%mul_ln13_read = read i64 @_ssdm_op_Read.ap_auto.i64, i64 %mul_ln13"   --->   Operation 31 'read' 'mul_ln13_read' <Predicate = true> <Delay = 0.00>
ST_1 : Operation 32 [1/1] (0.00ns)   --->   "%convWidth_read = read i32 @_ssdm_op_Read.ap_auto.i32, i32 %convWidth"   --->   Operation 32 'read' 'convWidth_read' <Predicate = true> <Delay = 0.00>
ST_1 : Operation 33 [1/1] (0.00ns)   --->   "%mul_ln13_1_read = read i96 @_ssdm_op_Read.ap_auto.i96, i96 %mul_ln13_1"   --->   Operation 33 'read' 'mul_ln13_1_read' <Predicate = true> <Delay = 0.00>
ST_1 : Operation 34 [1/1] (0.00ns)   --->   "%y_read = read i32 @_ssdm_op_Read.ap_auto.i32, i32 %y"   --->   Operation 34 'read' 'y_read' <Predicate = true> <Delay = 0.00>
ST_1 : Operation 35 [1/1] (0.00ns)   --->   "%inputHeight_read = read i32 @_ssdm_op_Read.ap_auto.i32, i32 %inputHeight"   --->   Operation 35 'read' 'inputHeight_read' <Predicate = true> <Delay = 0.00>
ST_1 : Operation 36 [1/1] (0.00ns)   --->   "%inputWidth_read = read i32 @_ssdm_op_Read.ap_auto.i32, i32 %inputWidth"   --->   Operation 36 'read' 'inputWidth_read' <Predicate = true> <Delay = 0.00>
ST_1 : Operation 37 [1/1] (0.00ns)   --->   "%zext_ln60_cast = zext i32 %zext_ln60_read"   --->   Operation 37 'zext' 'zext_ln60_cast' <Predicate = true> <Delay = 0.00>
ST_1 : Operation 38 [1/1] (0.00ns)   --->   "%p_cast10_mid1117_cast = zext i32 %p_cast10_mid1117_read"   --->   Operation 38 'zext' 'p_cast10_mid1117_cast' <Predicate = true> <Delay = 0.00>
ST_1 : Operation 39 [1/1] (0.00ns)   --->   "%specinterface_ln0 = specinterface void @_ssdm_op_SpecInterface, i32 %gmem0, void @empty, i32 0, i32 0, void @empty_0, i32 0, i32 0, void @empty_1, void @empty_2, void @empty_0, i32 16, i32 16, i32 16, i32 16, void @empty_0, void @empty_0, i32 4294967295, i32 0"   --->   Operation 39 'specinterface' 'specinterface_ln0' <Predicate = true> <Delay = 0.00>
ST_1 : Operation 40 [1/1] (1.58ns)   --->   "%store_ln0 = store i96 0, i96 %indvar_flatten161"   --->   Operation 40 'store' 'store_ln0' <Predicate = true> <Delay = 1.58>
ST_1 : Operation 41 [1/1] (1.58ns)   --->   "%store_ln0 = store i32 0, i32 %iChannel_1"   --->   Operation 41 'store' 'store_ln0' <Predicate = true> <Delay = 1.58>
ST_1 : Operation 42 [1/1] (1.58ns)   --->   "%store_ln0 = store i64 0, i64 %indvar_flatten70"   --->   Operation 42 'store' 'store_ln0' <Predicate = true> <Delay = 1.58>
ST_1 : Operation 43 [1/1] (1.58ns)   --->   "%store_ln0 = store i32 0, i32 %cy"   --->   Operation 43 'store' 'store_ln0' <Predicate = true> <Delay = 1.58>
ST_1 : Operation 44 [1/1] (1.58ns)   --->   "%store_ln0 = store i32 0, i32 %cx"   --->   Operation 44 'store' 'store_ln0' <Predicate = true> <Delay = 1.58>
ST_1 : Operation 45 [1/1] (1.58ns)   --->   "%store_ln0 = store i32 0, i32 %acc"   --->   Operation 45 'store' 'store_ln0' <Predicate = true> <Delay = 1.58>
ST_1 : Operation 46 [1/1] (1.58ns)   --->   "%br_ln0 = br void %for.inc75"   --->   Operation 46 'br' 'br_ln0' <Predicate = true> <Delay = 1.58>

State 2 <SV = 1> <Delay = 6.58>
ST_2 : Operation 47 [1/1] (0.00ns)   --->   "%indvar_flatten70_load = load i64 %indvar_flatten70" [src/conv2d.cpp:61]   --->   Operation 47 'load' 'indvar_flatten70_load' <Predicate = true> <Delay = 0.00>
ST_2 : Operation 48 [1/1] (0.00ns)   --->   "%iChannel = load i32 %iChannel_1"   --->   Operation 48 'load' 'iChannel' <Predicate = true> <Delay = 0.00>
ST_2 : Operation 49 [1/1] (0.00ns)   --->   "%indvar_flatten161_load = load i96 %indvar_flatten161" [src/conv2d.cpp:60]   --->   Operation 49 'load' 'indvar_flatten161_load' <Predicate = true> <Delay = 0.00>
ST_2 : Operation 50 [1/1] (2.55ns)   --->   "%add_ln60 = add i32 %iChannel, i32 1" [src/conv2d.cpp:60]   --->   Operation 50 'add' 'add_ln60' <Predicate = true> <Delay = 2.55> <CoreInst = "Adder">   --->   Core 1 'Adder' <Latency = 0> <II = 1> <Delay = 2.55> <FuncUnit> <Opcode : 'add' 'sub'> <InPorts = 2> <OutPorts = 1>
ST_2 : Operation 51 [1/1] (3.12ns)   --->   "%icmp_ln60 = icmp_eq  i96 %indvar_flatten161_load, i96 %mul_ln13_1_read" [src/conv2d.cpp:60]   --->   Operation 51 'icmp' 'icmp_ln60' <Predicate = true> <Delay = 3.12> <CoreInst = "Cmp">   --->   Core 9 'Cmp' <Latency = 0> <II = 1> <Delay = 3.12> <FuncUnit> <Opcode : 'icmp'> <InPorts = 2> <OutPorts = 1>
ST_2 : Operation 52 [1/1] (4.43ns)   --->   "%add_ln60_1 = add i96 %indvar_flatten161_load, i96 1" [src/conv2d.cpp:60]   --->   Operation 52 'add' 'add_ln60_1' <Predicate = true> <Delay = 4.43> <CoreInst = "Adder">   --->   Core 1 'Adder' <Latency = 0> <II = 1> <Delay = 4.43> <FuncUnit> <Opcode : 'add' 'sub'> <InPorts = 2> <OutPorts = 1>
ST_2 : Operation 53 [1/1] (0.00ns)   --->   "%br_ln60 = br i1 %icmp_ln60, void %for.inc81.loopexit, void %for.inc96.loopexit.exitStub" [src/conv2d.cpp:60]   --->   Operation 53 'br' 'br_ln60' <Predicate = true> <Delay = 0.00>
ST_2 : Operation 54 [1/1] (2.77ns)   --->   "%icmp_ln61 = icmp_eq  i64 %indvar_flatten70_load, i64 %mul_ln13_read" [src/conv2d.cpp:61]   --->   Operation 54 'icmp' 'icmp_ln61' <Predicate = (!icmp_ln60)> <Delay = 2.77> <CoreInst = "Cmp">   --->   Core 9 'Cmp' <Latency = 0> <II = 1> <Delay = 2.77> <FuncUnit> <Opcode : 'icmp'> <InPorts = 2> <OutPorts = 1>
ST_2 : Operation 55 [1/1] (0.69ns)   --->   "%select_ln60_1 = select i1 %icmp_ln61, i32 %add_ln60, i32 %iChannel" [src/conv2d.cpp:60]   --->   Operation 55 'select' 'select_ln60_1' <Predicate = (!icmp_ln60)> <Delay = 0.69> <CoreInst = "Sel">   --->   Core 73 'Sel' <Latency = 0> <II = 1> <Delay = 0.69> <FuncUnit> <Opcode : 'select'> <InPorts = 3> <OutPorts = 1>
ST_2 : Operation 56 [1/1] (3.52ns)   --->   "%add_ln61_1 = add i64 %indvar_flatten70_load, i64 1" [src/conv2d.cpp:61]   --->   Operation 56 'add' 'add_ln61_1' <Predicate = (!icmp_ln60)> <Delay = 3.52> <CoreInst = "Adder">   --->   Core 1 'Adder' <Latency = 0> <II = 1> <Delay = 3.52> <FuncUnit> <Opcode : 'add' 'sub'> <InPorts = 2> <OutPorts = 1>
ST_2 : Operation 57 [1/1] (1.48ns)   --->   "%select_ln61_1 = select i1 %icmp_ln61, i64 1, i64 %add_ln61_1" [src/conv2d.cpp:61]   --->   Operation 57 'select' 'select_ln61_1' <Predicate = (!icmp_ln60)> <Delay = 1.48> <CoreInst = "Sel">   --->   Core 73 'Sel' <Latency = 0> <II = 1> <Delay = 1.48> <FuncUnit> <Opcode : 'select'> <InPorts = 3> <OutPorts = 1>
ST_2 : Operation 58 [1/1] (1.58ns)   --->   "%store_ln62 = store i96 %add_ln60_1, i96 %indvar_flatten161" [src/conv2d.cpp:62]   --->   Operation 58 'store' 'store_ln62' <Predicate = (!icmp_ln60)> <Delay = 1.58>
ST_2 : Operation 59 [1/1] (1.58ns)   --->   "%store_ln62 = store i32 %select_ln60_1, i32 %iChannel_1" [src/conv2d.cpp:62]   --->   Operation 59 'store' 'store_ln62' <Predicate = (!icmp_ln60)> <Delay = 1.58>
ST_2 : Operation 60 [1/1] (1.58ns)   --->   "%store_ln62 = store i64 %select_ln61_1, i64 %indvar_flatten70" [src/conv2d.cpp:62]   --->   Operation 60 'store' 'store_ln62' <Predicate = (!icmp_ln60)> <Delay = 1.58>
ST_2 : Operation 61 [1/1] (0.00ns)   --->   "%br_ln62 = br void %for.inc75" [src/conv2d.cpp:62]   --->   Operation 61 'br' 'br_ln62' <Predicate = (!icmp_ln60)> <Delay = 0.00>

State 3 <SV = 2> <Delay = 6.91>
ST_3 : Operation 62 [2/2] (6.91ns)   --->   "%tmp4 = mul i32 %iChannel, i32 %inputWidth_read"   --->   Operation 62 'mul' 'tmp4' <Predicate = true> <Delay = 6.91> <CoreInst = "Multiplier">   --->   Core 3 'Multiplier' <Latency = 1> <II = 1> <Delay = 6.91> <FuncUnit> <Opcode : 'mul'> <InPorts = 2> <OutPorts = 1>
ST_3 : Operation 63 [2/2] (6.91ns)   --->   "%tmp4_mid1 = mul i32 %add_ln60, i32 %inputWidth_read" [src/conv2d.cpp:60]   --->   Operation 63 'mul' 'tmp4_mid1' <Predicate = (!icmp_ln60)> <Delay = 6.91> <CoreInst = "Multiplier">   --->   Core 3 'Multiplier' <Latency = 1> <II = 1> <Delay = 6.91> <FuncUnit> <Opcode : 'mul'> <InPorts = 2> <OutPorts = 1>

State 4 <SV = 3> <Delay = 8.58>
ST_4 : Operation 64 [1/1] (0.00ns)   --->   "%first_iter_1 = phi i1 1, void %newFuncRoot, i1 0, void %for.inc75.split"   --->   Operation 64 'phi' 'first_iter_1' <Predicate = true> <Delay = 0.00>
ST_4 : Operation 65 [1/1] (0.00ns)   --->   "%cy_1 = load i32 %cy"   --->   Operation 65 'load' 'cy_1' <Predicate = true> <Delay = 0.00>
ST_4 : Operation 66 [1/2] (6.91ns)   --->   "%tmp4 = mul i32 %iChannel, i32 %inputWidth_read"   --->   Operation 66 'mul' 'tmp4' <Predicate = true> <Delay = 6.91> <CoreInst = "Multiplier">   --->   Core 3 'Multiplier' <Latency = 1> <II = 1> <Delay = 6.91> <FuncUnit> <Opcode : 'mul'> <InPorts = 2> <OutPorts = 1>
ST_4 : Operation 67 [1/1] (2.55ns)   --->   "%empty_40 = add i32 %cy_1, i32 %y_read"   --->   Operation 67 'add' 'empty_40' <Predicate = (!icmp_ln61)> <Delay = 2.55> <CoreInst = "Adder">   --->   Core 1 'Adder' <Latency = 0> <II = 1> <Delay = 2.55> <FuncUnit> <Opcode : 'add' 'sub'> <InPorts = 2> <OutPorts = 1>
ST_4 : Operation 68 [1/1] (0.00ns)   --->   "%empty_42 = trunc i32 %cy_1"   --->   Operation 68 'trunc' 'empty_42' <Predicate = (!icmp_ln61)> <Delay = 0.00>
ST_4 : Operation 69 [1/1] (0.00ns)   --->   "%cx_load = load i32 %cx" [src/conv2d.cpp:62]   --->   Operation 69 'load' 'cx_load' <Predicate = (!icmp_ln60)> <Delay = 0.00>
ST_4 : Operation 70 [1/1] (0.69ns)   --->   "%select_ln60 = select i1 %icmp_ln61, i32 0, i32 %cy_1" [src/conv2d.cpp:60]   --->   Operation 70 'select' 'select_ln60' <Predicate = (!icmp_ln60)> <Delay = 0.69> <CoreInst = "Sel">   --->   Core 73 'Sel' <Latency = 0> <II = 1> <Delay = 0.69> <FuncUnit> <Opcode : 'select'> <InPorts = 3> <OutPorts = 1>
ST_4 : Operation 71 [1/1] (0.00ns) (grouped into LUT with out node or_ln58)   --->   "%or_ln60 = or i1 %icmp_ln61, i1 %first_iter_1" [src/conv2d.cpp:60]   --->   Operation 71 'or' 'or_ln60' <Predicate = (!icmp_ln60)> <Delay = 0.00> <CoreInst = "LogicGate">   --->   Core 74 'LogicGate' <Latency = 0> <II = 1> <Delay = 0.97> <FuncUnit> <Opcode : 'and' 'or' 'xor'> <InPorts = 2> <OutPorts = 1>
ST_4 : Operation 72 [1/2] (6.91ns)   --->   "%tmp4_mid1 = mul i32 %add_ln60, i32 %inputWidth_read" [src/conv2d.cpp:60]   --->   Operation 72 'mul' 'tmp4_mid1' <Predicate = (!icmp_ln60)> <Delay = 6.91> <CoreInst = "Multiplier">   --->   Core 3 'Multiplier' <Latency = 1> <II = 1> <Delay = 6.91> <FuncUnit> <Opcode : 'mul'> <InPorts = 2> <OutPorts = 1>
ST_4 : Operation 73 [1/1] (0.00ns) (grouped into LUT with out node select_ln58_2)   --->   "%select_ln60_4 = select i1 %icmp_ln61, i2 0, i2 %empty_42" [src/conv2d.cpp:60]   --->   Operation 73 'select' 'select_ln60_4' <Predicate = (!icmp_ln60)> <Delay = 0.00> <CoreInst = "Sel">   --->   Core 73 'Sel' <Latency = 0> <II = 1> <Delay = 0.99> <FuncUnit> <Opcode : 'select'> <InPorts = 3> <OutPorts = 1>
ST_4 : Operation 74 [1/1] (2.47ns)   --->   "%icmp_ln62 = icmp_eq  i32 %cx_load, i32 %convWidth_read" [src/conv2d.cpp:62]   --->   Operation 74 'icmp' 'icmp_ln62' <Predicate = (!icmp_ln60 & !icmp_ln61)> <Delay = 2.47> <CoreInst = "Cmp">   --->   Core 9 'Cmp' <Latency = 0> <II = 1> <Delay = 2.47> <FuncUnit> <Opcode : 'icmp'> <InPorts = 2> <OutPorts = 1>
ST_4 : Operation 75 [1/1] (0.99ns)   --->   "%select_ln60_5 = select i1 %icmp_ln61, i1 %icmp_ln44_1_read, i1 %icmp_ln62" [src/conv2d.cpp:60]   --->   Operation 75 'select' 'select_ln60_5' <Predicate = (!icmp_ln60)> <Delay = 0.99> <CoreInst = "Sel">   --->   Core 73 'Sel' <Latency = 0> <II = 1> <Delay = 0.99> <FuncUnit> <Opcode : 'select'> <InPorts = 3> <OutPorts = 1>
ST_4 : Operation 76 [1/1] (2.55ns)   --->   "%add_ln61 = add i32 %select_ln60, i32 1" [src/conv2d.cpp:61]   --->   Operation 76 'add' 'add_ln61' <Predicate = (!icmp_ln60)> <Delay = 2.55> <CoreInst = "Adder">   --->   Core 1 'Adder' <Latency = 0> <II = 1> <Delay = 2.55> <FuncUnit> <Opcode : 'add' 'sub'> <InPorts = 2> <OutPorts = 1>
ST_4 : Operation 77 [1/1] (0.97ns) (out node of the LUT)   --->   "%or_ln58 = or i1 %select_ln60_5, i1 %or_ln60" [src/conv2d.cpp:58]   --->   Operation 77 'or' 'or_ln58' <Predicate = (!icmp_ln60)> <Delay = 0.97> <CoreInst = "LogicGate">   --->   Core 74 'LogicGate' <Latency = 0> <II = 1> <Delay = 0.97> <FuncUnit> <Opcode : 'and' 'or' 'xor'> <InPorts = 2> <OutPorts = 1>
ST_4 : Operation 78 [1/1] (0.00ns) (grouped into LUT with out node select_ln58)   --->   "%or_ln58_1 = or i1 %select_ln60_5, i1 %icmp_ln61" [src/conv2d.cpp:58]   --->   Operation 78 'or' 'or_ln58_1' <Predicate = (!icmp_ln60)> <Delay = 0.00> <CoreInst = "LogicGate">   --->   Core 74 'LogicGate' <Latency = 0> <II = 1> <Delay = 0.97> <FuncUnit> <Opcode : 'and' 'or' 'xor'> <InPorts = 2> <OutPorts = 1>
ST_4 : Operation 79 [1/1] (0.97ns) (out node of the LUT)   --->   "%select_ln58 = select i1 %or_ln58_1, i32 0, i32 %cx_load" [src/conv2d.cpp:58]   --->   Operation 79 'select' 'select_ln58' <Predicate = (!icmp_ln60)> <Delay = 0.97> <CoreInst = "Sel">   --->   Core 73 'Sel' <Latency = 0> <II = 1> <Delay = 0.69> <FuncUnit> <Opcode : 'select'> <InPorts = 3> <OutPorts = 1>
ST_4 : Operation 80 [1/1] (2.55ns)   --->   "%p_mid1 = add i32 %add_ln61, i32 %y_read" [src/conv2d.cpp:61]   --->   Operation 80 'add' 'p_mid1' <Predicate = (!icmp_ln60)> <Delay = 2.55> <CoreInst = "Adder">   --->   Core 1 'Adder' <Latency = 0> <II = 1> <Delay = 2.55> <FuncUnit> <Opcode : 'add' 'sub'> <InPorts = 2> <OutPorts = 1>
ST_4 : Operation 81 [1/1] (0.00ns) (grouped into LUT with out node select_ln58_2)   --->   "%empty_44 = trunc i32 %add_ln61" [src/conv2d.cpp:61]   --->   Operation 81 'trunc' 'empty_44' <Predicate = (!icmp_ln60)> <Delay = 0.00>
ST_4 : Operation 82 [1/1] (0.99ns) (out node of the LUT)   --->   "%select_ln58_2 = select i1 %select_ln60_5, i2 %empty_44, i2 %select_ln60_4" [src/conv2d.cpp:58]   --->   Operation 82 'select' 'select_ln58_2' <Predicate = (!icmp_ln60)> <Delay = 0.99> <CoreInst = "Sel">   --->   Core 73 'Sel' <Latency = 0> <II = 1> <Delay = 0.99> <FuncUnit> <Opcode : 'select'> <InPorts = 3> <OutPorts = 1>
ST_4 : Operation 83 [1/1] (0.69ns)   --->   "%select_ln61 = select i1 %select_ln60_5, i32 %add_ln61, i32 %select_ln60" [src/conv2d.cpp:61]   --->   Operation 83 'select' 'select_ln61' <Predicate = (!icmp_ln60)> <Delay = 0.69> <CoreInst = "Sel">   --->   Core 73 'Sel' <Latency = 0> <II = 1> <Delay = 0.69> <FuncUnit> <Opcode : 'select'> <InPorts = 3> <OutPorts = 1>
ST_4 : Operation 84 [1/1] (0.00ns)   --->   "%br_ln62 = br i1 %or_ln58, void %for.inc75.split, void %for.first.iter.for.inc75" [src/conv2d.cpp:62]   --->   Operation 84 'br' 'br_ln62' <Predicate = (!icmp_ln60)> <Delay = 0.00>
ST_4 : Operation 85 [1/1] (0.00ns)   --->   "%trunc_ln65 = trunc i32 %select_ln58" [src/conv2d.cpp:65]   --->   Operation 85 'trunc' 'trunc_ln65' <Predicate = (!icmp_ln60)> <Delay = 0.00>
ST_4 : Operation 86 [1/1] (2.55ns)   --->   "%add_ln62 = add i32 %select_ln58, i32 1" [src/conv2d.cpp:62]   --->   Operation 86 'add' 'add_ln62' <Predicate = (!icmp_ln60)> <Delay = 2.55> <CoreInst = "Adder">   --->   Core 1 'Adder' <Latency = 0> <II = 1> <Delay = 2.55> <FuncUnit> <Opcode : 'add' 'sub'> <InPorts = 2> <OutPorts = 1>
ST_4 : Operation 87 [1/1] (1.58ns)   --->   "%store_ln62 = store i32 %select_ln61, i32 %cy" [src/conv2d.cpp:62]   --->   Operation 87 'store' 'store_ln62' <Predicate = (!icmp_ln60)> <Delay = 1.58>
ST_4 : Operation 88 [1/1] (1.58ns)   --->   "%store_ln62 = store i32 %add_ln62, i32 %cx" [src/conv2d.cpp:62]   --->   Operation 88 'store' 'store_ln62' <Predicate = (!icmp_ln60)> <Delay = 1.58>

State 5 <SV = 4> <Delay = 6.91>
ST_5 : Operation 89 [2/2] (6.91ns)   --->   "%empty = mul i32 %tmp4, i32 %inputHeight_read"   --->   Operation 89 'mul' 'empty' <Predicate = true> <Delay = 6.91> <CoreInst = "Multiplier">   --->   Core 3 'Multiplier' <Latency = 1> <II = 1> <Delay = 6.91> <FuncUnit> <Opcode : 'mul'> <InPorts = 2> <OutPorts = 1>
ST_5 : Operation 90 [2/2] (6.91ns)   --->   "%empty_41 = mul i32 %empty_40, i32 %inputWidth_read"   --->   Operation 90 'mul' 'empty_41' <Predicate = (!icmp_ln61 & !select_ln60_5)> <Delay = 6.91> <CoreInst = "Multiplier">   --->   Core 3 'Multiplier' <Latency = 1> <II = 1> <Delay = 6.91> <FuncUnit> <Opcode : 'mul'> <InPorts = 2> <OutPorts = 1>
ST_5 : Operation 91 [2/2] (6.91ns)   --->   "%p_mid1111 = mul i32 %tmp4_mid1, i32 %inputHeight_read" [src/conv2d.cpp:60]   --->   Operation 91 'mul' 'p_mid1111' <Predicate = (!icmp_ln60)> <Delay = 6.91> <CoreInst = "Multiplier">   --->   Core 3 'Multiplier' <Latency = 1> <II = 1> <Delay = 6.91> <FuncUnit> <Opcode : 'mul'> <InPorts = 2> <OutPorts = 1>
ST_5 : Operation 92 [2/2] (6.91ns)   --->   "%p_mid162 = mul i32 %p_mid1, i32 %inputWidth_read" [src/conv2d.cpp:61]   --->   Operation 92 'mul' 'p_mid162' <Predicate = (!icmp_ln60 & select_ln60_5)> <Delay = 6.91> <CoreInst = "Multiplier">   --->   Core 3 'Multiplier' <Latency = 1> <II = 1> <Delay = 6.91> <FuncUnit> <Opcode : 'mul'> <InPorts = 2> <OutPorts = 1>

State 6 <SV = 5> <Delay = 6.91>
ST_6 : Operation 93 [1/2] (6.91ns)   --->   "%empty = mul i32 %tmp4, i32 %inputHeight_read"   --->   Operation 93 'mul' 'empty' <Predicate = true> <Delay = 6.91> <CoreInst = "Multiplier">   --->   Core 3 'Multiplier' <Latency = 1> <II = 1> <Delay = 6.91> <FuncUnit> <Opcode : 'mul'> <InPorts = 2> <OutPorts = 1>
ST_6 : Operation 94 [1/2] (6.91ns)   --->   "%empty_41 = mul i32 %empty_40, i32 %inputWidth_read"   --->   Operation 94 'mul' 'empty_41' <Predicate = (!icmp_ln61 & !select_ln60_5)> <Delay = 6.91> <CoreInst = "Multiplier">   --->   Core 3 'Multiplier' <Latency = 1> <II = 1> <Delay = 6.91> <FuncUnit> <Opcode : 'mul'> <InPorts = 2> <OutPorts = 1>
ST_6 : Operation 95 [1/2] (6.91ns)   --->   "%p_mid1111 = mul i32 %tmp4_mid1, i32 %inputHeight_read" [src/conv2d.cpp:60]   --->   Operation 95 'mul' 'p_mid1111' <Predicate = (!icmp_ln60)> <Delay = 6.91> <CoreInst = "Multiplier">   --->   Core 3 'Multiplier' <Latency = 1> <II = 1> <Delay = 6.91> <FuncUnit> <Opcode : 'mul'> <InPorts = 2> <OutPorts = 1>
ST_6 : Operation 96 [1/2] (6.91ns)   --->   "%p_mid162 = mul i32 %p_mid1, i32 %inputWidth_read" [src/conv2d.cpp:61]   --->   Operation 96 'mul' 'p_mid162' <Predicate = (!icmp_ln60 & select_ln60_5)> <Delay = 6.91> <CoreInst = "Multiplier">   --->   Core 3 'Multiplier' <Latency = 1> <II = 1> <Delay = 6.91> <FuncUnit> <Opcode : 'mul'> <InPorts = 2> <OutPorts = 1>

State 7 <SV = 6> <Delay = 5.14>
ST_7 : Operation 97 [1/1] (0.00ns)   --->   "%specbitsmap_ln0 = specbitsmap void @_ssdm_op_SpecBitsMap, i32 %gmem0"   --->   Operation 97 'specbitsmap' 'specbitsmap_ln0' <Predicate = true> <Delay = 0.00>
ST_7 : Operation 98 [1/1] (0.00ns)   --->   "%zext_ln61 = zext i32 %empty" [src/conv2d.cpp:61]   --->   Operation 98 'zext' 'zext_ln61' <Predicate = (!icmp_ln61 & !select_ln60_5)> <Delay = 0.00>
ST_7 : Operation 99 [1/1] (0.00ns)   --->   "%p_cast10 = zext i32 %empty_41"   --->   Operation 99 'zext' 'p_cast10' <Predicate = (!icmp_ln61 & !select_ln60_5)> <Delay = 0.00>
ST_7 : Operation 100 [1/1] (2.55ns)   --->   "%tmp5 = add i33 %zext_ln61, i33 %p_cast10" [src/conv2d.cpp:61]   --->   Operation 100 'add' 'tmp5' <Predicate = (!icmp_ln61 & !select_ln60_5)> <Delay = 2.55> <CoreInst = "Adder">   --->   Core 1 'Adder' <Latency = 0> <II = 1> <Delay = 2.55> <FuncUnit> <Opcode : 'add' 'sub'> <InPorts = 2> <OutPorts = 1>
ST_7 : Operation 101 [1/1] (0.00ns)   --->   "%zext_ln61_1 = zext i32 %p_mid1111" [src/conv2d.cpp:61]   --->   Operation 101 'zext' 'zext_ln61_1' <Predicate = (!icmp_ln60 & icmp_ln61 & !select_ln60_5)> <Delay = 0.00>
ST_7 : Operation 102 [1/1] (0.00ns) (grouped into LUT with out node tmp5_mid1)   --->   "%select_ln60_2 = select i1 %icmp_ln61, i32 %p_mid1111, i32 %empty" [src/conv2d.cpp:60]   --->   Operation 102 'select' 'select_ln60_2' <Predicate = (!icmp_ln60 & select_ln60_5)> <Delay = 0.00> <CoreInst = "Sel">   --->   Core 73 'Sel' <Latency = 0> <II = 1> <Delay = 0.69> <FuncUnit> <Opcode : 'select'> <InPorts = 3> <OutPorts = 1>
ST_7 : Operation 103 [1/1] (0.00ns) (grouped into LUT with out node tmp5_mid1)   --->   "%zext_ln60_1 = zext i32 %select_ln60_2" [src/conv2d.cpp:60]   --->   Operation 103 'zext' 'zext_ln60_1' <Predicate = (!icmp_ln60 & select_ln60_5)> <Delay = 0.00>
ST_7 : Operation 104 [1/1] (2.55ns)   --->   "%tmp5_mid1119 = add i33 %zext_ln61_1, i33 %p_cast10_mid1117_cast" [src/conv2d.cpp:61]   --->   Operation 104 'add' 'tmp5_mid1119' <Predicate = (!icmp_ln60 & icmp_ln61 & !select_ln60_5)> <Delay = 2.55> <CoreInst = "Adder">   --->   Core 1 'Adder' <Latency = 0> <II = 1> <Delay = 2.55> <FuncUnit> <Opcode : 'add' 'sub'> <InPorts = 2> <OutPorts = 1>
ST_7 : Operation 105 [1/1] (0.00ns) (grouped into LUT with out node add_ln58)   --->   "%select_ln60_3 = select i1 %icmp_ln61, i33 %tmp5_mid1119, i33 %tmp5" [src/conv2d.cpp:60]   --->   Operation 105 'select' 'select_ln60_3' <Predicate = (!icmp_ln60 & !select_ln60_5)> <Delay = 0.00> <CoreInst = "Sel">   --->   Core 73 'Sel' <Latency = 0> <II = 1> <Delay = 0.80> <FuncUnit> <Opcode : 'select'> <InPorts = 3> <OutPorts = 1>
ST_7 : Operation 106 [1/1] (0.00ns) (grouped into LUT with out node tmp5_mid1)   --->   "%p_cast10_mid1 = zext i32 %p_mid162" [src/conv2d.cpp:61]   --->   Operation 106 'zext' 'p_cast10_mid1' <Predicate = (!icmp_ln60 & select_ln60_5)> <Delay = 0.00>
ST_7 : Operation 107 [1/1] (2.55ns) (out node of the LUT)   --->   "%tmp5_mid1 = add i33 %zext_ln60_1, i33 %p_cast10_mid1" [src/conv2d.cpp:60]   --->   Operation 107 'add' 'tmp5_mid1' <Predicate = (!icmp_ln60 & select_ln60_5)> <Delay = 2.55> <CoreInst = "Adder">   --->   Core 1 'Adder' <Latency = 0> <II = 1> <Delay = 2.55> <FuncUnit> <Opcode : 'add' 'sub'> <InPorts = 2> <OutPorts = 1>
ST_7 : Operation 108 [1/1] (0.00ns) (grouped into LUT with out node add_ln58)   --->   "%select_ln58_1 = select i1 %select_ln60_5, i33 %tmp5_mid1, i33 %select_ln60_3" [src/conv2d.cpp:58]   --->   Operation 108 'select' 'select_ln58_1' <Predicate = (!icmp_ln60)> <Delay = 0.00> <CoreInst = "Sel">   --->   Core 73 'Sel' <Latency = 0> <II = 1> <Delay = 0.80> <FuncUnit> <Opcode : 'select'> <InPorts = 3> <OutPorts = 1>
ST_7 : Operation 109 [1/1] (0.00ns) (grouped into LUT with out node add_ln58)   --->   "%zext_ln58 = zext i33 %select_ln58_1" [src/conv2d.cpp:58]   --->   Operation 109 'zext' 'zext_ln58' <Predicate = (!icmp_ln60)> <Delay = 0.00>
ST_7 : Operation 110 [1/1] (2.59ns) (out node of the LUT)   --->   "%add_ln58 = add i34 %zext_ln58, i34 %zext_ln60_cast" [src/conv2d.cpp:58]   --->   Operation 110 'add' 'add_ln58' <Predicate = (!icmp_ln60)> <Delay = 2.59> <CoreInst = "Adder">   --->   Core 1 'Adder' <Latency = 0> <II = 1> <Delay = 2.59> <FuncUnit> <Opcode : 'add' 'sub'> <InPorts = 2> <OutPorts = 1>

State 8 <SV = 7> <Delay = 3.52>
ST_8 : Operation 111 [1/1] (0.00ns)   --->   "%sext_ln62_mid2_v_v_v_v_v = bitconcatenate i36 @_ssdm_op_BitConcatenate.i36.i34.i2, i34 %add_ln58, i2 0" [src/conv2d.cpp:58]   --->   Operation 111 'bitconcatenate' 'sext_ln62_mid2_v_v_v_v_v' <Predicate = true> <Delay = 0.00>
ST_8 : Operation 112 [1/1] (0.00ns)   --->   "%zext_ln58_1 = zext i36 %sext_ln62_mid2_v_v_v_v_v" [src/conv2d.cpp:58]   --->   Operation 112 'zext' 'zext_ln58_1' <Predicate = true> <Delay = 0.00>
ST_8 : Operation 113 [1/1] (3.52ns)   --->   "%add_ln58_1 = add i64 %zext_ln58_1, i64 %input_r_read" [src/conv2d.cpp:58]   --->   Operation 113 'add' 'add_ln58_1' <Predicate = true> <Delay = 3.52> <CoreInst = "Adder">   --->   Core 1 'Adder' <Latency = 0> <II = 1> <Delay = 3.52> <FuncUnit> <Opcode : 'add' 'sub'> <InPorts = 2> <OutPorts = 1>
ST_8 : Operation 114 [1/1] (0.00ns)   --->   "%sext_ln62_mid2_v = partselect i62 @_ssdm_op_PartSelect.i62.i64.i32.i32, i64 %add_ln58_1, i32 2, i32 63" [src/conv2d.cpp:58]   --->   Operation 114 'partselect' 'sext_ln62_mid2_v' <Predicate = true> <Delay = 0.00>

State 9 <SV = 8> <Delay = 7.30>
ST_9 : Operation 115 [1/1] (0.00ns)   --->   "%sext_ln58 = sext i62 %sext_ln62_mid2_v" [src/conv2d.cpp:58]   --->   Operation 115 'sext' 'sext_ln58' <Predicate = true> <Delay = 0.00>
ST_9 : Operation 116 [1/1] (0.00ns)   --->   "%gmem0_addr = getelementptr i32 %gmem0, i64 %sext_ln58" [src/conv2d.cpp:62]   --->   Operation 116 'getelementptr' 'gmem0_addr' <Predicate = (or_ln58)> <Delay = 0.00>
ST_9 : Operation 117 [7/7] (7.30ns)   --->   "%empty_43 = readreq i1 @_ssdm_op_ReadReq.m_axi.p1i32, i32 %gmem0_addr, i32 %convWidth_read" [src/conv2d.cpp:62]   --->   Operation 117 'readreq' 'empty_43' <Predicate = (or_ln58)> <Delay = 7.30> <CoreInst = "m_axi">   --->   Core 113 'm_axi' <Latency = 0> <II = 1> <Delay = 1.00> <Adapter> <Opcode : 'read' 'write' 'readreq' 'writereq' 'writeresp'>
ST_9 : Operation 118 [1/1] (0.00ns)   --->   "%gmem0_addr_1 = getelementptr i32 %gmem0, i64 %sext_ln58" [src/conv2d.cpp:62]   --->   Operation 118 'getelementptr' 'gmem0_addr_1' <Predicate = (!icmp_ln60)> <Delay = 0.00>

State 10 <SV = 9> <Delay = 7.30>
ST_10 : Operation 119 [6/7] (7.30ns)   --->   "%empty_43 = readreq i1 @_ssdm_op_ReadReq.m_axi.p1i32, i32 %gmem0_addr, i32 %convWidth_read" [src/conv2d.cpp:62]   --->   Operation 119 'readreq' 'empty_43' <Predicate = (or_ln58)> <Delay = 7.30> <CoreInst = "m_axi">   --->   Core 113 'm_axi' <Latency = 0> <II = 1> <Delay = 1.00> <Adapter> <Opcode : 'read' 'write' 'readreq' 'writereq' 'writeresp'>

State 11 <SV = 10> <Delay = 7.30>
ST_11 : Operation 120 [5/7] (7.30ns)   --->   "%empty_43 = readreq i1 @_ssdm_op_ReadReq.m_axi.p1i32, i32 %gmem0_addr, i32 %convWidth_read" [src/conv2d.cpp:62]   --->   Operation 120 'readreq' 'empty_43' <Predicate = (or_ln58)> <Delay = 7.30> <CoreInst = "m_axi">   --->   Core 113 'm_axi' <Latency = 0> <II = 1> <Delay = 1.00> <Adapter> <Opcode : 'read' 'write' 'readreq' 'writereq' 'writeresp'>

State 12 <SV = 11> <Delay = 7.30>
ST_12 : Operation 121 [4/7] (7.30ns)   --->   "%empty_43 = readreq i1 @_ssdm_op_ReadReq.m_axi.p1i32, i32 %gmem0_addr, i32 %convWidth_read" [src/conv2d.cpp:62]   --->   Operation 121 'readreq' 'empty_43' <Predicate = (or_ln58)> <Delay = 7.30> <CoreInst = "m_axi">   --->   Core 113 'm_axi' <Latency = 0> <II = 1> <Delay = 1.00> <Adapter> <Opcode : 'read' 'write' 'readreq' 'writereq' 'writeresp'>

State 13 <SV = 12> <Delay = 7.30>
ST_13 : Operation 122 [3/7] (7.30ns)   --->   "%empty_43 = readreq i1 @_ssdm_op_ReadReq.m_axi.p1i32, i32 %gmem0_addr, i32 %convWidth_read" [src/conv2d.cpp:62]   --->   Operation 122 'readreq' 'empty_43' <Predicate = (or_ln58)> <Delay = 7.30> <CoreInst = "m_axi">   --->   Core 113 'm_axi' <Latency = 0> <II = 1> <Delay = 1.00> <Adapter> <Opcode : 'read' 'write' 'readreq' 'writereq' 'writeresp'>

State 14 <SV = 13> <Delay = 7.30>
ST_14 : Operation 123 [2/7] (7.30ns)   --->   "%empty_43 = readreq i1 @_ssdm_op_ReadReq.m_axi.p1i32, i32 %gmem0_addr, i32 %convWidth_read" [src/conv2d.cpp:62]   --->   Operation 123 'readreq' 'empty_43' <Predicate = (or_ln58)> <Delay = 7.30> <CoreInst = "m_axi">   --->   Core 113 'm_axi' <Latency = 0> <II = 1> <Delay = 1.00> <Adapter> <Opcode : 'read' 'write' 'readreq' 'writereq' 'writeresp'>

State 15 <SV = 14> <Delay = 7.30>
ST_15 : Operation 124 [1/1] (0.00ns)   --->   "%zext_ln58_2 = zext i32 %select_ln60_1" [src/conv2d.cpp:58]   --->   Operation 124 'zext' 'zext_ln58_2' <Predicate = true> <Delay = 0.00>
ST_15 : Operation 125 [1/1] (0.00ns)   --->   "%filterCoeffs_addr = getelementptr i32 %filterCoeffs, i64 0, i64 %zext_ln58_2" [src/conv2d.cpp:58]   --->   Operation 125 'getelementptr' 'filterCoeffs_addr' <Predicate = true> <Delay = 0.00>
ST_15 : Operation 126 [2/2] (3.25ns)   --->   "%filterCoeffs_load = load i8 %filterCoeffs_addr" [src/conv2d.cpp:58]   --->   Operation 126 'load' 'filterCoeffs_load' <Predicate = true> <Delay = 3.25> <CoreInst = "RAM">   --->   Core 82 'RAM' <Latency = 1> <II = 1> <Delay = 3.25> <Storage> <Opcode : 'load' 'store'> <Ports = 2> <Width = 32> <Depth = 256> <RAM>
ST_15 : Operation 127 [1/1] (0.00ns)   --->   "%filterCoeffs_1_addr = getelementptr i32 %filterCoeffs_1, i64 0, i64 %zext_ln58_2" [src/conv2d.cpp:58]   --->   Operation 127 'getelementptr' 'filterCoeffs_1_addr' <Predicate = true> <Delay = 0.00>
ST_15 : Operation 128 [2/2] (3.25ns)   --->   "%filterCoeffs_1_load = load i8 %filterCoeffs_1_addr" [src/conv2d.cpp:58]   --->   Operation 128 'load' 'filterCoeffs_1_load' <Predicate = true> <Delay = 3.25> <CoreInst = "RAM">   --->   Core 82 'RAM' <Latency = 1> <II = 1> <Delay = 3.25> <Storage> <Opcode : 'load' 'store'> <Ports = 2> <Width = 32> <Depth = 256> <RAM>
ST_15 : Operation 129 [1/1] (0.00ns)   --->   "%filterCoeffs_2_addr = getelementptr i32 %filterCoeffs_2, i64 0, i64 %zext_ln58_2" [src/conv2d.cpp:58]   --->   Operation 129 'getelementptr' 'filterCoeffs_2_addr' <Predicate = true> <Delay = 0.00>
ST_15 : Operation 130 [2/2] (3.25ns)   --->   "%filterCoeffs_2_load = load i8 %filterCoeffs_2_addr" [src/conv2d.cpp:58]   --->   Operation 130 'load' 'filterCoeffs_2_load' <Predicate = true> <Delay = 3.25> <CoreInst = "RAM">   --->   Core 82 'RAM' <Latency = 1> <II = 1> <Delay = 3.25> <Storage> <Opcode : 'load' 'store'> <Ports = 2> <Width = 32> <Depth = 256> <RAM>
ST_15 : Operation 131 [1/1] (0.00ns)   --->   "%filterCoeffs_3_addr = getelementptr i32 %filterCoeffs_3, i64 0, i64 %zext_ln58_2" [src/conv2d.cpp:58]   --->   Operation 131 'getelementptr' 'filterCoeffs_3_addr' <Predicate = true> <Delay = 0.00>
ST_15 : Operation 132 [2/2] (3.25ns)   --->   "%filterCoeffs_3_load = load i8 %filterCoeffs_3_addr" [src/conv2d.cpp:58]   --->   Operation 132 'load' 'filterCoeffs_3_load' <Predicate = true> <Delay = 3.25> <CoreInst = "RAM">   --->   Core 82 'RAM' <Latency = 1> <II = 1> <Delay = 3.25> <Storage> <Opcode : 'load' 'store'> <Ports = 2> <Width = 32> <Depth = 256> <RAM>
ST_15 : Operation 133 [1/1] (0.00ns)   --->   "%filterCoeffs_4_addr = getelementptr i32 %filterCoeffs_4, i64 0, i64 %zext_ln58_2" [src/conv2d.cpp:58]   --->   Operation 133 'getelementptr' 'filterCoeffs_4_addr' <Predicate = true> <Delay = 0.00>
ST_15 : Operation 134 [2/2] (3.25ns)   --->   "%filterCoeffs_4_load = load i8 %filterCoeffs_4_addr" [src/conv2d.cpp:58]   --->   Operation 134 'load' 'filterCoeffs_4_load' <Predicate = true> <Delay = 3.25> <CoreInst = "RAM">   --->   Core 82 'RAM' <Latency = 1> <II = 1> <Delay = 3.25> <Storage> <Opcode : 'load' 'store'> <Ports = 2> <Width = 32> <Depth = 256> <RAM>
ST_15 : Operation 135 [1/1] (0.00ns)   --->   "%filterCoeffs_5_addr = getelementptr i32 %filterCoeffs_5, i64 0, i64 %zext_ln58_2" [src/conv2d.cpp:58]   --->   Operation 135 'getelementptr' 'filterCoeffs_5_addr' <Predicate = true> <Delay = 0.00>
ST_15 : Operation 136 [2/2] (3.25ns)   --->   "%filterCoeffs_5_load = load i8 %filterCoeffs_5_addr" [src/conv2d.cpp:58]   --->   Operation 136 'load' 'filterCoeffs_5_load' <Predicate = true> <Delay = 3.25> <CoreInst = "RAM">   --->   Core 82 'RAM' <Latency = 1> <II = 1> <Delay = 3.25> <Storage> <Opcode : 'load' 'store'> <Ports = 2> <Width = 32> <Depth = 256> <RAM>
ST_15 : Operation 137 [1/1] (0.00ns)   --->   "%filterCoeffs_6_addr = getelementptr i32 %filterCoeffs_6, i64 0, i64 %zext_ln58_2" [src/conv2d.cpp:58]   --->   Operation 137 'getelementptr' 'filterCoeffs_6_addr' <Predicate = true> <Delay = 0.00>
ST_15 : Operation 138 [2/2] (3.25ns)   --->   "%filterCoeffs_6_load = load i8 %filterCoeffs_6_addr" [src/conv2d.cpp:58]   --->   Operation 138 'load' 'filterCoeffs_6_load' <Predicate = true> <Delay = 3.25> <CoreInst = "RAM">   --->   Core 82 'RAM' <Latency = 1> <II = 1> <Delay = 3.25> <Storage> <Opcode : 'load' 'store'> <Ports = 2> <Width = 32> <Depth = 256> <RAM>
ST_15 : Operation 139 [1/1] (0.00ns)   --->   "%filterCoeffs_7_addr = getelementptr i32 %filterCoeffs_7, i64 0, i64 %zext_ln58_2" [src/conv2d.cpp:58]   --->   Operation 139 'getelementptr' 'filterCoeffs_7_addr' <Predicate = true> <Delay = 0.00>
ST_15 : Operation 140 [2/2] (3.25ns)   --->   "%filterCoeffs_7_load = load i8 %filterCoeffs_7_addr" [src/conv2d.cpp:58]   --->   Operation 140 'load' 'filterCoeffs_7_load' <Predicate = true> <Delay = 3.25> <CoreInst = "RAM">   --->   Core 82 'RAM' <Latency = 1> <II = 1> <Delay = 3.25> <Storage> <Opcode : 'load' 'store'> <Ports = 2> <Width = 32> <Depth = 256> <RAM>
ST_15 : Operation 141 [1/1] (0.00ns)   --->   "%filterCoeffs_8_addr = getelementptr i32 %filterCoeffs_8, i64 0, i64 %zext_ln58_2" [src/conv2d.cpp:58]   --->   Operation 141 'getelementptr' 'filterCoeffs_8_addr' <Predicate = true> <Delay = 0.00>
ST_15 : Operation 142 [2/2] (3.25ns)   --->   "%filterCoeffs_8_load = load i8 %filterCoeffs_8_addr" [src/conv2d.cpp:58]   --->   Operation 142 'load' 'filterCoeffs_8_load' <Predicate = true> <Delay = 3.25> <CoreInst = "RAM">   --->   Core 82 'RAM' <Latency = 1> <II = 1> <Delay = 3.25> <Storage> <Opcode : 'load' 'store'> <Ports = 2> <Width = 32> <Depth = 256> <RAM>
ST_15 : Operation 143 [1/7] (7.30ns)   --->   "%empty_43 = readreq i1 @_ssdm_op_ReadReq.m_axi.p1i32, i32 %gmem0_addr, i32 %convWidth_read" [src/conv2d.cpp:62]   --->   Operation 143 'readreq' 'empty_43' <Predicate = (or_ln58)> <Delay = 7.30> <CoreInst = "m_axi">   --->   Core 113 'm_axi' <Latency = 0> <II = 1> <Delay = 1.00> <Adapter> <Opcode : 'read' 'write' 'readreq' 'writereq' 'writeresp'>
ST_15 : Operation 144 [1/1] (0.00ns)   --->   "%br_ln62 = br void %for.inc75.split" [src/conv2d.cpp:62]   --->   Operation 144 'br' 'br_ln62' <Predicate = (or_ln58)> <Delay = 0.00>

State 16 <SV = 15> <Delay = 7.30>
ST_16 : Operation 145 [1/1] (0.00ns)   --->   "%specloopname_ln0 = specloopname void @_ssdm_op_SpecLoopName, void @loop_acc_channels_loop_acc_y_loop_acc_x_str"   --->   Operation 145 'specloopname' 'specloopname_ln0' <Predicate = true> <Delay = 0.00>
ST_16 : Operation 146 [1/1] (0.00ns)   --->   "%specloopname_ln0 = specloopname void @_ssdm_op_SpecLoopName, void @loop_acc_y_loop_acc_x_str"   --->   Operation 146 'specloopname' 'specloopname_ln0' <Predicate = true> <Delay = 0.00>
ST_16 : Operation 147 [1/2] (3.25ns)   --->   "%filterCoeffs_load = load i8 %filterCoeffs_addr" [src/conv2d.cpp:58]   --->   Operation 147 'load' 'filterCoeffs_load' <Predicate = true> <Delay = 3.25> <CoreInst = "RAM">   --->   Core 82 'RAM' <Latency = 1> <II = 1> <Delay = 3.25> <Storage> <Opcode : 'load' 'store'> <Ports = 2> <Width = 32> <Depth = 256> <RAM>
ST_16 : Operation 148 [1/2] (3.25ns)   --->   "%filterCoeffs_1_load = load i8 %filterCoeffs_1_addr" [src/conv2d.cpp:58]   --->   Operation 148 'load' 'filterCoeffs_1_load' <Predicate = true> <Delay = 3.25> <CoreInst = "RAM">   --->   Core 82 'RAM' <Latency = 1> <II = 1> <Delay = 3.25> <Storage> <Opcode : 'load' 'store'> <Ports = 2> <Width = 32> <Depth = 256> <RAM>
ST_16 : Operation 149 [1/2] (3.25ns)   --->   "%filterCoeffs_2_load = load i8 %filterCoeffs_2_addr" [src/conv2d.cpp:58]   --->   Operation 149 'load' 'filterCoeffs_2_load' <Predicate = true> <Delay = 3.25> <CoreInst = "RAM">   --->   Core 82 'RAM' <Latency = 1> <II = 1> <Delay = 3.25> <Storage> <Opcode : 'load' 'store'> <Ports = 2> <Width = 32> <Depth = 256> <RAM>
ST_16 : Operation 150 [1/2] (3.25ns)   --->   "%filterCoeffs_3_load = load i8 %filterCoeffs_3_addr" [src/conv2d.cpp:58]   --->   Operation 150 'load' 'filterCoeffs_3_load' <Predicate = true> <Delay = 3.25> <CoreInst = "RAM">   --->   Core 82 'RAM' <Latency = 1> <II = 1> <Delay = 3.25> <Storage> <Opcode : 'load' 'store'> <Ports = 2> <Width = 32> <Depth = 256> <RAM>
ST_16 : Operation 151 [1/2] (3.25ns)   --->   "%filterCoeffs_4_load = load i8 %filterCoeffs_4_addr" [src/conv2d.cpp:58]   --->   Operation 151 'load' 'filterCoeffs_4_load' <Predicate = true> <Delay = 3.25> <CoreInst = "RAM">   --->   Core 82 'RAM' <Latency = 1> <II = 1> <Delay = 3.25> <Storage> <Opcode : 'load' 'store'> <Ports = 2> <Width = 32> <Depth = 256> <RAM>
ST_16 : Operation 152 [1/2] (3.25ns)   --->   "%filterCoeffs_5_load = load i8 %filterCoeffs_5_addr" [src/conv2d.cpp:58]   --->   Operation 152 'load' 'filterCoeffs_5_load' <Predicate = true> <Delay = 3.25> <CoreInst = "RAM">   --->   Core 82 'RAM' <Latency = 1> <II = 1> <Delay = 3.25> <Storage> <Opcode : 'load' 'store'> <Ports = 2> <Width = 32> <Depth = 256> <RAM>
ST_16 : Operation 153 [1/2] (3.25ns)   --->   "%filterCoeffs_6_load = load i8 %filterCoeffs_6_addr" [src/conv2d.cpp:58]   --->   Operation 153 'load' 'filterCoeffs_6_load' <Predicate = true> <Delay = 3.25> <CoreInst = "RAM">   --->   Core 82 'RAM' <Latency = 1> <II = 1> <Delay = 3.25> <Storage> <Opcode : 'load' 'store'> <Ports = 2> <Width = 32> <Depth = 256> <RAM>
ST_16 : Operation 154 [1/2] (3.25ns)   --->   "%filterCoeffs_7_load = load i8 %filterCoeffs_7_addr" [src/conv2d.cpp:58]   --->   Operation 154 'load' 'filterCoeffs_7_load' <Predicate = true> <Delay = 3.25> <CoreInst = "RAM">   --->   Core 82 'RAM' <Latency = 1> <II = 1> <Delay = 3.25> <Storage> <Opcode : 'load' 'store'> <Ports = 2> <Width = 32> <Depth = 256> <RAM>
ST_16 : Operation 155 [1/2] (3.25ns)   --->   "%filterCoeffs_8_load = load i8 %filterCoeffs_8_addr" [src/conv2d.cpp:58]   --->   Operation 155 'load' 'filterCoeffs_8_load' <Predicate = true> <Delay = 3.25> <CoreInst = "RAM">   --->   Core 82 'RAM' <Latency = 1> <II = 1> <Delay = 3.25> <Storage> <Opcode : 'load' 'store'> <Ports = 2> <Width = 32> <Depth = 256> <RAM>
ST_16 : Operation 156 [1/1] (1.70ns)   --->   "%tmp = mux i32 @_ssdm_op_Mux.ap_auto.3i32.i2, i32 %filterCoeffs_load, i32 %filterCoeffs_1_load, i32 %filterCoeffs_2_load, i2 %trunc_ln65" [src/conv2d.cpp:65]   --->   Operation 156 'mux' 'tmp' <Predicate = (!icmp_ln60)> <Delay = 1.70> <CoreInst = "Multiplexer">   --->   Core 76 'Multiplexer' <Latency = 0> <II = 1> <Delay = 1.70> <FuncUnit> <Opcode : 'mux'> <InPorts = 2> <OutPorts = 1>
ST_16 : Operation 157 [1/1] (1.70ns)   --->   "%tmp_1 = mux i32 @_ssdm_op_Mux.ap_auto.3i32.i2, i32 %filterCoeffs_3_load, i32 %filterCoeffs_4_load, i32 %filterCoeffs_5_load, i2 %trunc_ln65" [src/conv2d.cpp:65]   --->   Operation 157 'mux' 'tmp_1' <Predicate = (!icmp_ln60)> <Delay = 1.70> <CoreInst = "Multiplexer">   --->   Core 76 'Multiplexer' <Latency = 0> <II = 1> <Delay = 1.70> <FuncUnit> <Opcode : 'mux'> <InPorts = 2> <OutPorts = 1>
ST_16 : Operation 158 [1/1] (1.70ns)   --->   "%tmp_2 = mux i32 @_ssdm_op_Mux.ap_auto.3i32.i2, i32 %filterCoeffs_6_load, i32 %filterCoeffs_7_load, i32 %filterCoeffs_8_load, i2 %trunc_ln65" [src/conv2d.cpp:65]   --->   Operation 158 'mux' 'tmp_2' <Predicate = (!icmp_ln60)> <Delay = 1.70> <CoreInst = "Multiplexer">   --->   Core 76 'Multiplexer' <Latency = 0> <II = 1> <Delay = 1.70> <FuncUnit> <Opcode : 'mux'> <InPorts = 2> <OutPorts = 1>
ST_16 : Operation 159 [1/1] (1.70ns)   --->   "%coeffValue = mux i32 @_ssdm_op_Mux.ap_auto.3i32.i2, i32 %tmp, i32 %tmp_1, i32 %tmp_2, i2 %select_ln58_2" [src/conv2d.cpp:65]   --->   Operation 159 'mux' 'coeffValue' <Predicate = (!icmp_ln60)> <Delay = 1.70> <CoreInst = "Multiplexer">   --->   Core 76 'Multiplexer' <Latency = 0> <II = 1> <Delay = 1.70> <FuncUnit> <Opcode : 'mux'> <InPorts = 2> <OutPorts = 1>
ST_16 : Operation 160 [1/1] (7.30ns)   --->   "%pixelValue = read i32 @_ssdm_op_Read.m_axi.p1i32, i32 %gmem0_addr_1" [src/conv2d.cpp:66]   --->   Operation 160 'read' 'pixelValue' <Predicate = (!icmp_ln60)> <Delay = 7.30> <CoreInst = "m_axi">   --->   Core 113 'm_axi' <Latency = 0> <II = 1> <Delay = 1.00> <Adapter> <Opcode : 'read' 'write' 'readreq' 'writereq' 'writeresp'>

State 17 <SV = 16> <Delay = 6.91>
ST_17 : Operation 161 [1/1] (0.00ns)   --->   "%sext_ln8 = sext i32 %coeffValue" [src/conv2d.cpp:8]   --->   Operation 161 'sext' 'sext_ln8' <Predicate = (!icmp_ln60)> <Delay = 0.00>
ST_17 : Operation 162 [1/1] (0.00ns)   --->   "%sext_ln8_1 = sext i32 %pixelValue" [src/conv2d.cpp:8]   --->   Operation 162 'sext' 'sext_ln8_1' <Predicate = (!icmp_ln60)> <Delay = 0.00>
ST_17 : Operation 163 [2/2] (6.91ns)   --->   "%res = mul i52 %sext_ln8_1, i52 %sext_ln8" [src/conv2d.cpp:8]   --->   Operation 163 'mul' 'res' <Predicate = (!icmp_ln60)> <Delay = 6.91> <CoreInst = "Multiplier">   --->   Core 3 'Multiplier' <Latency = 1> <II = 1> <Delay = 6.91> <FuncUnit> <Opcode : 'mul'> <InPorts = 2> <OutPorts = 1>

State 18 <SV = 17> <Delay = 6.91>
ST_18 : Operation 164 [1/2] (6.91ns)   --->   "%res = mul i52 %sext_ln8_1, i52 %sext_ln8" [src/conv2d.cpp:8]   --->   Operation 164 'mul' 'res' <Predicate = (!icmp_ln60)> <Delay = 6.91> <CoreInst = "Multiplier">   --->   Core 3 'Multiplier' <Latency = 1> <II = 1> <Delay = 6.91> <FuncUnit> <Opcode : 'mul'> <InPorts = 2> <OutPorts = 1>
ST_18 : Operation 165 [1/1] (0.00ns)   --->   "%trunc_ln3 = partselect i32 @_ssdm_op_PartSelect.i32.i52.i32.i32, i52 %res, i32 20, i32 51" [src/conv2d.cpp:10]   --->   Operation 165 'partselect' 'trunc_ln3' <Predicate = (!icmp_ln60)> <Delay = 0.00>
ST_18 : Operation 171 [1/1] (0.00ns)   --->   "%acc_load_1 = load i32 %acc"   --->   Operation 171 'load' 'acc_load_1' <Predicate = (icmp_ln60)> <Delay = 0.00>
ST_18 : Operation 172 [1/1] (0.00ns)   --->   "%write_ln0 = write void @_ssdm_op_Write.ap_auto.i32P0A, i32 %acc_out, i32 %acc_load_1"   --->   Operation 172 'write' 'write_ln0' <Predicate = (icmp_ln60)> <Delay = 0.00>
ST_18 : Operation 173 [1/1] (0.00ns)   --->   "%ret_ln0 = ret"   --->   Operation 173 'ret' 'ret_ln0' <Predicate = (icmp_ln60)> <Delay = 0.00>

State 19 <SV = 18> <Delay = 4.14>
ST_19 : Operation 166 [1/1] (0.00ns)   --->   "%acc_load = load i32 %acc" [src/conv2d.cpp:69]   --->   Operation 166 'load' 'acc_load' <Predicate = (!icmp_ln60)> <Delay = 0.00>
ST_19 : Operation 167 [1/1] (0.00ns)   --->   "%specpipeline_ln63 = specpipeline void @_ssdm_op_SpecPipeline, i32 1, i32 0, i32 0, i32 0, void @empty_0" [src/conv2d.cpp:63]   --->   Operation 167 'specpipeline' 'specpipeline_ln63' <Predicate = (!icmp_ln60)> <Delay = 0.00>
ST_19 : Operation 168 [1/1] (0.00ns)   --->   "%specloopname_ln58 = specloopname void @_ssdm_op_SpecLoopName, void @empty_19" [src/conv2d.cpp:58]   --->   Operation 168 'specloopname' 'specloopname_ln58' <Predicate = (!icmp_ln60)> <Delay = 0.00>
ST_19 : Operation 169 [1/1] (2.55ns)   --->   "%acc_1 = add i32 %trunc_ln3, i32 %acc_load" [src/conv2d.cpp:69]   --->   Operation 169 'add' 'acc_1' <Predicate = (!icmp_ln60)> <Delay = 2.55> <CoreInst = "Adder">   --->   Core 1 'Adder' <Latency = 0> <II = 1> <Delay = 2.55> <FuncUnit> <Opcode : 'add' 'sub'> <InPorts = 2> <OutPorts = 1>
ST_19 : Operation 170 [1/1] (1.58ns)   --->   "%store_ln62 = store i32 %acc_1, i32 %acc" [src/conv2d.cpp:62]   --->   Operation 170 'store' 'store_ln62' <Predicate = (!icmp_ln60)> <Delay = 1.58>


============================================================
+ Verbose Summary: Timing violations
============================================================
Target clock period: 10ns, clock uncertainty: 2.7ns.

 <State 1>: 1.59ns
The critical path consists of the following:
	'alloca' operation ('indvar_flatten161') [27]  (0 ns)
	'store' operation ('store_ln0') of constant 0 on local variable 'indvar_flatten161' [41]  (1.59 ns)

 <State 2>: 6.59ns
The critical path consists of the following:
	'load' operation ('indvar_flatten70_load', src/conv2d.cpp:61) on local variable 'indvar_flatten70' [51]  (0 ns)
	'add' operation ('add_ln61_1', src/conv2d.cpp:61) [145]  (3.52 ns)
	'select' operation ('select_ln61_1', src/conv2d.cpp:61) [146]  (1.48 ns)
	'store' operation ('store_ln62', src/conv2d.cpp:62) of variable 'select_ln61_1', src/conv2d.cpp:61 on local variable 'indvar_flatten70' [149]  (1.59 ns)

 <State 3>: 6.91ns
The critical path consists of the following:
	'mul' operation ('tmp4') [55]  (6.91 ns)

 <State 4>: 8.58ns
The critical path consists of the following:
	'load' operation ('cx_load', src/conv2d.cpp:62) on local variable 'cx' [68]  (0 ns)
	'icmp' operation ('icmp_ln62', src/conv2d.cpp:62) [82]  (2.47 ns)
	'select' operation ('select_ln60_5', src/conv2d.cpp:60) [83]  (0.993 ns)
	'or' operation ('or_ln58_1', src/conv2d.cpp:58) [87]  (0 ns)
	'select' operation ('select_ln58', src/conv2d.cpp:58) [88]  (0.978 ns)
	'add' operation ('add_ln62', src/conv2d.cpp:62) [144]  (2.55 ns)
	'store' operation ('store_ln62', src/conv2d.cpp:62) of variable 'add_ln62', src/conv2d.cpp:62 on local variable 'cx' [151]  (1.59 ns)

 <State 5>: 6.91ns
The critical path consists of the following:
	'mul' operation ('p_mid1111', src/conv2d.cpp:60) [75]  (6.91 ns)

 <State 6>: 6.91ns
The critical path consists of the following:
	'mul' operation ('p_mid1111', src/conv2d.cpp:60) [75]  (6.91 ns)

 <State 7>: 5.14ns
The critical path consists of the following:
	'add' operation ('tmp5', src/conv2d.cpp:61) [61]  (2.55 ns)
	'select' operation ('select_ln60_3', src/conv2d.cpp:60) [80]  (0 ns)
	'select' operation ('select_ln58_1', src/conv2d.cpp:58) [93]  (0 ns)
	'add' operation ('add_ln58', src/conv2d.cpp:58) [95]  (2.59 ns)

 <State 8>: 3.52ns
The critical path consists of the following:
	'add' operation ('add_ln58_1', src/conv2d.cpp:58) [98]  (3.52 ns)

 <State 9>: 7.3ns
The critical path consists of the following:
	'getelementptr' operation ('gmem0_addr', src/conv2d.cpp:62) [125]  (0 ns)
	bus request operation ('empty_43', src/conv2d.cpp:62) on port 'gmem0' (src/conv2d.cpp:62) [126]  (7.3 ns)

 <State 10>: 7.3ns
The critical path consists of the following:
	bus request operation ('empty_43', src/conv2d.cpp:62) on port 'gmem0' (src/conv2d.cpp:62) [126]  (7.3 ns)

 <State 11>: 7.3ns
The critical path consists of the following:
	bus request operation ('empty_43', src/conv2d.cpp:62) on port 'gmem0' (src/conv2d.cpp:62) [126]  (7.3 ns)

 <State 12>: 7.3ns
The critical path consists of the following:
	bus request operation ('empty_43', src/conv2d.cpp:62) on port 'gmem0' (src/conv2d.cpp:62) [126]  (7.3 ns)

 <State 13>: 7.3ns
The critical path consists of the following:
	bus request operation ('empty_43', src/conv2d.cpp:62) on port 'gmem0' (src/conv2d.cpp:62) [126]  (7.3 ns)

 <State 14>: 7.3ns
The critical path consists of the following:
	bus request operation ('empty_43', src/conv2d.cpp:62) on port 'gmem0' (src/conv2d.cpp:62) [126]  (7.3 ns)

 <State 15>: 7.3ns
The critical path consists of the following:
	bus request operation ('empty_43', src/conv2d.cpp:62) on port 'gmem0' (src/conv2d.cpp:62) [126]  (7.3 ns)

 <State 16>: 7.3ns
The critical path consists of the following:
	bus read operation ('pixelValue', src/conv2d.cpp:66) on port 'gmem0' (src/conv2d.cpp:66) [138]  (7.3 ns)

 <State 17>: 6.91ns
The critical path consists of the following:
	'mul' operation ('res', src/conv2d.cpp:8) [141]  (6.91 ns)

 <State 18>: 6.91ns
The critical path consists of the following:
	'mul' operation ('res', src/conv2d.cpp:8) [141]  (6.91 ns)

 <State 19>: 4.14ns
The critical path consists of the following:
	'load' operation ('acc_load', src/conv2d.cpp:69) on local variable 'acc' [129]  (0 ns)
	'add' operation ('acc', src/conv2d.cpp:69) [143]  (2.55 ns)
	'store' operation ('store_ln62', src/conv2d.cpp:62) of variable 'acc', src/conv2d.cpp:69 on local variable 'acc' [152]  (1.59 ns)


============================================================
+ Verbose Summary: Binding
============================================================
N/A
* FSMD analyzer results:
  - Output states:
 - Input state : 
  - Chain level:
	State 1
	State 2
	State 3
	State 4
	State 5
	State 6
	State 7
	State 8
	State 9
	State 10
	State 11
	State 12
	State 13
	State 14
	State 15
	State 16
	State 17
	State 18
	State 19


============================================================
+ Verbose Summary: Datapath Resource usage 
============================================================
N/A
