

================================================================
== Vitis HLS Report for 'Conv2D_HW'
================================================================
* Date:           Tue Mar 24 17:13:58 2026

* Version:        2022.2 (Build 3670227 on Oct 13 2022)
* Project:        Task2_Vitis
* Solution:       solution1 (Vivado IP Flow Target)
* Product family: zynq
* Target device:  xc7z020i-clg400-1L


================================================================
== Performance Estimates
================================================================
+ Timing: 
    * Summary: 
    +--------+----------+----------+------------+
    |  Clock |  Target  | Estimated| Uncertainty|
    +--------+----------+----------+------------+
    |ap_clk  |  10.00 ns|  8.584 ns|     2.70 ns|
    +--------+----------+----------+------------+

+ Latency: 
    * Summary: 
    +---------+---------+----------+----------+-----+-----+---------+
    |  Latency (cycles) |  Latency (absolute) |  Interval | Pipeline|
    |   min   |   max   |    min   |    max   | min | max |   Type  |
    +---------+---------+----------+----------+-----+-----+---------+
    |        ?|        ?|         ?|         ?|    ?|    ?|       no|
    +---------+---------+----------+----------+-----+-----+---------+

    + Detail: 
        * Instance: 
        N/A

        * Loop: 
        +----------------------+---------+---------+----------+-----------+-----------+------+----------+
        |                      |  Latency (cycles) | Iteration|  Initiation Interval  | Trip |          |
        |       Loop Name      |   min   |   max   |  Latency |  achieved |   target  | Count| Pipelined|
        +----------------------+---------+---------+----------+-----------+-----------+------+----------+
        |- loop_filters        |        ?|        ?|         ?|          -|          -|     ?|        no|
        | + loop_convolve_y    |        ?|        ?|         ?|          -|          -|     ?|        no|
        |  ++ loop_convolve_x  |        ?|        ?|         ?|          -|          -|     ?|        no|
        +----------------------+---------+---------+----------+-----------+-----------+------+----------+

============================================================
+ Verbose Summary: Synthesis Manager
============================================================
InlineROM: 1
ExposeGlobal: 0
============================================================
+ Verbose Summary: CDFG Model
============================================================
IsTopModel: 1
ResetActiveHigh: 1
IsCombinational: 0
IsDatapathOnly: 0
HasWiredReturn: 1
HasMFsm: 0
HasVarLatency: 1
IsPipeline: 0
IsRtlPipelined: 0
IsInstanceOverlapped: 0
IsDontTouch: 0
HasImplIP: 0
IsGatedGlobalClock: 0


============================================================
+ Verbose Summary: Schedule
============================================================
* Number of FSM states : 22
* Pipeline : 0
* Dataflow Pipeline: 0

* FSM state transitions: 
1 --> 2 
2 --> 3 
3 --> 4 
4 --> 5 
5 --> 6 
6 --> 7 
7 --> 8 
8 --> 9 
9 --> 10 
10 --> 11 
11 --> 12 
12 --> 13 
13 --> 14 9 
14 --> 15 
15 --> 16 18 
16 --> 17 
17 --> 15 
18 --> 19 
19 --> 20 
20 --> 21 
21 --> 22 
22 --> 13 

* FSM state operations: 

State 1 <SV = 0> <Delay = 1.58>
ST_1 : Operation 23 [1/1] (0.00ns)   --->   "%phi_mul216 = alloca i32 1"   --->   Operation 23 'alloca' 'phi_mul216' <Predicate = true> <Delay = 0.00>
ST_1 : Operation 24 [1/1] (0.00ns)   --->   "%phi_mul214 = alloca i32 1"   --->   Operation 24 'alloca' 'phi_mul214' <Predicate = true> <Delay = 0.00>
ST_1 : Operation 25 [1/1] (0.00ns)   --->   "%iFilter = alloca i32 1"   --->   Operation 25 'alloca' 'iFilter' <Predicate = true> <Delay = 0.00>
ST_1 : Operation 26 [1/1] (1.00ns)   --->   "%convHeight_read = read i32 @_ssdm_op_Read.s_axilite.i32, i32 %convHeight"   --->   Operation 26 'read' 'convHeight_read' <Predicate = true> <Delay = 1.00> <CoreInst = "s_axilite">   --->   Core 114 's_axilite' <Latency = 0> <II = 1> <Delay = 1.00> <Adapter> <Opcode : 'read' 'write'>
ST_1 : Operation 27 [1/1] (1.00ns)   --->   "%convWidth_read = read i32 @_ssdm_op_Read.s_axilite.i32, i32 %convWidth"   --->   Operation 27 'read' 'convWidth_read' <Predicate = true> <Delay = 1.00> <CoreInst = "s_axilite">   --->   Core 114 's_axilite' <Latency = 0> <II = 1> <Delay = 1.00> <Adapter> <Opcode : 'read' 'write'>
ST_1 : Operation 28 [1/1] (1.00ns)   --->   "%inputHeight_read = read i32 @_ssdm_op_Read.s_axilite.i32, i32 %inputHeight"   --->   Operation 28 'read' 'inputHeight_read' <Predicate = true> <Delay = 1.00> <CoreInst = "s_axilite">   --->   Core 114 's_axilite' <Latency = 0> <II = 1> <Delay = 1.00> <Adapter> <Opcode : 'read' 'write'>
ST_1 : Operation 29 [1/1] (1.00ns)   --->   "%inputWidth_read = read i32 @_ssdm_op_Read.s_axilite.i32, i32 %inputWidth"   --->   Operation 29 'read' 'inputWidth_read' <Predicate = true> <Delay = 1.00> <CoreInst = "s_axilite">   --->   Core 114 's_axilite' <Latency = 0> <II = 1> <Delay = 1.00> <Adapter> <Opcode : 'read' 'write'>
ST_1 : Operation 30 [1/1] (1.00ns)   --->   "%numFilters_read = read i32 @_ssdm_op_Read.s_axilite.i32, i32 %numFilters"   --->   Operation 30 'read' 'numFilters_read' <Predicate = true> <Delay = 1.00> <CoreInst = "s_axilite">   --->   Core 114 's_axilite' <Latency = 0> <II = 1> <Delay = 1.00> <Adapter> <Opcode : 'read' 'write'>
ST_1 : Operation 31 [1/1] (1.00ns)   --->   "%numChannels_read = read i32 @_ssdm_op_Read.s_axilite.i32, i32 %numChannels"   --->   Operation 31 'read' 'numChannels_read' <Predicate = true> <Delay = 1.00> <CoreInst = "s_axilite">   --->   Core 114 's_axilite' <Latency = 0> <II = 1> <Delay = 1.00> <Adapter> <Opcode : 'read' 'write'>
ST_1 : Operation 32 [1/1] (1.00ns)   --->   "%coeffs_read = read i64 @_ssdm_op_Read.s_axilite.i64, i64 %coeffs"   --->   Operation 32 'read' 'coeffs_read' <Predicate = true> <Delay = 1.00> <CoreInst = "s_axilite">   --->   Core 114 's_axilite' <Latency = 0> <II = 1> <Delay = 1.00> <Adapter> <Opcode : 'read' 'write'>
ST_1 : Operation 33 [1/1] (1.00ns)   --->   "%output_r_read = read i64 @_ssdm_op_Read.s_axilite.i64, i64 %output_r"   --->   Operation 33 'read' 'output_r_read' <Predicate = true> <Delay = 1.00> <CoreInst = "s_axilite">   --->   Core 114 's_axilite' <Latency = 0> <II = 1> <Delay = 1.00> <Adapter> <Opcode : 'read' 'write'>
ST_1 : Operation 34 [1/1] (1.00ns)   --->   "%input_r_read = read i64 @_ssdm_op_Read.s_axilite.i64, i64 %input_r"   --->   Operation 34 'read' 'input_r_read' <Predicate = true> <Delay = 1.00> <CoreInst = "s_axilite">   --->   Core 114 's_axilite' <Latency = 0> <II = 1> <Delay = 1.00> <Adapter> <Opcode : 'read' 'write'>
ST_1 : Operation 35 [1/1] (0.00ns)   --->   "%acc_loc = alloca i64 1"   --->   Operation 35 'alloca' 'acc_loc' <Predicate = true> <Delay = 0.00>
ST_1 : Operation 36 [1/1] (0.00ns)   --->   "%filterCoeffs = alloca i64 1" [src/conv2d.cpp:32]   --->   Operation 36 'alloca' 'filterCoeffs' <Predicate = true> <Delay = 0.00>
ST_1 : Operation 37 [1/1] (0.00ns)   --->   "%filterCoeffs_1 = alloca i64 1" [src/conv2d.cpp:32]   --->   Operation 37 'alloca' 'filterCoeffs_1' <Predicate = true> <Delay = 0.00>
ST_1 : Operation 38 [1/1] (0.00ns)   --->   "%filterCoeffs_2 = alloca i64 1" [src/conv2d.cpp:32]   --->   Operation 38 'alloca' 'filterCoeffs_2' <Predicate = true> <Delay = 0.00>
ST_1 : Operation 39 [1/1] (0.00ns)   --->   "%filterCoeffs_3 = alloca i64 1" [src/conv2d.cpp:32]   --->   Operation 39 'alloca' 'filterCoeffs_3' <Predicate = true> <Delay = 0.00>
ST_1 : Operation 40 [1/1] (0.00ns)   --->   "%filterCoeffs_4 = alloca i64 1" [src/conv2d.cpp:32]   --->   Operation 40 'alloca' 'filterCoeffs_4' <Predicate = true> <Delay = 0.00>
ST_1 : Operation 41 [1/1] (0.00ns)   --->   "%filterCoeffs_5 = alloca i64 1" [src/conv2d.cpp:32]   --->   Operation 41 'alloca' 'filterCoeffs_5' <Predicate = true> <Delay = 0.00>
ST_1 : Operation 42 [1/1] (0.00ns)   --->   "%filterCoeffs_6 = alloca i64 1" [src/conv2d.cpp:32]   --->   Operation 42 'alloca' 'filterCoeffs_6' <Predicate = true> <Delay = 0.00>
ST_1 : Operation 43 [1/1] (0.00ns)   --->   "%filterCoeffs_7 = alloca i64 1" [src/conv2d.cpp:32]   --->   Operation 43 'alloca' 'filterCoeffs_7' <Predicate = true> <Delay = 0.00>
ST_1 : Operation 44 [1/1] (0.00ns)   --->   "%filterCoeffs_8 = alloca i64 1" [src/conv2d.cpp:32]   --->   Operation 44 'alloca' 'filterCoeffs_8' <Predicate = true> <Delay = 0.00>
ST_1 : Operation 45 [1/1] (1.58ns)   --->   "%store_ln39 = store i32 0, i32 %iFilter" [src/conv2d.cpp:39]   --->   Operation 45 'store' 'store_ln39' <Predicate = true> <Delay = 1.58>
ST_1 : Operation 46 [1/1] (1.58ns)   --->   "%store_ln39 = store i32 0, i32 %phi_mul214" [src/conv2d.cpp:39]   --->   Operation 46 'store' 'store_ln39' <Predicate = true> <Delay = 1.58>
ST_1 : Operation 47 [1/1] (1.58ns)   --->   "%store_ln39 = store i32 0, i32 %phi_mul216" [src/conv2d.cpp:39]   --->   Operation 47 'store' 'store_ln39' <Predicate = true> <Delay = 1.58>

State 2 <SV = 1> <Delay = 6.91>
ST_2 : Operation 48 [1/1] (0.00ns)   --->   "%zext_ln13 = zext i32 %convHeight_read" [src/conv2d.cpp:13]   --->   Operation 48 'zext' 'zext_ln13' <Predicate = true> <Delay = 0.00>
ST_2 : Operation 49 [1/1] (0.00ns)   --->   "%zext_ln13_1 = zext i32 %convWidth_read" [src/conv2d.cpp:13]   --->   Operation 49 'zext' 'zext_ln13_1' <Predicate = true> <Delay = 0.00>
ST_2 : Operation 50 [2/2] (6.91ns)   --->   "%mul_ln13 = mul i64 %zext_ln13, i64 %zext_ln13_1" [src/conv2d.cpp:13]   --->   Operation 50 'mul' 'mul_ln13' <Predicate = true> <Delay = 6.91> <CoreInst = "Multiplier">   --->   Core 3 'Multiplier' <Latency = 1> <II = 1> <Delay = 6.91> <FuncUnit> <Opcode : 'mul'> <InPorts = 2> <OutPorts = 1>

State 3 <SV = 2> <Delay = 6.91>
ST_3 : Operation 51 [1/2] (6.91ns)   --->   "%mul_ln13 = mul i64 %zext_ln13, i64 %zext_ln13_1" [src/conv2d.cpp:13]   --->   Operation 51 'mul' 'mul_ln13' <Predicate = true> <Delay = 6.91> <CoreInst = "Multiplier">   --->   Core 3 'Multiplier' <Latency = 1> <II = 1> <Delay = 6.91> <FuncUnit> <Opcode : 'mul'> <InPorts = 2> <OutPorts = 1>

State 4 <SV = 3> <Delay = 6.97>
ST_4 : Operation 52 [1/1] (0.00ns)   --->   "%zext_ln13_2 = zext i32 %numChannels_read" [src/conv2d.cpp:13]   --->   Operation 52 'zext' 'zext_ln13_2' <Predicate = true> <Delay = 0.00>
ST_4 : Operation 53 [1/1] (0.00ns)   --->   "%zext_ln13_3 = zext i64 %mul_ln13" [src/conv2d.cpp:13]   --->   Operation 53 'zext' 'zext_ln13_3' <Predicate = true> <Delay = 0.00>
ST_4 : Operation 54 [5/5] (6.97ns)   --->   "%mul_ln13_1 = mul i96 %zext_ln13_2, i96 %zext_ln13_3" [src/conv2d.cpp:13]   --->   Operation 54 'mul' 'mul_ln13_1' <Predicate = true> <Delay = 6.97> <CoreInst = "Multiplier">   --->   Core 3 'Multiplier' <Latency = 4> <II = 1> <Delay = 6.97> <FuncUnit> <Opcode : 'mul'> <InPorts = 2> <OutPorts = 1>

State 5 <SV = 4> <Delay = 6.97>
ST_5 : Operation 55 [4/5] (6.97ns)   --->   "%mul_ln13_1 = mul i96 %zext_ln13_2, i96 %zext_ln13_3" [src/conv2d.cpp:13]   --->   Operation 55 'mul' 'mul_ln13_1' <Predicate = true> <Delay = 6.97> <CoreInst = "Multiplier">   --->   Core 3 'Multiplier' <Latency = 4> <II = 1> <Delay = 6.97> <FuncUnit> <Opcode : 'mul'> <InPorts = 2> <OutPorts = 1>

State 6 <SV = 5> <Delay = 6.97>
ST_6 : Operation 56 [3/5] (6.97ns)   --->   "%mul_ln13_1 = mul i96 %zext_ln13_2, i96 %zext_ln13_3" [src/conv2d.cpp:13]   --->   Operation 56 'mul' 'mul_ln13_1' <Predicate = true> <Delay = 6.97> <CoreInst = "Multiplier">   --->   Core 3 'Multiplier' <Latency = 4> <II = 1> <Delay = 6.97> <FuncUnit> <Opcode : 'mul'> <InPorts = 2> <OutPorts = 1>

State 7 <SV = 6> <Delay = 6.97>
ST_7 : Operation 57 [2/2] (6.91ns)   --->   "%mul_ln39 = mul i32 %convHeight_read, i32 %convWidth_read" [src/conv2d.cpp:39]   --->   Operation 57 'mul' 'mul_ln39' <Predicate = true> <Delay = 6.91> <CoreInst = "Multiplier">   --->   Core 3 'Multiplier' <Latency = 1> <II = 1> <Delay = 6.91> <FuncUnit> <Opcode : 'mul'> <InPorts = 2> <OutPorts = 1>
ST_7 : Operation 58 [2/5] (6.97ns)   --->   "%mul_ln13_1 = mul i96 %zext_ln13_2, i96 %zext_ln13_3" [src/conv2d.cpp:13]   --->   Operation 58 'mul' 'mul_ln13_1' <Predicate = true> <Delay = 6.97> <CoreInst = "Multiplier">   --->   Core 3 'Multiplier' <Latency = 4> <II = 1> <Delay = 6.97> <FuncUnit> <Opcode : 'mul'> <InPorts = 2> <OutPorts = 1>

State 8 <SV = 7> <Delay = 6.97>
ST_8 : Operation 59 [1/1] (0.00ns)   --->   "%spectopmodule_ln13 = spectopmodule void @_ssdm_op_SpecTopModule, void @empty_17" [src/conv2d.cpp:13]   --->   Operation 59 'spectopmodule' 'spectopmodule_ln13' <Predicate = true> <Delay = 0.00>
ST_8 : Operation 60 [1/1] (0.00ns)   --->   "%specinterface_ln0 = specinterface void @_ssdm_op_SpecInterface, i32 %gmem0, void @empty, i32 0, i32 0, void @empty_0, i32 0, i32 0, void @empty_1, void @empty_2, void @empty_0, i32 16, i32 16, i32 16, i32 16, void @empty_0, void @empty_0, i32 4294967295, i32 0"   --->   Operation 60 'specinterface' 'specinterface_ln0' <Predicate = true> <Delay = 0.00>
ST_8 : Operation 61 [1/1] (0.00ns)   --->   "%specbitsmap_ln0 = specbitsmap void @_ssdm_op_SpecBitsMap, i32 %gmem0"   --->   Operation 61 'specbitsmap' 'specbitsmap_ln0' <Predicate = true> <Delay = 0.00>
ST_8 : Operation 62 [1/1] (0.00ns)   --->   "%specinterface_ln0 = specinterface void @_ssdm_op_SpecInterface, i32 %gmem1, void @empty, i32 0, i32 0, void @empty_0, i32 0, i32 0, void @empty_3, void @empty_2, void @empty_0, i32 16, i32 16, i32 16, i32 16, void @empty_0, void @empty_0, i32 4294967295, i32 0"   --->   Operation 62 'specinterface' 'specinterface_ln0' <Predicate = true> <Delay = 0.00>
ST_8 : Operation 63 [1/1] (0.00ns)   --->   "%specbitsmap_ln0 = specbitsmap void @_ssdm_op_SpecBitsMap, i32 %gmem1"   --->   Operation 63 'specbitsmap' 'specbitsmap_ln0' <Predicate = true> <Delay = 0.00>
ST_8 : Operation 64 [1/1] (0.00ns)   --->   "%specinterface_ln0 = specinterface void @_ssdm_op_SpecInterface, i64 %input_r, void @empty_4, i32 0, i32 0, void @empty_0, i32 0, i32 0, void @empty_5, void @empty_6, void @empty_0, i32 0, i32 0, i32 0, i32 0, void @empty_0, void @empty_7, i32 4294967295, i32 0"   --->   Operation 64 'specinterface' 'specinterface_ln0' <Predicate = true> <Delay = 0.00>
ST_8 : Operation 65 [1/1] (0.00ns)   --->   "%specinterface_ln0 = specinterface void @_ssdm_op_SpecInterface, i64 %input_r, void @empty_8, i32 0, i32 0, void @empty_0, i32 0, i32 0, void @empty_0, void @empty_0, void @empty_0, i32 0, i32 0, i32 0, i32 0, void @empty_0, void @empty_7, i32 4294967295, i32 0"   --->   Operation 65 'specinterface' 'specinterface_ln0' <Predicate = true> <Delay = 0.00>
ST_8 : Operation 66 [1/1] (0.00ns)   --->   "%specinterface_ln0 = specinterface void @_ssdm_op_SpecInterface, i64 %output_r, void @empty_4, i32 0, i32 0, void @empty_0, i32 0, i32 0, void @empty_5, void @empty_9, void @empty_0, i32 0, i32 0, i32 0, i32 0, void @empty_0, void @empty_7, i32 4294967295, i32 0"   --->   Operation 66 'specinterface' 'specinterface_ln0' <Predicate = true> <Delay = 0.00>
ST_8 : Operation 67 [1/1] (0.00ns)   --->   "%specinterface_ln0 = specinterface void @_ssdm_op_SpecInterface, i64 %output_r, void @empty_8, i32 0, i32 0, void @empty_0, i32 0, i32 0, void @empty_0, void @empty_0, void @empty_0, i32 0, i32 0, i32 0, i32 0, void @empty_0, void @empty_7, i32 4294967295, i32 0"   --->   Operation 67 'specinterface' 'specinterface_ln0' <Predicate = true> <Delay = 0.00>
ST_8 : Operation 68 [1/1] (0.00ns)   --->   "%specinterface_ln0 = specinterface void @_ssdm_op_SpecInterface, i64 %coeffs, void @empty_4, i32 0, i32 0, void @empty_0, i32 0, i32 0, void @empty_5, void @empty_10, void @empty_0, i32 0, i32 0, i32 0, i32 0, void @empty_0, void @empty_7, i32 4294967295, i32 0"   --->   Operation 68 'specinterface' 'specinterface_ln0' <Predicate = true> <Delay = 0.00>
ST_8 : Operation 69 [1/1] (0.00ns)   --->   "%specinterface_ln0 = specinterface void @_ssdm_op_SpecInterface, i64 %coeffs, void @empty_8, i32 0, i32 0, void @empty_0, i32 0, i32 0, void @empty_0, void @empty_0, void @empty_0, i32 0, i32 0, i32 0, i32 0, void @empty_0, void @empty_7, i32 4294967295, i32 0"   --->   Operation 69 'specinterface' 'specinterface_ln0' <Predicate = true> <Delay = 0.00>
ST_8 : Operation 70 [1/1] (0.00ns)   --->   "%specbitsmap_ln0 = specbitsmap void @_ssdm_op_SpecBitsMap, i32 %numChannels"   --->   Operation 70 'specbitsmap' 'specbitsmap_ln0' <Predicate = true> <Delay = 0.00>
ST_8 : Operation 71 [1/1] (0.00ns)   --->   "%specinterface_ln0 = specinterface void @_ssdm_op_SpecInterface, i32 %numChannels, void @empty_4, i32 0, i32 0, void @empty_0, i32 0, i32 0, void @empty_5, void @empty_11, void @empty_0, i32 0, i32 0, i32 0, i32 0, void @empty_0, void @empty_0, i32 4294967295, i32 0"   --->   Operation 71 'specinterface' 'specinterface_ln0' <Predicate = true> <Delay = 0.00>
ST_8 : Operation 72 [1/1] (0.00ns)   --->   "%specinterface_ln0 = specinterface void @_ssdm_op_SpecInterface, i32 %numChannels, void @empty_8, i32 0, i32 0, void @empty_0, i32 0, i32 0, void @empty_0, void @empty_0, void @empty_0, i32 0, i32 0, i32 0, i32 0, void @empty_0, void @empty_0, i32 4294967295, i32 0"   --->   Operation 72 'specinterface' 'specinterface_ln0' <Predicate = true> <Delay = 0.00>
ST_8 : Operation 73 [1/1] (0.00ns)   --->   "%specbitsmap_ln0 = specbitsmap void @_ssdm_op_SpecBitsMap, i32 %numFilters"   --->   Operation 73 'specbitsmap' 'specbitsmap_ln0' <Predicate = true> <Delay = 0.00>
ST_8 : Operation 74 [1/1] (0.00ns)   --->   "%specinterface_ln0 = specinterface void @_ssdm_op_SpecInterface, i32 %numFilters, void @empty_4, i32 0, i32 0, void @empty_0, i32 0, i32 0, void @empty_5, void @empty_12, void @empty_0, i32 0, i32 0, i32 0, i32 0, void @empty_0, void @empty_0, i32 4294967295, i32 0"   --->   Operation 74 'specinterface' 'specinterface_ln0' <Predicate = true> <Delay = 0.00>
ST_8 : Operation 75 [1/1] (0.00ns)   --->   "%specinterface_ln0 = specinterface void @_ssdm_op_SpecInterface, i32 %numFilters, void @empty_8, i32 0, i32 0, void @empty_0, i32 0, i32 0, void @empty_0, void @empty_0, void @empty_0, i32 0, i32 0, i32 0, i32 0, void @empty_0, void @empty_0, i32 4294967295, i32 0"   --->   Operation 75 'specinterface' 'specinterface_ln0' <Predicate = true> <Delay = 0.00>
ST_8 : Operation 76 [1/1] (0.00ns)   --->   "%specbitsmap_ln0 = specbitsmap void @_ssdm_op_SpecBitsMap, i32 %inputWidth"   --->   Operation 76 'specbitsmap' 'specbitsmap_ln0' <Predicate = true> <Delay = 0.00>
ST_8 : Operation 77 [1/1] (0.00ns)   --->   "%specinterface_ln0 = specinterface void @_ssdm_op_SpecInterface, i32 %inputWidth, void @empty_4, i32 0, i32 0, void @empty_0, i32 0, i32 0, void @empty_5, void @empty_13, void @empty_0, i32 0, i32 0, i32 0, i32 0, void @empty_0, void @empty_0, i32 4294967295, i32 0"   --->   Operation 77 'specinterface' 'specinterface_ln0' <Predicate = true> <Delay = 0.00>
ST_8 : Operation 78 [1/1] (0.00ns)   --->   "%specinterface_ln0 = specinterface void @_ssdm_op_SpecInterface, i32 %inputWidth, void @empty_8, i32 0, i32 0, void @empty_0, i32 0, i32 0, void @empty_0, void @empty_0, void @empty_0, i32 0, i32 0, i32 0, i32 0, void @empty_0, void @empty_0, i32 4294967295, i32 0"   --->   Operation 78 'specinterface' 'specinterface_ln0' <Predicate = true> <Delay = 0.00>
ST_8 : Operation 79 [1/1] (0.00ns)   --->   "%specbitsmap_ln0 = specbitsmap void @_ssdm_op_SpecBitsMap, i32 %inputHeight"   --->   Operation 79 'specbitsmap' 'specbitsmap_ln0' <Predicate = true> <Delay = 0.00>
ST_8 : Operation 80 [1/1] (0.00ns)   --->   "%specinterface_ln0 = specinterface void @_ssdm_op_SpecInterface, i32 %inputHeight, void @empty_4, i32 0, i32 0, void @empty_0, i32 0, i32 0, void @empty_5, void @empty_14, void @empty_0, i32 0, i32 0, i32 0, i32 0, void @empty_0, void @empty_0, i32 4294967295, i32 0"   --->   Operation 80 'specinterface' 'specinterface_ln0' <Predicate = true> <Delay = 0.00>
ST_8 : Operation 81 [1/1] (0.00ns)   --->   "%specinterface_ln0 = specinterface void @_ssdm_op_SpecInterface, i32 %inputHeight, void @empty_8, i32 0, i32 0, void @empty_0, i32 0, i32 0, void @empty_0, void @empty_0, void @empty_0, i32 0, i32 0, i32 0, i32 0, void @empty_0, void @empty_0, i32 4294967295, i32 0"   --->   Operation 81 'specinterface' 'specinterface_ln0' <Predicate = true> <Delay = 0.00>
ST_8 : Operation 82 [1/1] (0.00ns)   --->   "%specbitsmap_ln0 = specbitsmap void @_ssdm_op_SpecBitsMap, i32 %convWidth"   --->   Operation 82 'specbitsmap' 'specbitsmap_ln0' <Predicate = true> <Delay = 0.00>
ST_8 : Operation 83 [1/1] (0.00ns)   --->   "%specinterface_ln0 = specinterface void @_ssdm_op_SpecInterface, i32 %convWidth, void @empty_4, i32 0, i32 0, void @empty_0, i32 0, i32 0, void @empty_5, void @empty_15, void @empty_0, i32 0, i32 0, i32 0, i32 0, void @empty_0, void @empty_0, i32 4294967295, i32 0"   --->   Operation 83 'specinterface' 'specinterface_ln0' <Predicate = true> <Delay = 0.00>
ST_8 : Operation 84 [1/1] (0.00ns)   --->   "%specinterface_ln0 = specinterface void @_ssdm_op_SpecInterface, i32 %convWidth, void @empty_8, i32 0, i32 0, void @empty_0, i32 0, i32 0, void @empty_0, void @empty_0, void @empty_0, i32 0, i32 0, i32 0, i32 0, void @empty_0, void @empty_0, i32 4294967295, i32 0"   --->   Operation 84 'specinterface' 'specinterface_ln0' <Predicate = true> <Delay = 0.00>
ST_8 : Operation 85 [1/1] (0.00ns)   --->   "%specbitsmap_ln0 = specbitsmap void @_ssdm_op_SpecBitsMap, i32 %convHeight"   --->   Operation 85 'specbitsmap' 'specbitsmap_ln0' <Predicate = true> <Delay = 0.00>
ST_8 : Operation 86 [1/1] (0.00ns)   --->   "%specinterface_ln0 = specinterface void @_ssdm_op_SpecInterface, i32 %convHeight, void @empty_4, i32 0, i32 0, void @empty_0, i32 0, i32 0, void @empty_5, void @empty_16, void @empty_0, i32 0, i32 0, i32 0, i32 0, void @empty_0, void @empty_0, i32 4294967295, i32 0"   --->   Operation 86 'specinterface' 'specinterface_ln0' <Predicate = true> <Delay = 0.00>
ST_8 : Operation 87 [1/1] (0.00ns)   --->   "%specinterface_ln0 = specinterface void @_ssdm_op_SpecInterface, i32 %convHeight, void @empty_8, i32 0, i32 0, void @empty_0, i32 0, i32 0, void @empty_0, void @empty_0, void @empty_0, i32 0, i32 0, i32 0, i32 0, void @empty_0, void @empty_0, i32 4294967295, i32 0"   --->   Operation 87 'specinterface' 'specinterface_ln0' <Predicate = true> <Delay = 0.00>
ST_8 : Operation 88 [1/1] (0.00ns)   --->   "%specinterface_ln0 = specinterface void @_ssdm_op_SpecInterface, i32 0, void @empty_4, i32 0, i32 0, void @empty_0, i32 0, i32 0, void @empty_5, void @empty_0, void @empty_0, i32 0, i32 0, i32 0, i32 0, void @empty_0, void @empty_0, i32 4294967295, i32 0"   --->   Operation 88 'specinterface' 'specinterface_ln0' <Predicate = true> <Delay = 0.00>
ST_8 : Operation 89 [1/1] (2.55ns)   --->   "%sub = add i32 %inputHeight_read, i32 4294967294"   --->   Operation 89 'add' 'sub' <Predicate = true> <Delay = 2.55> <CoreInst = "Adder">   --->   Core 1 'Adder' <Latency = 0> <II = 1> <Delay = 2.55> <FuncUnit> <Opcode : 'add' 'sub'> <InPorts = 2> <OutPorts = 1>
ST_8 : Operation 90 [1/1] (2.55ns)   --->   "%sub41 = add i32 %inputWidth_read, i32 4294967294"   --->   Operation 90 'add' 'sub41' <Predicate = true> <Delay = 2.55> <CoreInst = "Adder">   --->   Core 1 'Adder' <Latency = 0> <II = 1> <Delay = 2.55> <FuncUnit> <Opcode : 'add' 'sub'> <InPorts = 2> <OutPorts = 1>
ST_8 : Operation 91 [1/2] (6.91ns)   --->   "%mul_ln39 = mul i32 %convHeight_read, i32 %convWidth_read" [src/conv2d.cpp:39]   --->   Operation 91 'mul' 'mul_ln39' <Predicate = true> <Delay = 6.91> <CoreInst = "Multiplier">   --->   Core 3 'Multiplier' <Latency = 1> <II = 1> <Delay = 6.91> <FuncUnit> <Opcode : 'mul'> <InPorts = 2> <OutPorts = 1>
ST_8 : Operation 92 [1/5] (6.97ns)   --->   "%mul_ln13_1 = mul i96 %zext_ln13_2, i96 %zext_ln13_3" [src/conv2d.cpp:13]   --->   Operation 92 'mul' 'mul_ln13_1' <Predicate = true> <Delay = 6.97> <CoreInst = "Multiplier">   --->   Core 3 'Multiplier' <Latency = 4> <II = 1> <Delay = 6.97> <FuncUnit> <Opcode : 'mul'> <InPorts = 2> <OutPorts = 1>
ST_8 : Operation 93 [1/1] (2.47ns)   --->   "%icmp_ln44 = icmp_eq  i32 %convWidth_read, i32 0" [src/conv2d.cpp:44]   --->   Operation 93 'icmp' 'icmp_ln44' <Predicate = true> <Delay = 2.47> <CoreInst = "Cmp">   --->   Core 9 'Cmp' <Latency = 0> <II = 1> <Delay = 2.47> <FuncUnit> <Opcode : 'icmp'> <InPorts = 2> <OutPorts = 1>
ST_8 : Operation 94 [1/1] (0.00ns)   --->   "%br_ln39 = br void %loop_load_channels" [src/conv2d.cpp:39]   --->   Operation 94 'br' 'br_ln39' <Predicate = true> <Delay = 0.00>

State 9 <SV = 8> <Delay = 6.91>
ST_9 : Operation 95 [1/1] (0.00ns)   --->   "%phi_mul216_load = load i32 %phi_mul216"   --->   Operation 95 'load' 'phi_mul216_load' <Predicate = true> <Delay = 0.00>
ST_9 : Operation 96 [1/1] (0.00ns)   --->   "%phi_mul214_load = load i32 %phi_mul214"   --->   Operation 96 'load' 'phi_mul214_load' <Predicate = true> <Delay = 0.00>
ST_9 : Operation 97 [1/1] (0.00ns)   --->   "%iFilter_1 = load i32 %iFilter" [src/conv2d.cpp:39]   --->   Operation 97 'load' 'iFilter_1' <Predicate = true> <Delay = 0.00>
ST_9 : Operation 98 [1/1] (2.55ns)   --->   "%add_ln39_1 = add i32 %phi_mul216_load, i32 %numChannels_read" [src/conv2d.cpp:39]   --->   Operation 98 'add' 'add_ln39_1' <Predicate = true> <Delay = 2.55> <CoreInst = "Adder">   --->   Core 1 'Adder' <Latency = 0> <II = 1> <Delay = 2.55> <FuncUnit> <Opcode : 'add' 'sub'> <InPorts = 2> <OutPorts = 1>
ST_9 : Operation 99 [1/1] (2.55ns)   --->   "%add_ln39_2 = add i32 %phi_mul214_load, i32 %sub41" [src/conv2d.cpp:39]   --->   Operation 99 'add' 'add_ln39_2' <Predicate = true> <Delay = 2.55> <CoreInst = "Adder">   --->   Core 1 'Adder' <Latency = 0> <II = 1> <Delay = 2.55> <FuncUnit> <Opcode : 'add' 'sub'> <InPorts = 2> <OutPorts = 1>
ST_9 : Operation 100 [1/1] (2.47ns)   --->   "%icmp_ln39 = icmp_eq  i32 %iFilter_1, i32 %numFilters_read" [src/conv2d.cpp:39]   --->   Operation 100 'icmp' 'icmp_ln39' <Predicate = true> <Delay = 2.47> <CoreInst = "Cmp">   --->   Core 9 'Cmp' <Latency = 0> <II = 1> <Delay = 2.47> <FuncUnit> <Opcode : 'icmp'> <InPorts = 2> <OutPorts = 1>
ST_9 : Operation 101 [1/1] (2.55ns)   --->   "%add_ln39 = add i32 %iFilter_1, i32 1" [src/conv2d.cpp:39]   --->   Operation 101 'add' 'add_ln39' <Predicate = true> <Delay = 2.55> <CoreInst = "Adder">   --->   Core 1 'Adder' <Latency = 0> <II = 1> <Delay = 2.55> <FuncUnit> <Opcode : 'add' 'sub'> <InPorts = 2> <OutPorts = 1>
ST_9 : Operation 102 [1/1] (0.00ns)   --->   "%br_ln39 = br i1 %icmp_ln39, void %loop_load_channels.split, void %for.end104.loopexit" [src/conv2d.cpp:39]   --->   Operation 102 'br' 'br_ln39' <Predicate = true> <Delay = 0.00>
ST_9 : Operation 103 [2/2] (6.91ns)   --->   "%empty_45 = mul i32 %phi_mul216_load, i32 %mul_ln39" [src/conv2d.cpp:39]   --->   Operation 103 'mul' 'empty_45' <Predicate = (!icmp_ln39)> <Delay = 6.91> <CoreInst = "Multiplier">   --->   Core 3 'Multiplier' <Latency = 1> <II = 1> <Delay = 6.91> <FuncUnit> <Opcode : 'mul'> <InPorts = 2> <OutPorts = 1>
ST_9 : Operation 104 [1/1] (0.00ns)   --->   "%ret_ln82 = ret" [src/conv2d.cpp:82]   --->   Operation 104 'ret' 'ret_ln82' <Predicate = (icmp_ln39)> <Delay = 0.00>

State 10 <SV = 9> <Delay = 6.91>
ST_10 : Operation 105 [1/2] (6.91ns)   --->   "%empty_45 = mul i32 %phi_mul216_load, i32 %mul_ln39" [src/conv2d.cpp:39]   --->   Operation 105 'mul' 'empty_45' <Predicate = true> <Delay = 6.91> <CoreInst = "Multiplier">   --->   Core 3 'Multiplier' <Latency = 1> <II = 1> <Delay = 6.91> <FuncUnit> <Opcode : 'mul'> <InPorts = 2> <OutPorts = 1>

State 11 <SV = 10> <Delay = 6.91>
ST_11 : Operation 106 [2/2] (6.91ns)   --->   "%empty = mul i32 %phi_mul214_load, i32 %sub"   --->   Operation 106 'mul' 'empty' <Predicate = true> <Delay = 6.91> <CoreInst = "Multiplier">   --->   Core 3 'Multiplier' <Latency = 1> <II = 1> <Delay = 6.91> <FuncUnit> <Opcode : 'mul'> <InPorts = 2> <OutPorts = 1>
ST_11 : Operation 107 [2/2] (0.00ns)   --->   "%call_ln39 = call void @Conv2D_HW_Pipeline_loop_load_coef_x, i32 %gmem1, i32 %mul_ln39, i32 %convWidth_read, i32 %empty_45, i96 %mul_ln13_1, i32 %filterCoeffs, i32 %filterCoeffs_8, i32 %filterCoeffs_7, i32 %filterCoeffs_6, i32 %filterCoeffs_5, i32 %filterCoeffs_4, i32 %filterCoeffs_3, i32 %filterCoeffs_2, i32 %filterCoeffs_1, i64 %mul_ln13, i32 %empty_45, i1 %icmp_ln44, i64 %coeffs_read" [src/conv2d.cpp:39]   --->   Operation 107 'call' 'call_ln39' <Predicate = true> <Delay = 0.00> <CoreType = "Generic">   --->   Core 0 '' <Latency = 0> <II = 1> <Delay = 1.00> <Generic> <Opcode : >

State 12 <SV = 11> <Delay = 6.91>
ST_12 : Operation 108 [1/1] (0.00ns)   --->   "%specloopname_ln39 = specloopname void @_ssdm_op_SpecLoopName, void @empty_22" [src/conv2d.cpp:39]   --->   Operation 108 'specloopname' 'specloopname_ln39' <Predicate = true> <Delay = 0.00>
ST_12 : Operation 109 [1/2] (6.91ns)   --->   "%empty = mul i32 %phi_mul214_load, i32 %sub"   --->   Operation 109 'mul' 'empty' <Predicate = true> <Delay = 6.91> <CoreInst = "Multiplier">   --->   Core 3 'Multiplier' <Latency = 1> <II = 1> <Delay = 6.91> <FuncUnit> <Opcode : 'mul'> <InPorts = 2> <OutPorts = 1>
ST_12 : Operation 110 [1/2] (0.00ns)   --->   "%call_ln39 = call void @Conv2D_HW_Pipeline_loop_load_coef_x, i32 %gmem1, i32 %mul_ln39, i32 %convWidth_read, i32 %empty_45, i96 %mul_ln13_1, i32 %filterCoeffs, i32 %filterCoeffs_8, i32 %filterCoeffs_7, i32 %filterCoeffs_6, i32 %filterCoeffs_5, i32 %filterCoeffs_4, i32 %filterCoeffs_3, i32 %filterCoeffs_2, i32 %filterCoeffs_1, i64 %mul_ln13, i32 %empty_45, i1 %icmp_ln44, i64 %coeffs_read" [src/conv2d.cpp:39]   --->   Operation 110 'call' 'call_ln39' <Predicate = true> <Delay = 0.00> <CoreType = "Generic">   --->   Core 0 '' <Latency = 0> <II = 1> <Delay = 1.00> <Generic> <Opcode : >
ST_12 : Operation 111 [1/1] (0.00ns)   --->   "%zext_ln56 = zext i32 %empty" [src/conv2d.cpp:56]   --->   Operation 111 'zext' 'zext_ln56' <Predicate = true> <Delay = 0.00>
ST_12 : Operation 112 [1/1] (1.58ns)   --->   "%br_ln56 = br void %loop_convolve_x" [src/conv2d.cpp:56]   --->   Operation 112 'br' 'br_ln56' <Predicate = true> <Delay = 1.58>

State 13 <SV = 12> <Delay = 6.07>
ST_13 : Operation 113 [1/1] (0.00ns)   --->   "%y = phi i32 %add_ln56, void %for.inc99.loopexit, i32 0, void %loop_load_channels.split" [src/conv2d.cpp:56]   --->   Operation 113 'phi' 'y' <Predicate = true> <Delay = 0.00>
ST_13 : Operation 114 [1/1] (0.00ns)   --->   "%phi_mul = phi i32 %add_ln56_2, void %for.inc99.loopexit, i32 0, void %loop_load_channels.split" [src/conv2d.cpp:56]   --->   Operation 114 'phi' 'phi_mul' <Predicate = true> <Delay = 0.00>
ST_13 : Operation 115 [1/1] (0.00ns)   --->   "%phi_mul211 = phi i32 %add_ln56_1, void %for.inc99.loopexit, i32 0, void %loop_load_channels.split" [src/conv2d.cpp:56]   --->   Operation 115 'phi' 'phi_mul211' <Predicate = true> <Delay = 0.00>
ST_13 : Operation 116 [1/1] (2.55ns)   --->   "%add_ln56_1 = add i32 %phi_mul211, i32 %inputWidth_read" [src/conv2d.cpp:56]   --->   Operation 116 'add' 'add_ln56_1' <Predicate = true> <Delay = 2.55> <CoreInst = "Adder">   --->   Core 1 'Adder' <Latency = 0> <II = 1> <Delay = 2.55> <FuncUnit> <Opcode : 'add' 'sub'> <InPorts = 2> <OutPorts = 1>
ST_13 : Operation 117 [1/1] (2.55ns)   --->   "%add_ln56_2 = add i32 %phi_mul, i32 %sub41" [src/conv2d.cpp:56]   --->   Operation 117 'add' 'add_ln56_2' <Predicate = true> <Delay = 2.55> <CoreInst = "Adder">   --->   Core 1 'Adder' <Latency = 0> <II = 1> <Delay = 2.55> <FuncUnit> <Opcode : 'add' 'sub'> <InPorts = 2> <OutPorts = 1>
ST_13 : Operation 118 [1/1] (2.47ns)   --->   "%icmp_ln56 = icmp_eq  i32 %y, i32 %sub" [src/conv2d.cpp:56]   --->   Operation 118 'icmp' 'icmp_ln56' <Predicate = true> <Delay = 2.47> <CoreInst = "Cmp">   --->   Core 9 'Cmp' <Latency = 0> <II = 1> <Delay = 2.47> <FuncUnit> <Opcode : 'icmp'> <InPorts = 2> <OutPorts = 1>
ST_13 : Operation 119 [1/1] (2.55ns)   --->   "%add_ln56 = add i32 %y, i32 1" [src/conv2d.cpp:56]   --->   Operation 119 'add' 'add_ln56' <Predicate = true> <Delay = 2.55> <CoreInst = "Adder">   --->   Core 1 'Adder' <Latency = 0> <II = 1> <Delay = 2.55> <FuncUnit> <Opcode : 'add' 'sub'> <InPorts = 2> <OutPorts = 1>
ST_13 : Operation 120 [1/1] (0.00ns)   --->   "%br_ln56 = br i1 %icmp_ln56, void %loop_convolve_x.split, void %for.inc102.loopexit" [src/conv2d.cpp:56]   --->   Operation 120 'br' 'br_ln56' <Predicate = true> <Delay = 0.00>
ST_13 : Operation 121 [1/1] (0.00ns)   --->   "%p_cast = zext i32 %phi_mul" [src/conv2d.cpp:56]   --->   Operation 121 'zext' 'p_cast' <Predicate = (!icmp_ln56)> <Delay = 0.00>
ST_13 : Operation 122 [1/1] (2.55ns)   --->   "%empty_46 = add i33 %p_cast, i33 %zext_ln56" [src/conv2d.cpp:56]   --->   Operation 122 'add' 'empty_46' <Predicate = (!icmp_ln56)> <Delay = 2.55> <CoreInst = "Adder">   --->   Core 1 'Adder' <Latency = 0> <II = 1> <Delay = 2.55> <FuncUnit> <Opcode : 'add' 'sub'> <InPorts = 2> <OutPorts = 1>
ST_13 : Operation 123 [1/1] (0.00ns)   --->   "%tmp_3 = bitconcatenate i35 @_ssdm_op_BitConcatenate.i35.i33.i2, i33 %empty_46, i2 0" [src/conv2d.cpp:56]   --->   Operation 123 'bitconcatenate' 'tmp_3' <Predicate = (!icmp_ln56)> <Delay = 0.00>
ST_13 : Operation 124 [1/1] (0.00ns)   --->   "%p_cast12 = zext i35 %tmp_3" [src/conv2d.cpp:56]   --->   Operation 124 'zext' 'p_cast12' <Predicate = (!icmp_ln56)> <Delay = 0.00>
ST_13 : Operation 125 [1/1] (3.52ns)   --->   "%empty_47 = add i64 %p_cast12, i64 %output_r_read" [src/conv2d.cpp:56]   --->   Operation 125 'add' 'empty_47' <Predicate = (!icmp_ln56)> <Delay = 3.52> <CoreInst = "Adder">   --->   Core 1 'Adder' <Latency = 0> <II = 1> <Delay = 3.52> <FuncUnit> <Opcode : 'add' 'sub'> <InPorts = 2> <OutPorts = 1>
ST_13 : Operation 126 [1/1] (0.00ns)   --->   "%trunc_ln1 = partselect i62 @_ssdm_op_PartSelect.i62.i64.i32.i32, i64 %empty_47, i32 2, i32 63" [src/conv2d.cpp:57]   --->   Operation 126 'partselect' 'trunc_ln1' <Predicate = (!icmp_ln56)> <Delay = 0.00>
ST_13 : Operation 127 [1/1] (0.00ns)   --->   "%sext_ln57 = sext i62 %trunc_ln1" [src/conv2d.cpp:57]   --->   Operation 127 'sext' 'sext_ln57' <Predicate = (!icmp_ln56)> <Delay = 0.00>
ST_13 : Operation 128 [1/1] (0.00ns)   --->   "%gmem0_addr = getelementptr i32 %gmem0, i64 %sext_ln57" [src/conv2d.cpp:57]   --->   Operation 128 'getelementptr' 'gmem0_addr' <Predicate = (!icmp_ln56)> <Delay = 0.00>
ST_13 : Operation 129 [1/1] (1.58ns)   --->   "%store_ln39 = store i32 %add_ln39, i32 %iFilter" [src/conv2d.cpp:39]   --->   Operation 129 'store' 'store_ln39' <Predicate = (icmp_ln56)> <Delay = 1.58>
ST_13 : Operation 130 [1/1] (1.58ns)   --->   "%store_ln39 = store i32 %add_ln39_2, i32 %phi_mul214" [src/conv2d.cpp:39]   --->   Operation 130 'store' 'store_ln39' <Predicate = (icmp_ln56)> <Delay = 1.58>
ST_13 : Operation 131 [1/1] (1.58ns)   --->   "%store_ln39 = store i32 %add_ln39_1, i32 %phi_mul216" [src/conv2d.cpp:39]   --->   Operation 131 'store' 'store_ln39' <Predicate = (icmp_ln56)> <Delay = 1.58>
ST_13 : Operation 132 [1/1] (0.00ns)   --->   "%br_ln39 = br void %loop_load_channels" [src/conv2d.cpp:39]   --->   Operation 132 'br' 'br_ln39' <Predicate = (icmp_ln56)> <Delay = 0.00>

State 14 <SV = 13> <Delay = 7.30>
ST_14 : Operation 133 [1/1] (0.00ns)   --->   "%specloopname_ln56 = specloopname void @_ssdm_op_SpecLoopName, void @empty_21" [src/conv2d.cpp:56]   --->   Operation 133 'specloopname' 'specloopname_ln56' <Predicate = true> <Delay = 0.00>
ST_14 : Operation 134 [1/1] (7.30ns)   --->   "%empty_48 = writereq i1 @_ssdm_op_WriteReq.m_axi.p1i32, i32 %gmem0_addr, i32 %sub41" [src/conv2d.cpp:57]   --->   Operation 134 'writereq' 'empty_48' <Predicate = true> <Delay = 7.30> <CoreInst = "m_axi">   --->   Core 113 'm_axi' <Latency = 0> <II = 1> <Delay = 1.00> <Adapter> <Opcode : 'read' 'write' 'readreq' 'writereq' 'writeresp'>
ST_14 : Operation 135 [1/1] (1.58ns)   --->   "%br_ln57 = br void %loop_acc_channels" [src/conv2d.cpp:57]   --->   Operation 135 'br' 'br_ln57' <Predicate = true> <Delay = 1.58>

State 15 <SV = 14> <Delay = 2.55>
ST_15 : Operation 136 [1/1] (0.00ns)   --->   "%x = phi i32 %add_ln57, void %loop_acc_channels.split, i32 0, void %loop_convolve_x.split" [src/conv2d.cpp:57]   --->   Operation 136 'phi' 'x' <Predicate = true> <Delay = 0.00>
ST_15 : Operation 137 [1/1] (2.47ns)   --->   "%icmp_ln57 = icmp_eq  i32 %x, i32 %sub41" [src/conv2d.cpp:57]   --->   Operation 137 'icmp' 'icmp_ln57' <Predicate = true> <Delay = 2.47> <CoreInst = "Cmp">   --->   Core 9 'Cmp' <Latency = 0> <II = 1> <Delay = 2.47> <FuncUnit> <Opcode : 'icmp'> <InPorts = 2> <OutPorts = 1>
ST_15 : Operation 138 [1/1] (2.55ns)   --->   "%add_ln57 = add i32 %x, i32 1" [src/conv2d.cpp:57]   --->   Operation 138 'add' 'add_ln57' <Predicate = true> <Delay = 2.55> <CoreInst = "Adder">   --->   Core 1 'Adder' <Latency = 0> <II = 1> <Delay = 2.55> <FuncUnit> <Opcode : 'add' 'sub'> <InPorts = 2> <OutPorts = 1>
ST_15 : Operation 139 [1/1] (0.00ns)   --->   "%br_ln57 = br i1 %icmp_ln57, void %loop_acc_channels.split, void %for.inc99.loopexit" [src/conv2d.cpp:57]   --->   Operation 139 'br' 'br_ln57' <Predicate = true> <Delay = 0.00>
ST_15 : Operation 140 [2/2] (0.00ns)   --->   "%call_ln56 = call void @Conv2D_HW_Pipeline_loop_acc_x, i32 %gmem0, i32 %inputWidth_read, i32 %inputHeight_read, i32 %y, i96 %mul_ln13_1, i32 %convWidth_read, i64 %mul_ln13, i32 %phi_mul211, i1 %icmp_ln44, i32 %x, i64 %input_r_read, i32 %filterCoeffs, i32 %filterCoeffs_1, i32 %filterCoeffs_2, i32 %filterCoeffs_3, i32 %filterCoeffs_4, i32 %filterCoeffs_5, i32 %filterCoeffs_6, i32 %filterCoeffs_7, i32 %filterCoeffs_8, i32 %acc_loc" [src/conv2d.cpp:56]   --->   Operation 140 'call' 'call_ln56' <Predicate = (!icmp_ln57)> <Delay = 0.00> <CoreType = "Generic">   --->   Core 0 '' <Latency = 0> <II = 1> <Delay = 1.00> <Generic> <Opcode : >

State 16 <SV = 15> <Delay = 0.00>
ST_16 : Operation 141 [1/2] (0.00ns)   --->   "%call_ln56 = call void @Conv2D_HW_Pipeline_loop_acc_x, i32 %gmem0, i32 %inputWidth_read, i32 %inputHeight_read, i32 %y, i96 %mul_ln13_1, i32 %convWidth_read, i64 %mul_ln13, i32 %phi_mul211, i1 %icmp_ln44, i32 %x, i64 %input_r_read, i32 %filterCoeffs, i32 %filterCoeffs_1, i32 %filterCoeffs_2, i32 %filterCoeffs_3, i32 %filterCoeffs_4, i32 %filterCoeffs_5, i32 %filterCoeffs_6, i32 %filterCoeffs_7, i32 %filterCoeffs_8, i32 %acc_loc" [src/conv2d.cpp:56]   --->   Operation 141 'call' 'call_ln56' <Predicate = true> <Delay = 0.00> <CoreType = "Generic">   --->   Core 0 '' <Latency = 0> <II = 1> <Delay = 1.00> <Generic> <Opcode : >

State 17 <SV = 16> <Delay = 7.30>
ST_17 : Operation 142 [1/1] (0.00ns)   --->   "%specloopname_ln57 = specloopname void @_ssdm_op_SpecLoopName, void @empty_20" [src/conv2d.cpp:57]   --->   Operation 142 'specloopname' 'specloopname_ln57' <Predicate = true> <Delay = 0.00>
ST_17 : Operation 143 [1/1] (0.00ns)   --->   "%acc_loc_load = load i32 %acc_loc"   --->   Operation 143 'load' 'acc_loc_load' <Predicate = true> <Delay = 0.00>
ST_17 : Operation 144 [1/1] (7.30ns)   --->   "%write_ln77 = write void @_ssdm_op_Write.m_axi.p1i32, i32 %gmem0_addr, i32 %acc_loc_load, i4 15" [src/conv2d.cpp:77]   --->   Operation 144 'write' 'write_ln77' <Predicate = true> <Delay = 7.30> <CoreInst = "m_axi">   --->   Core 113 'm_axi' <Latency = 0> <II = 1> <Delay = 1.00> <Adapter> <Opcode : 'read' 'write' 'readreq' 'writereq' 'writeresp'>
ST_17 : Operation 145 [1/1] (0.00ns)   --->   "%br_ln57 = br void %loop_acc_channels" [src/conv2d.cpp:57]   --->   Operation 145 'br' 'br_ln57' <Predicate = true> <Delay = 0.00>

State 18 <SV = 15> <Delay = 7.30>
ST_18 : Operation 146 [5/5] (7.30ns)   --->   "%empty_49 = writeresp i1 @_ssdm_op_WriteResp.m_axi.p1i32, i32 %gmem0_addr" [src/conv2d.cpp:56]   --->   Operation 146 'writeresp' 'empty_49' <Predicate = true> <Delay = 7.30> <CoreInst = "m_axi">   --->   Core 113 'm_axi' <Latency = 0> <II = 1> <Delay = 1.00> <Adapter> <Opcode : 'read' 'write' 'readreq' 'writereq' 'writeresp'>

State 19 <SV = 16> <Delay = 7.30>
ST_19 : Operation 147 [4/5] (7.30ns)   --->   "%empty_49 = writeresp i1 @_ssdm_op_WriteResp.m_axi.p1i32, i32 %gmem0_addr" [src/conv2d.cpp:56]   --->   Operation 147 'writeresp' 'empty_49' <Predicate = true> <Delay = 7.30> <CoreInst = "m_axi">   --->   Core 113 'm_axi' <Latency = 0> <II = 1> <Delay = 1.00> <Adapter> <Opcode : 'read' 'write' 'readreq' 'writereq' 'writeresp'>

State 20 <SV = 17> <Delay = 7.30>
ST_20 : Operation 148 [3/5] (7.30ns)   --->   "%empty_49 = writeresp i1 @_ssdm_op_WriteResp.m_axi.p1i32, i32 %gmem0_addr" [src/conv2d.cpp:56]   --->   Operation 148 'writeresp' 'empty_49' <Predicate = true> <Delay = 7.30> <CoreInst = "m_axi">   --->   Core 113 'm_axi' <Latency = 0> <II = 1> <Delay = 1.00> <Adapter> <Opcode : 'read' 'write' 'readreq' 'writereq' 'writeresp'>

State 21 <SV = 18> <Delay = 7.30>
ST_21 : Operation 149 [2/5] (7.30ns)   --->   "%empty_49 = writeresp i1 @_ssdm_op_WriteResp.m_axi.p1i32, i32 %gmem0_addr" [src/conv2d.cpp:56]   --->   Operation 149 'writeresp' 'empty_49' <Predicate = true> <Delay = 7.30> <CoreInst = "m_axi">   --->   Core 113 'm_axi' <Latency = 0> <II = 1> <Delay = 1.00> <Adapter> <Opcode : 'read' 'write' 'readreq' 'writereq' 'writeresp'>

State 22 <SV = 19> <Delay = 7.30>
ST_22 : Operation 150 [1/5] (7.30ns)   --->   "%empty_49 = writeresp i1 @_ssdm_op_WriteResp.m_axi.p1i32, i32 %gmem0_addr" [src/conv2d.cpp:56]   --->   Operation 150 'writeresp' 'empty_49' <Predicate = true> <Delay = 7.30> <CoreInst = "m_axi">   --->   Core 113 'm_axi' <Latency = 0> <II = 1> <Delay = 1.00> <Adapter> <Opcode : 'read' 'write' 'readreq' 'writereq' 'writeresp'>
ST_22 : Operation 151 [1/1] (0.00ns)   --->   "%br_ln56 = br void %loop_convolve_x" [src/conv2d.cpp:56]   --->   Operation 151 'br' 'br_ln56' <Predicate = true> <Delay = 0.00>


============================================================
+ Verbose Summary: Timing violations
============================================================
Target clock period: 10ns, clock uncertainty: 2.7ns.

 <State 1>: 1.59ns
The critical path consists of the following:
	'alloca' operation ('iFilter') [14]  (0 ns)
	'store' operation ('store_ln39', src/conv2d.cpp:39) of constant 0 on local variable 'iFilter' [74]  (1.59 ns)

 <State 2>: 6.91ns
The critical path consists of the following:
	'mul' operation ('mul_ln13', src/conv2d.cpp:13) [69]  (6.91 ns)

 <State 3>: 6.91ns
The critical path consists of the following:
	'mul' operation ('mul_ln13', src/conv2d.cpp:13) [69]  (6.91 ns)

 <State 4>: 6.98ns
The critical path consists of the following:
	'mul' operation ('mul_ln13_1', src/conv2d.cpp:13) [72]  (6.98 ns)

 <State 5>: 6.98ns
The critical path consists of the following:
	'mul' operation ('mul_ln13_1', src/conv2d.cpp:13) [72]  (6.98 ns)

 <State 6>: 6.98ns
The critical path consists of the following:
	'mul' operation ('mul_ln13_1', src/conv2d.cpp:13) [72]  (6.98 ns)

 <State 7>: 6.98ns
The critical path consists of the following:
	'mul' operation ('mul_ln13_1', src/conv2d.cpp:13) [72]  (6.98 ns)

 <State 8>: 6.98ns
The critical path consists of the following:
	'mul' operation ('mul_ln13_1', src/conv2d.cpp:13) [72]  (6.98 ns)

 <State 9>: 6.91ns
The critical path consists of the following:
	'load' operation ('phi_mul216_load') on local variable 'phi_mul216' [79]  (0 ns)
	'mul' operation ('empty_45', src/conv2d.cpp:39) [90]  (6.91 ns)

 <State 10>: 6.91ns
The critical path consists of the following:
	'mul' operation ('empty_45', src/conv2d.cpp:39) [90]  (6.91 ns)

 <State 11>: 6.91ns
The critical path consists of the following:
	'mul' operation ('empty') [89]  (6.91 ns)

 <State 12>: 6.91ns
The critical path consists of the following:
	'mul' operation ('empty') [89]  (6.91 ns)

 <State 13>: 6.07ns
The critical path consists of the following:
	'phi' operation ('phi_mul', src/conv2d.cpp:56) with incoming values : ('add_ln56_2', src/conv2d.cpp:56) [96]  (0 ns)
	'add' operation ('empty_46', src/conv2d.cpp:56) [106]  (2.55 ns)
	'add' operation ('empty_47', src/conv2d.cpp:56) [109]  (3.52 ns)

 <State 14>: 7.3ns
The critical path consists of the following:
	bus request operation ('empty_48', src/conv2d.cpp:57) on port 'gmem0' (src/conv2d.cpp:57) [113]  (7.3 ns)

 <State 15>: 2.55ns
The critical path consists of the following:
	'phi' operation ('x', src/conv2d.cpp:57) with incoming values : ('add_ln57', src/conv2d.cpp:57) [116]  (0 ns)
	'add' operation ('add_ln57', src/conv2d.cpp:57) [118]  (2.55 ns)

 <State 16>: 0ns
The critical path consists of the following:

 <State 17>: 7.3ns
The critical path consists of the following:
	'load' operation ('acc_loc_load') on local variable 'acc_loc' [123]  (0 ns)
	bus write operation ('write_ln77', src/conv2d.cpp:77) on port 'gmem0' (src/conv2d.cpp:77) [124]  (7.3 ns)

 <State 18>: 7.3ns
The critical path consists of the following:
	bus response operation ('empty_49', src/conv2d.cpp:56) on port 'gmem0' (src/conv2d.cpp:56) [127]  (7.3 ns)

 <State 19>: 7.3ns
The critical path consists of the following:
	bus response operation ('empty_49', src/conv2d.cpp:56) on port 'gmem0' (src/conv2d.cpp:56) [127]  (7.3 ns)

 <State 20>: 7.3ns
The critical path consists of the following:
	bus response operation ('empty_49', src/conv2d.cpp:56) on port 'gmem0' (src/conv2d.cpp:56) [127]  (7.3 ns)

 <State 21>: 7.3ns
The critical path consists of the following:
	bus response operation ('empty_49', src/conv2d.cpp:56) on port 'gmem0' (src/conv2d.cpp:56) [127]  (7.3 ns)

 <State 22>: 7.3ns
The critical path consists of the following:
	bus response operation ('empty_49', src/conv2d.cpp:56) on port 'gmem0' (src/conv2d.cpp:56) [127]  (7.3 ns)


============================================================
+ Verbose Summary: Binding
============================================================
N/A
* FSMD analyzer results:
  - Output states:
 - Input state : 
  - Chain level:
	State 1
	State 2
	State 3
	State 4
	State 5
	State 6
	State 7
	State 8
	State 9
	State 10
	State 11
	State 12
	State 13
	State 14
	State 15
	State 16
	State 17
	State 18
	State 19
	State 20
	State 21
	State 22


============================================================
+ Verbose Summary: Datapath Resource usage 
============================================================
N/A
