C:\Users\stavs\Documents\Lab_HW_SW\Midterm_V2\CNN_PROJECT\Conv2D_HW_InitVersion\Lab_HW_SW_CNN_Dogs_Cats_2026\Task2\Task2_Vitis\solution1\.autopilot\db\conv2d.pp.0.cpp:1567:7: warning: Added loop label VITIS_LOOP_1211_1:   [xilinx-label-all-loops]
      for (i = 0; i < __N - 1; ++i) {
      ^~~
      VITIS_LOOP_1211_1: 
C:\Users\stavs\Documents\Lab_HW_SW\Midterm_V2\CNN_PROJECT\Conv2D_HW_InitVersion\Lab_HW_SW_CNN_Dogs_Cats_2026\Task2\Task2_Vitis\solution1\.autopilot\db\conv2d.pp.0.cpp:1567:7: note: FIX-IT applied suggested code changes
C:\Users\stavs\Documents\Lab_HW_SW\Midterm_V2\CNN_PROJECT\Conv2D_HW_InitVersion\Lab_HW_SW_CNN_Dogs_Cats_2026\Task2\Task2_Vitis\solution1\.autopilot\db\conv2d.pp.0.cpp:2541:5: warning: Added loop label VITIS_LOOP_676_1:   [xilinx-label-all-loops]
    for (unsigned i = low; i != high; ++i) {
    ^~~
    VITIS_LOOP_676_1: 
C:\Users\stavs\Documents\Lab_HW_SW\Midterm_V2\CNN_PROJECT\Conv2D_HW_InitVersion\Lab_HW_SW_CNN_Dogs_Cats_2026\Task2\Task2_Vitis\solution1\.autopilot\db\conv2d.pp.0.cpp:2541:5: note: FIX-IT applied suggested code changes
C:\Users\stavs\Documents\Lab_HW_SW\Midterm_V2\CNN_PROJECT\Conv2D_HW_InitVersion\Lab_HW_SW_CNN_Dogs_Cats_2026\Task2\Task2_Vitis\solution1\.autopilot\db\conv2d.pp.0.cpp:2555:5: warning: Added loop label VITIS_LOOP_690_1:   [xilinx-label-all-loops]
    for (unsigned i = low; i != high; ++i) {
    ^~~
    VITIS_LOOP_690_1: 
C:\Users\stavs\Documents\Lab_HW_SW\Midterm_V2\CNN_PROJECT\Conv2D_HW_InitVersion\Lab_HW_SW_CNN_Dogs_Cats_2026\Task2\Task2_Vitis\solution1\.autopilot\db\conv2d.pp.0.cpp:2555:5: note: FIX-IT applied suggested code changes
C:\Users\stavs\Documents\Lab_HW_SW\Midterm_V2\CNN_PROJECT\Conv2D_HW_InitVersion\Lab_HW_SW_CNN_Dogs_Cats_2026\Task2\Task2_Vitis\solution1\.autopilot\db\conv2d.pp.0.cpp:2569:5: warning: Added loop label VITIS_LOOP_704_1:   [xilinx-label-all-loops]
    for (unsigned i = low; i != high; ++i) {
    ^~~
    VITIS_LOOP_704_1: 
C:\Users\stavs\Documents\Lab_HW_SW\Midterm_V2\CNN_PROJECT\Conv2D_HW_InitVersion\Lab_HW_SW_CNN_Dogs_Cats_2026\Task2\Task2_Vitis\solution1\.autopilot\db\conv2d.pp.0.cpp:2569:5: note: FIX-IT applied suggested code changes
C:\Users\stavs\Documents\Lab_HW_SW\Midterm_V2\CNN_PROJECT\Conv2D_HW_InitVersion\Lab_HW_SW_CNN_Dogs_Cats_2026\Task2\Task2_Vitis\solution1\.autopilot\db\conv2d.pp.0.cpp:4168:7: warning: Added loop label VITIS_LOOP_1245_1:   [xilinx-label-all-loops]
      for (i = 0; i < __N - 1; ++i) {
      ^~~
      VITIS_LOOP_1245_1: 
C:\Users\stavs\Documents\Lab_HW_SW\Midterm_V2\CNN_PROJECT\Conv2D_HW_InitVersion\Lab_HW_SW_CNN_Dogs_Cats_2026\Task2\Task2_Vitis\solution1\.autopilot\db\conv2d.pp.0.cpp:4168:7: note: FIX-IT applied suggested code changes
